Analysis & Synthesis report for Az7
Wed May 17 15:10:53 2023
Quartus II Version 9.0 Build 132 02/25/2009 SJ Web Edition


---------------------
; Table of Contents ;
---------------------
  1. Legal Notice
  2. Analysis & Synthesis Summary
  3. Analysis & Synthesis Settings
  4. Analysis & Synthesis Source Files Read
  5. Analysis & Synthesis Resource Usage Summary
  6. Analysis & Synthesis Resource Utilization by Entity
  7. State Machine - |UART|RX:rx|state
  8. State Machine - |UART|TX:tx|state
  9. Registers Removed During Synthesis
 10. General Register Statistics
 11. Inverted Register Statistics
 12. Multiplexer Restructuring Statistics (Restructuring Performed)
 13. Parameter Settings for User Entity Instance: TX:tx
 14. Parameter Settings for User Entity Instance: RX:rx
 15. Analysis & Synthesis Messages
 16. Analysis & Synthesis Suppressed Messages



----------------
; Legal Notice ;
----------------
Copyright (C) 1991-2009 Altera Corporation
Your use of Altera Corporation's design tools, logic functions 
and other software and tools, and its AMPP partner logic 
functions, and any output files from any of the foregoing 
(including device programming or simulation files), and any 
associated documentation or information are expressly subject 
to the terms and conditions of the Altera Program License 
Subscription Agreement, Altera MegaCore Function License 
Agreement, or other applicable license agreement, including, 
without limitation, that your use is for the sole purpose of 
programming logic devices manufactured by Altera and sold by 
Altera or its authorized distributors.  Please refer to the 
applicable agreement for further details.



+------------------------------------------------------------------------------+
; Analysis & Synthesis Summary                                                 ;
+------------------------------------+-----------------------------------------+
; Analysis & Synthesis Status        ; Successful - Wed May 17 15:10:53 2023   ;
; Quartus II Version                 ; 9.0 Build 132 02/25/2009 SJ Web Edition ;
; Revision Name                      ; Az7                                     ;
; Top-level Entity Name              ; UART                                    ;
; Family                             ; Cyclone II                              ;
; Total logic elements               ; 138                                     ;
;     Total combinational functions  ; 129                                     ;
;     Dedicated logic registers      ; 67                                      ;
; Total registers                    ; 67                                      ;
; Total pins                         ; 22                                      ;
; Total virtual pins                 ; 0                                       ;
; Total memory bits                  ; 0                                       ;
; Embedded Multiplier 9-bit elements ; 0                                       ;
; Total PLLs                         ; 0                                       ;
+------------------------------------+-----------------------------------------+


+----------------------------------------------------------------------------------------------------------+
; Analysis & Synthesis Settings                                                                            ;
+----------------------------------------------------------------+--------------------+--------------------+
; Option                                                         ; Setting            ; Default Value      ;
+----------------------------------------------------------------+--------------------+--------------------+
; Device                                                         ; EP2C35F672C6       ;                    ;
; Top-level entity name                                          ; UART               ; Az7                ;
; Family name                                                    ; Cyclone II         ; Stratix II         ;
; Use Generated Physical Constraints File                        ; Off                ;                    ;
; Use smart compilation                                          ; Off                ; Off                ;
; Restructure Multiplexers                                       ; Auto               ; Auto               ;
; Create Debugging Nodes for IP Cores                            ; Off                ; Off                ;
; Preserve fewer node names                                      ; On                 ; On                 ;
; Disable OpenCore Plus hardware evaluation                      ; Off                ; Off                ;
; Verilog Version                                                ; Verilog_2001       ; Verilog_2001       ;
; VHDL Version                                                   ; VHDL93             ; VHDL93             ;
; State Machine Processing                                       ; Auto               ; Auto               ;
; Safe State Machine                                             ; Off                ; Off                ;
; Extract Verilog State Machines                                 ; On                 ; On                 ;
; Extract VHDL State Machines                                    ; On                 ; On                 ;
; Ignore Verilog initial constructs                              ; Off                ; Off                ;
; Iteration limit for constant Verilog loops                     ; 5000               ; 5000               ;
; Iteration limit for non-constant Verilog loops                 ; 250                ; 250                ;
; Add Pass-Through Logic to Inferred RAMs                        ; On                 ; On                 ;
; Parallel Synthesis                                             ; Off                ; Off                ;
; DSP Block Balancing                                            ; Auto               ; Auto               ;
; NOT Gate Push-Back                                             ; On                 ; On                 ;
; Power-Up Don't Care                                            ; On                 ; On                 ;
; Remove Redundant Logic Cells                                   ; Off                ; Off                ;
; Remove Duplicate Registers                                     ; On                 ; On                 ;
; Ignore CARRY Buffers                                           ; Off                ; Off                ;
; Ignore CASCADE Buffers                                         ; Off                ; Off                ;
; Ignore GLOBAL Buffers                                          ; Off                ; Off                ;
; Ignore ROW GLOBAL Buffers                                      ; Off                ; Off                ;
; Ignore LCELL Buffers                                           ; Off                ; Off                ;
; Ignore SOFT Buffers                                            ; On                 ; On                 ;
; Limit AHDL Integers to 32 Bits                                 ; Off                ; Off                ;
; Optimization Technique                                         ; Balanced           ; Balanced           ;
; Carry Chain Length                                             ; 70                 ; 70                 ;
; Auto Carry Chains                                              ; On                 ; On                 ;
; Auto Open-Drain Pins                                           ; On                 ; On                 ;
; Perform WYSIWYG Primitive Resynthesis                          ; Off                ; Off                ;
; Auto ROM Replacement                                           ; On                 ; On                 ;
; Auto RAM Replacement                                           ; On                 ; On                 ;
; Auto Shift Register Replacement                                ; Auto               ; Auto               ;
; Auto Clock Enable Replacement                                  ; On                 ; On                 ;
; Strict RAM Replacement                                         ; Off                ; Off                ;
; Allow Synchronous Control Signals                              ; On                 ; On                 ;
; Force Use of Synchronous Clear Signals                         ; Off                ; Off                ;
; Auto RAM to Logic Cell Conversion                              ; Off                ; Off                ;
; Auto Resource Sharing                                          ; Off                ; Off                ;
; Allow Any RAM Size For Recognition                             ; Off                ; Off                ;
; Allow Any ROM Size For Recognition                             ; Off                ; Off                ;
; Allow Any Shift Register Size For Recognition                  ; Off                ; Off                ;
; Use LogicLock Constraints during Resource Balancing            ; On                 ; On                 ;
; Ignore translate_off and synthesis_off directives              ; Off                ; Off                ;
; Timing-Driven Synthesis                                        ; Off                ; Off                ;
; Show Parameter Settings Tables in Synthesis Report             ; On                 ; On                 ;
; Ignore Maximum Fan-Out Assignments                             ; Off                ; Off                ;
; Synchronization Register Chain Length                          ; 2                  ; 2                  ;
; PowerPlay Power Optimization                                   ; Normal compilation ; Normal compilation ;
; HDL message level                                              ; Level2             ; Level2             ;
; Suppress Register Optimization Related Messages                ; Off                ; Off                ;
; Number of Removed Registers Reported in Synthesis Report       ; 100                ; 100                ;
; Number of Inverted Registers Reported in Synthesis Report      ; 100                ; 100                ;
; Clock MUX Protection                                           ; On                 ; On                 ;
; Auto Gated Clock Conversion                                    ; Off                ; Off                ;
; Block Design Naming                                            ; Auto               ; Auto               ;
; SDC constraint protection                                      ; Off                ; Off                ;
; Synthesis Effort                                               ; Auto               ; Auto               ;
; Allows Asynchronous Clear Usage For Shift Register Replacement ; On                 ; On                 ;
; Analysis & Synthesis Message Level                             ; Medium             ; Medium             ;
+----------------------------------------------------------------+--------------------+--------------------+


+--------------------------------------------------------------------------------------------------------------------+
; Analysis & Synthesis Source Files Read                                                                             ;
+----------------------------------+-----------------+------------------------+--------------------------------------+
; File Name with User-Entered Path ; Used in Netlist ; File Type              ; File Name with Absolute Path         ;
+----------------------------------+-----------------+------------------------+--------------------------------------+
; RX.v                             ; yes             ; User Verilog HDL File  ; C:/Users/user/Desktop/AZ7RF/RX.v     ;
; TX.v                             ; yes             ; User Verilog HDL File  ; C:/Users/user/Desktop/AZ7RF/TX.v     ;
; UART.v                           ; yes             ; User Verilog HDL File  ; C:/Users/user/Desktop/AZ7RF/UART.v   ;
; pulseM.v                         ; yes             ; User Verilog HDL File  ; C:/Users/user/Desktop/AZ7RF/pulseM.v ;
+----------------------------------+-----------------+------------------------+--------------------------------------+


+-----------------------------------------------------+
; Analysis & Synthesis Resource Usage Summary         ;
+---------------------------------------------+-------+
; Resource                                    ; Usage ;
+---------------------------------------------+-------+
; Estimated Total logic elements              ; 138   ;
;                                             ;       ;
; Total combinational functions               ; 129   ;
; Logic element usage by number of LUT inputs ;       ;
;     -- 4 input functions                    ; 76    ;
;     -- 3 input functions                    ; 13    ;
;     -- <=2 input functions                  ; 40    ;
;                                             ;       ;
; Logic elements by mode                      ;       ;
;     -- normal mode                          ; 98    ;
;     -- arithmetic mode                      ; 31    ;
;                                             ;       ;
; Total registers                             ; 67    ;
;     -- Dedicated logic registers            ; 67    ;
;     -- I/O registers                        ; 0     ;
;                                             ;       ;
; I/O pins                                    ; 22    ;
; Maximum fan-out node                        ; rst   ;
; Maximum fan-out                             ; 61    ;
; Total fan-out                               ; 609   ;
; Average fan-out                             ; 2.79  ;
+---------------------------------------------+-------+


+-----------------------------------------------------------------------------------------------------------------------------------------------------------------------------+
; Analysis & Synthesis Resource Utilization by Entity                                                                                                                         ;
+----------------------------+-------------------+--------------+-------------+--------------+---------+-----------+------+--------------+---------------------+--------------+
; Compilation Hierarchy Node ; LC Combinationals ; LC Registers ; Memory Bits ; DSP Elements ; DSP 9x9 ; DSP 18x18 ; Pins ; Virtual Pins ; Full Hierarchy Name ; Library Name ;
+----------------------------+-------------------+--------------+-------------+--------------+---------+-----------+------+--------------+---------------------+--------------+
; |UART                      ; 129 (0)           ; 67 (0)       ; 0           ; 0            ; 0       ; 0         ; 22   ; 0            ; |UART               ; work         ;
;    |RX:rx|                 ; 31 (31)           ; 17 (17)      ; 0           ; 0            ; 0       ; 0         ; 0    ; 0            ; |UART|RX:rx         ; work         ;
;    |TX:tx|                 ; 23 (23)           ; 17 (17)      ; 0           ; 0            ; 0       ; 0         ; 0    ; 0            ; |UART|TX:tx         ; work         ;
;    |pulseM:p|              ; 75 (75)           ; 33 (33)      ; 0           ; 0            ; 0       ; 0         ; 0    ; 0            ; |UART|pulseM:p      ; work         ;
+----------------------------+-------------------+--------------+-------------+--------------+---------+-----------+------+--------------+---------------------+--------------+
Note: For table entries with two numbers listed, the numbers in parentheses indicate the number of resources of the given type used by the specific entity alone. The numbers listed outside of parentheses indicate the total resources of the given type used by the specific entity and all of its sub-entities in the hierarchy.


Encoding Type:  One-Hot
+----------------------------------------------------------------------------------+
; State Machine - |UART|RX:rx|state                                                ;
+-----------------+--------------+----------------+-----------------+--------------+
; Name            ; state.S_STOP ; state.S_PARITY ; state.S_RECEIVE ; state.S_IDLE ;
+-----------------+--------------+----------------+-----------------+--------------+
; state.S_IDLE    ; 0            ; 0              ; 0               ; 0            ;
; state.S_RECEIVE ; 0            ; 0              ; 1               ; 1            ;
; state.S_PARITY  ; 0            ; 1              ; 0               ; 1            ;
; state.S_STOP    ; 1            ; 0              ; 0               ; 1            ;
+-----------------+--------------+----------------+-----------------+--------------+


Encoding Type:  One-Hot
+----------------------------------------------------------------------------------------------------+
; State Machine - |UART|TX:tx|state                                                                  ;
+--------------------+----------------+--------------+--------------------+-----------+--------------+
; Name               ; state.S_PARITY ; state.S_SEND ; state.S_POST_START ; state.000 ; state.S_STOP ;
+--------------------+----------------+--------------+--------------------+-----------+--------------+
; state.000          ; 0              ; 0            ; 0                  ; 0         ; 0            ;
; state.S_POST_START ; 0              ; 0            ; 1                  ; 1         ; 0            ;
; state.S_SEND       ; 0              ; 1            ; 0                  ; 1         ; 0            ;
; state.S_PARITY     ; 1              ; 0            ; 0                  ; 1         ; 0            ;
; state.S_STOP       ; 0              ; 0            ; 0                  ; 1         ; 1            ;
+--------------------+----------------+--------------+--------------------+-----------+--------------+


+------------------------------------------------------------+
; Registers Removed During Synthesis                         ;
+---------------------------------------+--------------------+
; Register name                         ; Reason for Removal ;
+---------------------------------------+--------------------+
; RX:rx|state~18                        ; Lost fanout        ;
; RX:rx|state~19                        ; Lost fanout        ;
; TX:tx|state~26                        ; Lost fanout        ;
; TX:tx|state~27                        ; Lost fanout        ;
; Total Number of Removed Registers = 4 ;                    ;
+---------------------------------------+--------------------+


+------------------------------------------------------+
; General Register Statistics                          ;
+----------------------------------------------+-------+
; Statistic                                    ; Value ;
+----------------------------------------------+-------+
; Total registers                              ; 67    ;
; Number of registers using Synchronous Clear  ; 3     ;
; Number of registers using Synchronous Load   ; 0     ;
; Number of registers using Asynchronous Clear ; 27    ;
; Number of registers using Asynchronous Load  ; 0     ;
; Number of registers using Clock Enable       ; 12    ;
; Number of registers using Preset             ; 0     ;
+----------------------------------------------+-------+


+--------------------------------------------------+
; Inverted Register Statistics                     ;
+----------------------------------------+---------+
; Inverted Register                      ; Fan out ;
+----------------------------------------+---------+
; TX:tx|s_out                            ; 2       ;
; RX:rx|last_s_in                        ; 4       ;
; pulseM:p|counter[0]                    ; 2       ;
; Total number of inverted registers = 3 ;         ;
+----------------------------------------+---------+


+------------------------------------------------------------------------------------------------------------------------------------------+
; Multiplexer Restructuring Statistics (Restructuring Performed)                                                                           ;
+--------------------+-----------+---------------+----------------------+------------------------+------------+----------------------------+
; Multiplexer Inputs ; Bus Width ; Baseline Area ; Area if Restructured ; Saving if Restructured ; Registered ; Example Multiplexer Output ;
+--------------------+-----------+---------------+----------------------+------------------------+------------+----------------------------+
; 3:1                ; 31 bits   ; 62 LEs        ; 31 LEs               ; 31 LEs                 ; Yes        ; |UART|pulseM:p|counter[4]  ;
; 4:1                ; 3 bits    ; 6 LEs         ; 3 LEs                ; 3 LEs                  ; Yes        ; |UART|RX:rx|data_index[2]  ;
; 4:1                ; 3 bits    ; 6 LEs         ; 3 LEs                ; 3 LEs                  ; Yes        ; |UART|TX:tx|data_index[2]  ;
; 6:1                ; 2 bits    ; 8 LEs         ; 4 LEs                ; 4 LEs                  ; No         ; |UART|RX:rx|Selector13     ;
; 7:1                ; 3 bits    ; 12 LEs        ; 9 LEs                ; 3 LEs                  ; No         ; |UART|TX:tx|Selector2      ;
; 8:1                ; 2 bits    ; 10 LEs        ; 4 LEs                ; 6 LEs                  ; No         ; |UART|TX:tx|Selector0      ;
+--------------------+-----------+---------------+----------------------+------------------------+------------+----------------------------+


+----------------------------------------------------+
; Parameter Settings for User Entity Instance: TX:tx ;
+----------------+-------+---------------------------+
; Parameter Name ; Value ; Type                      ;
+----------------+-------+---------------------------+
; START_SIG      ; 0     ; Signed Integer            ;
+----------------+-------+---------------------------+
Note: In order to hide this table in the UI and the text report file, please set the "Show Parameter Settings Tables in Synthesis Report" option in "Analysis and Synthesis Settings -> More Settings" to "Off".


+----------------------------------------------------+
; Parameter Settings for User Entity Instance: RX:rx ;
+----------------+-------+---------------------------+
; Parameter Name ; Value ; Type                      ;
+----------------+-------+---------------------------+
; START_SIG      ; 0     ; Signed Integer            ;
+----------------+-------+---------------------------+
Note: In order to hide this table in the UI and the text report file, please set the "Show Parameter Settings Tables in Synthesis Report" option in "Analysis and Synthesis Settings -> More Settings" to "Off".


+-------------------------------+
; Analysis & Synthesis Messages ;
+-------------------------------+
Info: *******************************************************************
Info: Running Quartus II Analysis & Synthesis
    Info: Version 9.0 Build 132 02/25/2009 SJ Web Edition
    Info: Processing started: Wed May 17 15:10:52 2023
Info: Command: quartus_map --read_settings_files=on --write_settings_files=off Az7 -c Az7
Info: Found 1 design units, including 1 entities, in source file RX.v
    Info: Found entity 1: RX
Info: Found 1 design units, including 1 entities, in source file TX.v
    Info: Found entity 1: TX
Info: Found 1 design units, including 1 entities, in source file UART.v
    Info: Found entity 1: UART
Info: Found 1 design units, including 1 entities, in source file pulseM.v
    Info: Found entity 1: pulseM
Info: Elaborating entity "UART" for the top level hierarchy
Info: Elaborating entity "pulseM" for hierarchy "pulseM:p"
Info: Elaborating entity "TX" for hierarchy "TX:tx"
Warning (10230): Verilog HDL assignment warning at TX.v(29): truncated value with size 32 to match size of target (1)
Warning (10230): Verilog HDL assignment warning at TX.v(44): truncated value with size 32 to match size of target (1)
Warning (10230): Verilog HDL assignment warning at TX.v(52): truncated value with size 32 to match size of target (3)
Info: Elaborating entity "RX" for hierarchy "RX:rx"
Warning (10230): Verilog HDL assignment warning at RX.v(49): truncated value with size 32 to match size of target (3)
Info: Registers with preset signals will power-up high
Info: DEV_CLRn pin will set, and not reset, register with preset signal due to NOT Gate Push-Back
Info: 4 registers lost all their fanouts during netlist optimizations. The first 4 are displayed below.
    Info: Register "RX:rx|state~18" lost all its fanouts during netlist optimizations.
    Info: Register "RX:rx|state~19" lost all its fanouts during netlist optimizations.
    Info: Register "TX:tx|state~26" lost all its fanouts during netlist optimizations.
    Info: Register "TX:tx|state~27" lost all its fanouts during netlist optimizations.
Warning: Ignored assignments for entity "Az7" -- entity does not exist in design
    Warning: Assignment of entity set_global_assignment -name LL_ROOT_REGION ON -entity Az7 -section_id "Root Region" is ignored
    Warning: Assignment of entity set_global_assignment -name LL_MEMBER_STATE LOCKED -entity Az7 -section_id "Root Region" is ignored
Info: Generated suppressed messages file C:/Users/user/Desktop/AZ7RF/Az7.map.smsg
Info: Implemented 161 device resources after synthesis - the final resource count might be different
    Info: Implemented 11 input pins
    Info: Implemented 11 output pins
    Info: Implemented 139 logic cells
Info: Quartus II Analysis & Synthesis was successful. 0 errors, 7 warnings
    Info: Peak virtual memory: 231 megabytes
    Info: Processing ended: Wed May 17 15:10:53 2023
    Info: Elapsed time: 00:00:01
    Info: Total CPU time (on all processors): 00:00:01


+------------------------------------------+
; Analysis & Synthesis Suppressed Messages ;
+------------------------------------------+
The suppressed messages can be found in C:/Users/user/Desktop/AZ7RF/Az7.map.smsg.


