Classic Timing Analyzer report for Az7
Wed May 17 15:11:06 2023
Quartus II Version 9.0 Build 132 02/25/2009 SJ Web Edition


---------------------
; Table of Contents ;
---------------------
  1. Legal Notice
  2. Timing Analyzer Summary
  3. Timing Analyzer Settings
  4. Clock Settings Summary
  5. Parallel Compilation
  6. Clock Setup: 'clk'
  7. tsu
  8. tco
  9. th
 10. Timing Analyzer Messages



----------------
; Legal Notice ;
----------------
Copyright (C) 1991-2009 Altera Corporation
Your use of Altera Corporation's design tools, logic functions 
and other software and tools, and its AMPP partner logic 
functions, and any output files from any of the foregoing 
(including device programming or simulation files), and any 
associated documentation or information are expressly subject 
to the terms and conditions of the Altera Program License 
Subscription Agreement, Altera MegaCore Function License 
Agreement, or other applicable license agreement, including, 
without limitation, that your use is for the sole purpose of 
programming logic devices manufactured by Altera and sold by 
Altera or its authorized distributors.  Please refer to the 
applicable agreement for further details.



+-----------------------------------------------------------------------------------------------------------------------------------------------------------------------------+
; Timing Analyzer Summary                                                                                                                                                     ;
+------------------------------+-------+---------------+----------------------------------+---------------------+----------------------+------------+----------+--------------+
; Type                         ; Slack ; Required Time ; Actual Time                      ; From                ; To                   ; From Clock ; To Clock ; Failed Paths ;
+------------------------------+-------+---------------+----------------------------------+---------------------+----------------------+------------+----------+--------------+
; Worst-case tsu               ; N/A   ; None          ; 2.630 ns                         ; rx_in_bit           ; RX:rx|data_index[1]  ; --         ; clk      ; 0            ;
; Worst-case tco               ; N/A   ; None          ; 12.147 ns                        ; TX:tx|s_out         ; tx_out_bit           ; clk        ; --       ; 0            ;
; Worst-case th                ; N/A   ; None          ; 3.367 ns                         ; data_in[1]          ; TX:tx|data[1]        ; --         ; clk      ; 0            ;
; Clock Setup: 'clk'           ; N/A   ; None          ; 205.51 MHz ( period = 4.866 ns ) ; pulseM:p|counter[0] ; pulseM:p|counter[31] ; clk        ; clk      ; 0            ;
; Total number of failed paths ;       ;               ;                                  ;                     ;                      ;            ;          ; 0            ;
+------------------------------+-------+---------------+----------------------------------+---------------------+----------------------+------------+----------+--------------+


+--------------------------------------------------------------------------------------------------------------------+
; Timing Analyzer Settings                                                                                           ;
+---------------------------------------------------------------------+--------------------+------+----+-------------+
; Option                                                              ; Setting            ; From ; To ; Entity Name ;
+---------------------------------------------------------------------+--------------------+------+----+-------------+
; Device Name                                                         ; EP2C35F672C6       ;      ;    ;             ;
; Timing Models                                                       ; Final              ;      ;    ;             ;
; Default hold multicycle                                             ; Same as Multicycle ;      ;    ;             ;
; Cut paths between unrelated clock domains                           ; On                 ;      ;    ;             ;
; Cut off read during write signal paths                              ; On                 ;      ;    ;             ;
; Cut off feedback from I/O pins                                      ; On                 ;      ;    ;             ;
; Report Combined Fast/Slow Timing                                    ; Off                ;      ;    ;             ;
; Ignore Clock Settings                                               ; Off                ;      ;    ;             ;
; Analyze latches as synchronous elements                             ; On                 ;      ;    ;             ;
; Enable Recovery/Removal analysis                                    ; Off                ;      ;    ;             ;
; Enable Clock Latency                                                ; Off                ;      ;    ;             ;
; Use TimeQuest Timing Analyzer                                       ; Off                ;      ;    ;             ;
; Minimum Core Junction Temperature                                   ; 0                  ;      ;    ;             ;
; Maximum Core Junction Temperature                                   ; 85                 ;      ;    ;             ;
; Number of source nodes to report per destination node               ; 10                 ;      ;    ;             ;
; Number of destination nodes to report                               ; 10                 ;      ;    ;             ;
; Number of paths to report                                           ; 200                ;      ;    ;             ;
; Report Minimum Timing Checks                                        ; Off                ;      ;    ;             ;
; Use Fast Timing Models                                              ; Off                ;      ;    ;             ;
; Report IO Paths Separately                                          ; Off                ;      ;    ;             ;
; Perform Multicorner Analysis                                        ; On                 ;      ;    ;             ;
; Reports the worst-case path for each clock domain and analysis      ; Off                ;      ;    ;             ;
; Removes common clock path pessimism (CCPP) during slack computation ; Off                ;      ;    ;             ;
; Output I/O Timing Endpoint                                          ; Near End           ;      ;    ;             ;
+---------------------------------------------------------------------+--------------------+------+----+-------------+


+------------------------------------------------------------------------------------------------------------------------------------------------------------------------------------+
; Clock Settings Summary                                                                                                                                                             ;
+-----------------+--------------------+----------+------------------+---------------+--------------+----------+-----------------------+---------------------+--------+--------------+
; Clock Node Name ; Clock Setting Name ; Type     ; Fmax Requirement ; Early Latency ; Late Latency ; Based on ; Multiply Base Fmax by ; Divide Base Fmax by ; Offset ; Phase offset ;
+-----------------+--------------------+----------+------------------+---------------+--------------+----------+-----------------------+---------------------+--------+--------------+
; clk             ;                    ; User Pin ; None             ; 0.000 ns      ; 0.000 ns     ; --       ; N/A                   ; N/A                 ; N/A    ;              ;
+-----------------+--------------------+----------+------------------+---------------+--------------+----------+-----------------------+---------------------+--------+--------------+


Parallel compilation was disabled, but you have multiple processors available. Enable parallel compilation to reduce compilation time.
+-------------------------------------+
; Parallel Compilation                ;
+----------------------------+--------+
; Processors                 ; Number ;
+----------------------------+--------+
; Number detected on machine ; 16     ;
; Maximum allowed            ; 1      ;
+----------------------------+--------+


+---------------------------------------------------------------------------------------------------------------------------------------------------------------------------------------------------------------------------------------------------------+
; Clock Setup: 'clk'                                                                                                                                                                                                                                      ;
+-----------------------------------------+-----------------------------------------------------+----------------------+----------------------+------------+----------+-----------------------------+---------------------------+-------------------------+
; Slack                                   ; Actual fmax (period)                                ; From                 ; To                   ; From Clock ; To Clock ; Required Setup Relationship ; Required Longest P2P Time ; Actual Longest P2P Time ;
+-----------------------------------------+-----------------------------------------------------+----------------------+----------------------+------------+----------+-----------------------------+---------------------------+-------------------------+
; N/A                                     ; 205.51 MHz ( period = 4.866 ns )                    ; pulseM:p|counter[0]  ; pulseM:p|counter[31] ; clk        ; clk      ; None                        ; None                      ; 4.652 ns                ;
; N/A                                     ; 208.55 MHz ( period = 4.795 ns )                    ; pulseM:p|counter[1]  ; pulseM:p|counter[31] ; clk        ; clk      ; None                        ; None                      ; 4.581 ns                ;
; N/A                                     ; 210.17 MHz ( period = 4.758 ns )                    ; pulseM:p|counter[2]  ; pulseM:p|counter[31] ; clk        ; clk      ; None                        ; None                      ; 4.544 ns                ;
; N/A                                     ; 216.45 MHz ( period = 4.620 ns )                    ; pulseM:p|counter[3]  ; pulseM:p|counter[31] ; clk        ; clk      ; None                        ; None                      ; 4.406 ns                ;
; N/A                                     ; 218.34 MHz ( period = 4.580 ns )                    ; pulseM:p|counter[4]  ; pulseM:p|counter[31] ; clk        ; clk      ; None                        ; None                      ; 4.366 ns                ;
; N/A                                     ; 219.39 MHz ( period = 4.558 ns )                    ; pulseM:p|counter[0]  ; pulseM:p|counter[29] ; clk        ; clk      ; None                        ; None                      ; 4.337 ns                ;
; N/A                                     ; 221.24 MHz ( period = 4.520 ns )                    ; pulseM:p|counter[5]  ; pulseM:p|counter[31] ; clk        ; clk      ; None                        ; None                      ; 4.306 ns                ;
; N/A                                     ; 221.93 MHz ( period = 4.506 ns )                    ; pulseM:p|counter[11] ; pulseM:p|counter[31] ; clk        ; clk      ; None                        ; None                      ; 4.297 ns                ;
; N/A                                     ; 222.02 MHz ( period = 4.504 ns )                    ; pulseM:p|counter[0]  ; pulseM:p|counter[27] ; clk        ; clk      ; None                        ; None                      ; 4.283 ns                ;
; N/A                                     ; 222.32 MHz ( period = 4.498 ns )                    ; pulseM:p|counter[0]  ; pulseM:p|counter[30] ; clk        ; clk      ; None                        ; None                      ; 4.279 ns                ;
; N/A                                     ; 222.87 MHz ( period = 4.487 ns )                    ; pulseM:p|counter[1]  ; pulseM:p|counter[29] ; clk        ; clk      ; None                        ; None                      ; 4.266 ns                ;
; N/A                                     ; 224.72 MHz ( period = 4.450 ns )                    ; pulseM:p|counter[2]  ; pulseM:p|counter[29] ; clk        ; clk      ; None                        ; None                      ; 4.229 ns                ;
; N/A                                     ; 224.82 MHz ( period = 4.448 ns )                    ; pulseM:p|counter[6]  ; pulseM:p|counter[31] ; clk        ; clk      ; None                        ; None                      ; 4.234 ns                ;
; N/A                                     ; 225.58 MHz ( period = 4.433 ns )                    ; pulseM:p|counter[1]  ; pulseM:p|counter[27] ; clk        ; clk      ; None                        ; None                      ; 4.212 ns                ;
; N/A                                     ; 225.89 MHz ( period = 4.427 ns )                    ; pulseM:p|counter[1]  ; pulseM:p|counter[30] ; clk        ; clk      ; None                        ; None                      ; 4.208 ns                ;
; N/A                                     ; 227.48 MHz ( period = 4.396 ns )                    ; pulseM:p|counter[2]  ; pulseM:p|counter[27] ; clk        ; clk      ; None                        ; None                      ; 4.175 ns                ;
; N/A                                     ; 227.79 MHz ( period = 4.390 ns )                    ; pulseM:p|counter[2]  ; pulseM:p|counter[30] ; clk        ; clk      ; None                        ; None                      ; 4.171 ns                ;
; N/A                                     ; 228.31 MHz ( period = 4.380 ns )                    ; pulseM:p|counter[7]  ; pulseM:p|counter[31] ; clk        ; clk      ; None                        ; None                      ; 4.166 ns                ;
; N/A                                     ; 228.36 MHz ( period = 4.379 ns )                    ; pulseM:p|counter[10] ; pulseM:p|counter[31] ; clk        ; clk      ; None                        ; None                      ; 4.170 ns                ;
; N/A                                     ; 229.10 MHz ( period = 4.365 ns )                    ; pulseM:p|counter[0]  ; pulseM:p|counter[28] ; clk        ; clk      ; None                        ; None                      ; 4.144 ns                ;
; N/A                                     ; 229.83 MHz ( period = 4.351 ns )                    ; pulseM:p|counter[9]  ; pulseM:p|counter[31] ; clk        ; clk      ; None                        ; None                      ; 4.137 ns                ;
; N/A                                     ; 231.91 MHz ( period = 4.312 ns )                    ; pulseM:p|counter[3]  ; pulseM:p|counter[29] ; clk        ; clk      ; None                        ; None                      ; 4.091 ns                ;
; N/A                                     ; 232.88 MHz ( period = 4.294 ns )                    ; pulseM:p|counter[1]  ; pulseM:p|counter[28] ; clk        ; clk      ; None                        ; None                      ; 4.073 ns                ;
; N/A                                     ; 234.08 MHz ( period = 4.272 ns )                    ; pulseM:p|counter[4]  ; pulseM:p|counter[29] ; clk        ; clk      ; None                        ; None                      ; 4.051 ns                ;
; N/A                                     ; 234.85 MHz ( period = 4.258 ns )                    ; pulseM:p|counter[3]  ; pulseM:p|counter[27] ; clk        ; clk      ; None                        ; None                      ; 4.037 ns                ;
; N/A                                     ; 234.91 MHz ( period = 4.257 ns )                    ; pulseM:p|counter[2]  ; pulseM:p|counter[28] ; clk        ; clk      ; None                        ; None                      ; 4.036 ns                ;
; N/A                                     ; 235.18 MHz ( period = 4.252 ns )                    ; pulseM:p|counter[3]  ; pulseM:p|counter[30] ; clk        ; clk      ; None                        ; None                      ; 4.033 ns                ;
; N/A                                     ; 237.08 MHz ( period = 4.218 ns )                    ; pulseM:p|counter[0]  ; pulseM:p|counter[26] ; clk        ; clk      ; None                        ; None                      ; 3.997 ns                ;
; N/A                                     ; 237.08 MHz ( period = 4.218 ns )                    ; pulseM:p|counter[4]  ; pulseM:p|counter[27] ; clk        ; clk      ; None                        ; None                      ; 3.997 ns                ;
; N/A                                     ; 237.42 MHz ( period = 4.212 ns )                    ; pulseM:p|counter[5]  ; pulseM:p|counter[29] ; clk        ; clk      ; None                        ; None                      ; 3.991 ns                ;
; N/A                                     ; 237.42 MHz ( period = 4.212 ns )                    ; pulseM:p|counter[4]  ; pulseM:p|counter[30] ; clk        ; clk      ; None                        ; None                      ; 3.993 ns                ;
; N/A                                     ; 237.59 MHz ( period = 4.209 ns )                    ; pulseM:p|counter[8]  ; pulseM:p|counter[31] ; clk        ; clk      ; None                        ; None                      ; 3.995 ns                ;
; N/A                                     ; 237.93 MHz ( period = 4.203 ns )                    ; pulseM:p|counter[0]  ; pulseM:p|counter[24] ; clk        ; clk      ; None                        ; None                      ; 3.982 ns                ;
; N/A                                     ; 238.21 MHz ( period = 4.198 ns )                    ; pulseM:p|counter[11] ; pulseM:p|counter[29] ; clk        ; clk      ; None                        ; None                      ; 3.982 ns                ;
; N/A                                     ; 239.35 MHz ( period = 4.178 ns )                    ; pulseM:p|counter[12] ; pulseM:p|counter[31] ; clk        ; clk      ; None                        ; None                      ; 3.969 ns                ;
; N/A                                     ; 240.15 MHz ( period = 4.164 ns )                    ; pulseM:p|counter[13] ; pulseM:p|counter[31] ; clk        ; clk      ; None                        ; None                      ; 3.955 ns                ;
; N/A                                     ; 240.50 MHz ( period = 4.158 ns )                    ; pulseM:p|counter[5]  ; pulseM:p|counter[27] ; clk        ; clk      ; None                        ; None                      ; 3.937 ns                ;
; N/A                                     ; 240.85 MHz ( period = 4.152 ns )                    ; pulseM:p|counter[5]  ; pulseM:p|counter[30] ; clk        ; clk      ; None                        ; None                      ; 3.933 ns                ;
; N/A                                     ; 241.14 MHz ( period = 4.147 ns )                    ; pulseM:p|counter[1]  ; pulseM:p|counter[26] ; clk        ; clk      ; None                        ; None                      ; 3.926 ns                ;
; N/A                                     ; 241.14 MHz ( period = 4.147 ns )                    ; pulseM:p|counter[0]  ; pulseM:p|counter[25] ; clk        ; clk      ; None                        ; None                      ; 3.926 ns                ;
; N/A                                     ; 241.31 MHz ( period = 4.144 ns )                    ; pulseM:p|counter[11] ; pulseM:p|counter[27] ; clk        ; clk      ; None                        ; None                      ; 3.928 ns                ;
; N/A                                     ; 241.55 MHz ( period = 4.140 ns )                    ; pulseM:p|counter[6]  ; pulseM:p|counter[29] ; clk        ; clk      ; None                        ; None                      ; 3.919 ns                ;
; N/A                                     ; 241.66 MHz ( period = 4.138 ns )                    ; pulseM:p|counter[11] ; pulseM:p|counter[30] ; clk        ; clk      ; None                        ; None                      ; 3.924 ns                ;
; N/A                                     ; 242.01 MHz ( period = 4.132 ns )                    ; pulseM:p|counter[1]  ; pulseM:p|counter[24] ; clk        ; clk      ; None                        ; None                      ; 3.911 ns                ;
; N/A                                     ; 242.78 MHz ( period = 4.119 ns )                    ; pulseM:p|counter[3]  ; pulseM:p|counter[28] ; clk        ; clk      ; None                        ; None                      ; 3.898 ns                ;
; N/A                                     ; 243.31 MHz ( period = 4.110 ns )                    ; pulseM:p|counter[2]  ; pulseM:p|counter[26] ; clk        ; clk      ; None                        ; None                      ; 3.889 ns                ;
; N/A                                     ; 244.20 MHz ( period = 4.095 ns )                    ; pulseM:p|counter[2]  ; pulseM:p|counter[24] ; clk        ; clk      ; None                        ; None                      ; 3.874 ns                ;
; N/A                                     ; 244.74 MHz ( period = 4.086 ns )                    ; pulseM:p|counter[6]  ; pulseM:p|counter[27] ; clk        ; clk      ; None                        ; None                      ; 3.865 ns                ;
; N/A                                     ; 245.10 MHz ( period = 4.080 ns )                    ; pulseM:p|counter[6]  ; pulseM:p|counter[30] ; clk        ; clk      ; None                        ; None                      ; 3.861 ns                ;
; N/A                                     ; 245.16 MHz ( period = 4.079 ns )                    ; pulseM:p|counter[4]  ; pulseM:p|counter[28] ; clk        ; clk      ; None                        ; None                      ; 3.858 ns                ;
; N/A                                     ; 245.34 MHz ( period = 4.076 ns )                    ; pulseM:p|counter[1]  ; pulseM:p|counter[25] ; clk        ; clk      ; None                        ; None                      ; 3.855 ns                ;
; N/A                                     ; 245.58 MHz ( period = 4.072 ns )                    ; pulseM:p|counter[7]  ; pulseM:p|counter[29] ; clk        ; clk      ; None                        ; None                      ; 3.851 ns                ;
; N/A                                     ; 245.64 MHz ( period = 4.071 ns )                    ; pulseM:p|counter[10] ; pulseM:p|counter[29] ; clk        ; clk      ; None                        ; None                      ; 3.855 ns                ;
; N/A                                     ; 247.34 MHz ( period = 4.043 ns )                    ; pulseM:p|counter[9]  ; pulseM:p|counter[29] ; clk        ; clk      ; None                        ; None                      ; 3.822 ns                ;
; N/A                                     ; 247.59 MHz ( period = 4.039 ns )                    ; pulseM:p|counter[2]  ; pulseM:p|counter[25] ; clk        ; clk      ; None                        ; None                      ; 3.818 ns                ;
; N/A                                     ; 248.20 MHz ( period = 4.029 ns )                    ; pulseM:p|counter[14] ; pulseM:p|counter[31] ; clk        ; clk      ; None                        ; None                      ; 3.820 ns                ;
; N/A                                     ; 248.26 MHz ( period = 4.028 ns )                    ; pulseM:p|counter[15] ; pulseM:p|counter[31] ; clk        ; clk      ; None                        ; None                      ; 3.819 ns                ;
; N/A                                     ; 248.82 MHz ( period = 4.019 ns )                    ; pulseM:p|counter[5]  ; pulseM:p|counter[28] ; clk        ; clk      ; None                        ; None                      ; 3.798 ns                ;
; N/A                                     ; 248.88 MHz ( period = 4.018 ns )                    ; pulseM:p|counter[7]  ; pulseM:p|counter[27] ; clk        ; clk      ; None                        ; None                      ; 3.797 ns                ;
; N/A                                     ; 248.94 MHz ( period = 4.017 ns )                    ; pulseM:p|counter[10] ; pulseM:p|counter[27] ; clk        ; clk      ; None                        ; None                      ; 3.801 ns                ;
; N/A                                     ; 249.25 MHz ( period = 4.012 ns )                    ; pulseM:p|counter[7]  ; pulseM:p|counter[30] ; clk        ; clk      ; None                        ; None                      ; 3.793 ns                ;
; N/A                                     ; 249.31 MHz ( period = 4.011 ns )                    ; pulseM:p|counter[0]  ; pulseM:p|counter[23] ; clk        ; clk      ; None                        ; None                      ; 3.790 ns                ;
; N/A                                     ; 249.31 MHz ( period = 4.011 ns )                    ; pulseM:p|counter[10] ; pulseM:p|counter[30] ; clk        ; clk      ; None                        ; None                      ; 3.797 ns                ;
; N/A                                     ; 249.69 MHz ( period = 4.005 ns )                    ; pulseM:p|counter[11] ; pulseM:p|counter[28] ; clk        ; clk      ; None                        ; None                      ; 3.789 ns                ;
; N/A                                     ; 249.94 MHz ( period = 4.001 ns )                    ; pulseM:p|counter[0]  ; pulseM:p|counter[13] ; clk        ; clk      ; None                        ; None                      ; 3.782 ns                ;
; N/A                                     ; 250.69 MHz ( period = 3.989 ns )                    ; pulseM:p|counter[9]  ; pulseM:p|counter[27] ; clk        ; clk      ; None                        ; None                      ; 3.768 ns                ;
; N/A                                     ; 251.07 MHz ( period = 3.983 ns )                    ; pulseM:p|counter[9]  ; pulseM:p|counter[30] ; clk        ; clk      ; None                        ; None                      ; 3.764 ns                ;
; N/A                                     ; 251.76 MHz ( period = 3.972 ns )                    ; pulseM:p|counter[0]  ; pulseM:p|counter[21] ; clk        ; clk      ; None                        ; None                      ; 3.751 ns                ;
; N/A                                     ; 251.76 MHz ( period = 3.972 ns )                    ; pulseM:p|counter[3]  ; pulseM:p|counter[26] ; clk        ; clk      ; None                        ; None                      ; 3.751 ns                ;
; N/A                                     ; 251.83 MHz ( period = 3.971 ns )                    ; pulseM:p|counter[0]  ; pulseM:p|counter[22] ; clk        ; clk      ; None                        ; None                      ; 3.750 ns                ;
; N/A                                     ; 252.72 MHz ( period = 3.957 ns )                    ; pulseM:p|counter[3]  ; pulseM:p|counter[24] ; clk        ; clk      ; None                        ; None                      ; 3.736 ns                ;
; N/A                                     ; 253.36 MHz ( period = 3.947 ns )                    ; pulseM:p|counter[6]  ; pulseM:p|counter[28] ; clk        ; clk      ; None                        ; None                      ; 3.726 ns                ;
; N/A                                     ; 253.81 MHz ( period = 3.940 ns )                    ; pulseM:p|counter[1]  ; pulseM:p|counter[23] ; clk        ; clk      ; None                        ; None                      ; 3.719 ns                ;
; N/A                                     ; 254.32 MHz ( period = 3.932 ns )                    ; pulseM:p|counter[4]  ; pulseM:p|counter[26] ; clk        ; clk      ; None                        ; None                      ; 3.711 ns                ;
; N/A                                     ; 254.45 MHz ( period = 3.930 ns )                    ; pulseM:p|counter[1]  ; pulseM:p|counter[13] ; clk        ; clk      ; None                        ; None                      ; 3.711 ns                ;
; N/A                                     ; 255.30 MHz ( period = 3.917 ns )                    ; pulseM:p|counter[4]  ; pulseM:p|counter[24] ; clk        ; clk      ; None                        ; None                      ; 3.696 ns                ;
; N/A                                     ; 256.21 MHz ( period = 3.903 ns )                    ; pulseM:p|counter[2]  ; pulseM:p|counter[23] ; clk        ; clk      ; None                        ; None                      ; 3.682 ns                ;
; N/A                                     ; 256.34 MHz ( period = 3.901 ns )                    ; pulseM:p|counter[1]  ; pulseM:p|counter[21] ; clk        ; clk      ; None                        ; None                      ; 3.680 ns                ;
; N/A                                     ; 256.34 MHz ( period = 3.901 ns )                    ; pulseM:p|counter[8]  ; pulseM:p|counter[29] ; clk        ; clk      ; None                        ; None                      ; 3.680 ns                ;
; N/A                                     ; 256.34 MHz ( period = 3.901 ns )                    ; pulseM:p|counter[3]  ; pulseM:p|counter[25] ; clk        ; clk      ; None                        ; None                      ; 3.680 ns                ;
; N/A                                     ; 256.41 MHz ( period = 3.900 ns )                    ; pulseM:p|counter[1]  ; pulseM:p|counter[22] ; clk        ; clk      ; None                        ; None                      ; 3.679 ns                ;
; N/A                                     ; 256.61 MHz ( period = 3.897 ns )                    ; pulseM:p|counter[0]  ; pulseM:p|counter[20] ; clk        ; clk      ; None                        ; None                      ; 3.676 ns                ;
; N/A                                     ; 256.87 MHz ( period = 3.893 ns )                    ; pulseM:p|counter[2]  ; pulseM:p|counter[13] ; clk        ; clk      ; None                        ; None                      ; 3.674 ns                ;
; N/A                                     ; 257.80 MHz ( period = 3.879 ns )                    ; pulseM:p|counter[7]  ; pulseM:p|counter[28] ; clk        ; clk      ; None                        ; None                      ; 3.658 ns                ;
; N/A                                     ; 257.86 MHz ( period = 3.878 ns )                    ; pulseM:p|counter[10] ; pulseM:p|counter[28] ; clk        ; clk      ; None                        ; None                      ; 3.662 ns                ;
; N/A                                     ; 258.26 MHz ( period = 3.872 ns )                    ; pulseM:p|counter[5]  ; pulseM:p|counter[26] ; clk        ; clk      ; None                        ; None                      ; 3.651 ns                ;
; N/A                                     ; 258.40 MHz ( period = 3.870 ns )                    ; pulseM:p|counter[12] ; pulseM:p|counter[29] ; clk        ; clk      ; None                        ; None                      ; 3.654 ns                ;
; N/A                                     ; 258.80 MHz ( period = 3.864 ns )                    ; pulseM:p|counter[2]  ; pulseM:p|counter[21] ; clk        ; clk      ; None                        ; None                      ; 3.643 ns                ;
; N/A                                     ; 258.87 MHz ( period = 3.863 ns )                    ; pulseM:p|counter[2]  ; pulseM:p|counter[22] ; clk        ; clk      ; None                        ; None                      ; 3.642 ns                ;
; N/A                                     ; 259.00 MHz ( period = 3.861 ns )                    ; pulseM:p|counter[4]  ; pulseM:p|counter[25] ; clk        ; clk      ; None                        ; None                      ; 3.640 ns                ;
; N/A                                     ; 259.20 MHz ( period = 3.858 ns )                    ; pulseM:p|counter[11] ; pulseM:p|counter[26] ; clk        ; clk      ; None                        ; None                      ; 3.642 ns                ;
; N/A                                     ; 259.27 MHz ( period = 3.857 ns )                    ; pulseM:p|counter[5]  ; pulseM:p|counter[24] ; clk        ; clk      ; None                        ; None                      ; 3.636 ns                ;
; N/A                                     ; 259.34 MHz ( period = 3.856 ns )                    ; pulseM:p|counter[13] ; pulseM:p|counter[29] ; clk        ; clk      ; None                        ; None                      ; 3.640 ns                ;
; N/A                                     ; 259.74 MHz ( period = 3.850 ns )                    ; pulseM:p|counter[9]  ; pulseM:p|counter[28] ; clk        ; clk      ; None                        ; None                      ; 3.629 ns                ;
; N/A                                     ; 259.94 MHz ( period = 3.847 ns )                    ; pulseM:p|counter[8]  ; pulseM:p|counter[27] ; clk        ; clk      ; None                        ; None                      ; 3.626 ns                ;
; N/A                                     ; 260.21 MHz ( period = 3.843 ns )                    ; pulseM:p|counter[11] ; pulseM:p|counter[24] ; clk        ; clk      ; None                        ; None                      ; 3.627 ns                ;
; N/A                                     ; 260.35 MHz ( period = 3.841 ns )                    ; pulseM:p|counter[8]  ; pulseM:p|counter[30] ; clk        ; clk      ; None                        ; None                      ; 3.622 ns                ;
; N/A                                     ; 261.37 MHz ( period = 3.826 ns )                    ; pulseM:p|counter[1]  ; pulseM:p|counter[20] ; clk        ; clk      ; None                        ; None                      ; 3.605 ns                ;
; N/A                                     ; 262.05 MHz ( period = 3.816 ns )                    ; pulseM:p|counter[12] ; pulseM:p|counter[27] ; clk        ; clk      ; None                        ; None                      ; 3.600 ns                ;
; N/A                                     ; 262.47 MHz ( period = 3.810 ns )                    ; pulseM:p|counter[12] ; pulseM:p|counter[30] ; clk        ; clk      ; None                        ; None                      ; 3.596 ns                ;
; N/A                                     ; 263.02 MHz ( period = 3.802 ns )                    ; pulseM:p|counter[13] ; pulseM:p|counter[27] ; clk        ; clk      ; None                        ; None                      ; 3.586 ns                ;
; N/A                                     ; 263.09 MHz ( period = 3.801 ns )                    ; pulseM:p|counter[5]  ; pulseM:p|counter[25] ; clk        ; clk      ; None                        ; None                      ; 3.580 ns                ;
; N/A                                     ; 263.16 MHz ( period = 3.800 ns )                    ; pulseM:p|counter[6]  ; pulseM:p|counter[26] ; clk        ; clk      ; None                        ; None                      ; 3.579 ns                ;
; N/A                                     ; 263.37 MHz ( period = 3.797 ns )                    ; pulseM:p|counter[0]  ; pulseM:p|counter[17] ; clk        ; clk      ; None                        ; None                      ; 3.578 ns                ;
; N/A                                     ; 263.44 MHz ( period = 3.796 ns )                    ; pulseM:p|counter[13] ; pulseM:p|counter[30] ; clk        ; clk      ; None                        ; None                      ; 3.582 ns                ;
; N/A                                     ; 263.92 MHz ( period = 3.789 ns )                    ; pulseM:p|counter[2]  ; pulseM:p|counter[20] ; clk        ; clk      ; None                        ; None                      ; 3.568 ns                ;
; N/A                                     ; 264.06 MHz ( period = 3.787 ns )                    ; pulseM:p|counter[11] ; pulseM:p|counter[25] ; clk        ; clk      ; None                        ; None                      ; 3.571 ns                ;
; N/A                                     ; 264.20 MHz ( period = 3.785 ns )                    ; pulseM:p|counter[6]  ; pulseM:p|counter[24] ; clk        ; clk      ; None                        ; None                      ; 3.564 ns                ;
; N/A                                     ; 264.76 MHz ( period = 3.777 ns )                    ; pulseM:p|counter[0]  ; pulseM:p|counter[16] ; clk        ; clk      ; None                        ; None                      ; 3.558 ns                ;
; N/A                                     ; 265.32 MHz ( period = 3.769 ns )                    ; pulseM:p|counter[0]  ; pulseM:p|counter[14] ; clk        ; clk      ; None                        ; None                      ; 3.550 ns                ;
; N/A                                     ; 265.60 MHz ( period = 3.765 ns )                    ; pulseM:p|counter[3]  ; pulseM:p|counter[23] ; clk        ; clk      ; None                        ; None                      ; 3.544 ns                ;
; N/A                                     ; 266.31 MHz ( period = 3.755 ns )                    ; pulseM:p|counter[3]  ; pulseM:p|counter[13] ; clk        ; clk      ; None                        ; None                      ; 3.536 ns                ;
; N/A                                     ; 266.38 MHz ( period = 3.754 ns )                    ; pulseM:p|counter[0]  ; pulseM:p|counter[19] ; clk        ; clk      ; None                        ; None                      ; 3.535 ns                ;
; N/A                                     ; 267.95 MHz ( period = 3.732 ns )                    ; pulseM:p|counter[7]  ; pulseM:p|counter[26] ; clk        ; clk      ; None                        ; None                      ; 3.511 ns                ;
; N/A                                     ; 268.02 MHz ( period = 3.731 ns )                    ; pulseM:p|counter[10] ; pulseM:p|counter[26] ; clk        ; clk      ; None                        ; None                      ; 3.515 ns                ;
; N/A                                     ; 268.17 MHz ( period = 3.729 ns )                    ; pulseM:p|counter[6]  ; pulseM:p|counter[25] ; clk        ; clk      ; None                        ; None                      ; 3.508 ns                ;
; N/A                                     ; 268.38 MHz ( period = 3.726 ns )                    ; pulseM:p|counter[3]  ; pulseM:p|counter[21] ; clk        ; clk      ; None                        ; None                      ; 3.505 ns                ;
; N/A                                     ; 268.38 MHz ( period = 3.726 ns )                    ; pulseM:p|counter[1]  ; pulseM:p|counter[17] ; clk        ; clk      ; None                        ; None                      ; 3.507 ns                ;
; N/A                                     ; 268.46 MHz ( period = 3.725 ns )                    ; pulseM:p|counter[3]  ; pulseM:p|counter[22] ; clk        ; clk      ; None                        ; None                      ; 3.504 ns                ;
; N/A                                     ; 268.46 MHz ( period = 3.725 ns )                    ; pulseM:p|counter[4]  ; pulseM:p|counter[23] ; clk        ; clk      ; None                        ; None                      ; 3.504 ns                ;
; N/A                                     ; 268.74 MHz ( period = 3.721 ns )                    ; pulseM:p|counter[14] ; pulseM:p|counter[29] ; clk        ; clk      ; None                        ; None                      ; 3.505 ns                ;
; N/A                                     ; 268.82 MHz ( period = 3.720 ns )                    ; pulseM:p|counter[15] ; pulseM:p|counter[29] ; clk        ; clk      ; None                        ; None                      ; 3.504 ns                ;
; N/A                                     ; 269.03 MHz ( period = 3.717 ns )                    ; pulseM:p|counter[7]  ; pulseM:p|counter[24] ; clk        ; clk      ; None                        ; None                      ; 3.496 ns                ;
; N/A                                     ; 269.11 MHz ( period = 3.716 ns )                    ; pulseM:p|counter[10] ; pulseM:p|counter[24] ; clk        ; clk      ; None                        ; None                      ; 3.500 ns                ;
; N/A                                     ; 269.18 MHz ( period = 3.715 ns )                    ; pulseM:p|counter[4]  ; pulseM:p|counter[13] ; clk        ; clk      ; None                        ; None                      ; 3.496 ns                ;
; N/A                                     ; 269.69 MHz ( period = 3.708 ns )                    ; pulseM:p|counter[8]  ; pulseM:p|counter[28] ; clk        ; clk      ; None                        ; None                      ; 3.487 ns                ;
; N/A                                     ; 269.83 MHz ( period = 3.706 ns )                    ; pulseM:p|counter[1]  ; pulseM:p|counter[16] ; clk        ; clk      ; None                        ; None                      ; 3.487 ns                ;
; N/A                                     ; 270.05 MHz ( period = 3.703 ns )                    ; pulseM:p|counter[9]  ; pulseM:p|counter[26] ; clk        ; clk      ; None                        ; None                      ; 3.482 ns                ;
; N/A                                     ; 270.42 MHz ( period = 3.698 ns )                    ; pulseM:p|counter[1]  ; pulseM:p|counter[14] ; clk        ; clk      ; None                        ; None                      ; 3.479 ns                ;
; N/A                                     ; 270.56 MHz ( period = 3.696 ns )                    ; pulseM:p|counter[0]  ; pulseM:p|counter[12] ; clk        ; clk      ; None                        ; None                      ; 3.477 ns                ;
; N/A                                     ; 270.93 MHz ( period = 3.691 ns )                    ; pulseM:p|counter[0]  ; pulseM:p|counter[18] ; clk        ; clk      ; None                        ; None                      ; 3.472 ns                ;
; N/A                                     ; 271.08 MHz ( period = 3.689 ns )                    ; pulseM:p|counter[2]  ; pulseM:p|counter[17] ; clk        ; clk      ; None                        ; None                      ; 3.470 ns                ;
; N/A                                     ; 271.15 MHz ( period = 3.688 ns )                    ; pulseM:p|counter[9]  ; pulseM:p|counter[24] ; clk        ; clk      ; None                        ; None                      ; 3.467 ns                ;
; N/A                                     ; 271.15 MHz ( period = 3.688 ns )                    ; pulseM:p|counter[0]  ; pulseM:p|counter[15] ; clk        ; clk      ; None                        ; None                      ; 3.469 ns                ;
; N/A                                     ; 271.30 MHz ( period = 3.686 ns )                    ; pulseM:p|counter[4]  ; pulseM:p|counter[21] ; clk        ; clk      ; None                        ; None                      ; 3.465 ns                ;
; N/A                                     ; 271.30 MHz ( period = 3.686 ns )                    ; pulseM:p|counter[0]  ; pulseM:p|counter[11] ; clk        ; clk      ; None                        ; None                      ; 3.467 ns                ;
; N/A                                     ; 271.37 MHz ( period = 3.685 ns )                    ; pulseM:p|counter[4]  ; pulseM:p|counter[22] ; clk        ; clk      ; None                        ; None                      ; 3.464 ns                ;
; N/A                                     ; 271.52 MHz ( period = 3.683 ns )                    ; pulseM:p|counter[1]  ; pulseM:p|counter[19] ; clk        ; clk      ; None                        ; None                      ; 3.464 ns                ;
; N/A                                     ; 271.96 MHz ( period = 3.677 ns )                    ; pulseM:p|counter[12] ; pulseM:p|counter[28] ; clk        ; clk      ; None                        ; None                      ; 3.461 ns                ;
; N/A                                     ; 271.96 MHz ( period = 3.677 ns )                    ; pulseM:p|counter[14] ; pulseM:p|counter[27] ; clk        ; clk      ; None                        ; None                      ; 3.461 ns                ;
; N/A                                     ; 271.96 MHz ( period = 3.677 ns )                    ; pulseM:p|counter[14] ; pulseM:p|counter[25] ; clk        ; clk      ; None                        ; None                      ; 3.461 ns                ;
; N/A                                     ; 272.33 MHz ( period = 3.672 ns )                    ; pulseM:p|counter[14] ; pulseM:p|counter[28] ; clk        ; clk      ; None                        ; None                      ; 3.456 ns                ;
; N/A                                     ; 272.41 MHz ( period = 3.671 ns )                    ; pulseM:p|counter[14] ; pulseM:p|counter[26] ; clk        ; clk      ; None                        ; None                      ; 3.455 ns                ;
; N/A                                     ; 272.55 MHz ( period = 3.669 ns )                    ; pulseM:p|counter[2]  ; pulseM:p|counter[16] ; clk        ; clk      ; None                        ; None                      ; 3.450 ns                ;
; N/A                                     ; 272.78 MHz ( period = 3.666 ns )                    ; pulseM:p|counter[15] ; pulseM:p|counter[27] ; clk        ; clk      ; None                        ; None                      ; 3.450 ns                ;
; N/A                                     ; 272.85 MHz ( period = 3.665 ns )                    ; pulseM:p|counter[5]  ; pulseM:p|counter[23] ; clk        ; clk      ; None                        ; None                      ; 3.444 ns                ;
; N/A                                     ; 273.00 MHz ( period = 3.663 ns )                    ; pulseM:p|counter[13] ; pulseM:p|counter[28] ; clk        ; clk      ; None                        ; None                      ; 3.447 ns                ;
; N/A                                     ; 273.15 MHz ( period = 3.661 ns )                    ; pulseM:p|counter[14] ; pulseM:p|counter[30] ; clk        ; clk      ; None                        ; None                      ; 3.447 ns                ;
; N/A                                     ; 273.15 MHz ( period = 3.661 ns )                    ; pulseM:p|counter[7]  ; pulseM:p|counter[25] ; clk        ; clk      ; None                        ; None                      ; 3.440 ns                ;
; N/A                                     ; 273.15 MHz ( period = 3.661 ns )                    ; pulseM:p|counter[2]  ; pulseM:p|counter[14] ; clk        ; clk      ; None                        ; None                      ; 3.442 ns                ;
; N/A                                     ; 273.22 MHz ( period = 3.660 ns )                    ; pulseM:p|counter[15] ; pulseM:p|counter[30] ; clk        ; clk      ; None                        ; None                      ; 3.446 ns                ;
; N/A                                     ; 273.22 MHz ( period = 3.660 ns )                    ; pulseM:p|counter[10] ; pulseM:p|counter[25] ; clk        ; clk      ; None                        ; None                      ; 3.444 ns                ;
; N/A                                     ; 273.60 MHz ( period = 3.655 ns )                    ; pulseM:p|counter[5]  ; pulseM:p|counter[13] ; clk        ; clk      ; None                        ; None                      ; 3.436 ns                ;
; N/A                                     ; 273.90 MHz ( period = 3.651 ns )                    ; pulseM:p|counter[3]  ; pulseM:p|counter[20] ; clk        ; clk      ; None                        ; None                      ; 3.430 ns                ;
; N/A                                     ; 273.90 MHz ( period = 3.651 ns )                    ; pulseM:p|counter[11] ; pulseM:p|counter[23] ; clk        ; clk      ; None                        ; None                      ; 3.435 ns                ;
; N/A                                     ; 274.27 MHz ( period = 3.646 ns )                    ; pulseM:p|counter[2]  ; pulseM:p|counter[19] ; clk        ; clk      ; None                        ; None                      ; 3.427 ns                ;
; N/A                                     ; 274.50 MHz ( period = 3.643 ns )                    ; pulseM:p|counter[13] ; pulseM:p|counter[25] ; clk        ; clk      ; None                        ; None                      ; 3.427 ns                ;
; N/A                                     ; 274.65 MHz ( period = 3.641 ns )                    ; pulseM:p|counter[11] ; pulseM:p|counter[13] ; clk        ; clk      ; None                        ; None                      ; 3.427 ns                ;
; N/A                                     ; 274.95 MHz ( period = 3.637 ns )                    ; pulseM:p|counter[13] ; pulseM:p|counter[26] ; clk        ; clk      ; None                        ; None                      ; 3.421 ns                ;
; N/A                                     ; 275.33 MHz ( period = 3.632 ns )                    ; pulseM:p|counter[9]  ; pulseM:p|counter[25] ; clk        ; clk      ; None                        ; None                      ; 3.411 ns                ;
; N/A                                     ; 275.79 MHz ( period = 3.626 ns )                    ; pulseM:p|counter[5]  ; pulseM:p|counter[21] ; clk        ; clk      ; None                        ; None                      ; 3.405 ns                ;
; N/A                                     ; 275.86 MHz ( period = 3.625 ns )                    ; pulseM:p|counter[5]  ; pulseM:p|counter[22] ; clk        ; clk      ; None                        ; None                      ; 3.404 ns                ;
; N/A                                     ; 275.86 MHz ( period = 3.625 ns )                    ; pulseM:p|counter[1]  ; pulseM:p|counter[12] ; clk        ; clk      ; None                        ; None                      ; 3.406 ns                ;
; N/A                                     ; 276.24 MHz ( period = 3.620 ns )                    ; pulseM:p|counter[1]  ; pulseM:p|counter[18] ; clk        ; clk      ; None                        ; None                      ; 3.401 ns                ;
; N/A                                     ; 276.47 MHz ( period = 3.617 ns )                    ; pulseM:p|counter[1]  ; pulseM:p|counter[15] ; clk        ; clk      ; None                        ; None                      ; 3.398 ns                ;
; N/A                                     ; 276.63 MHz ( period = 3.615 ns )                    ; pulseM:p|counter[1]  ; pulseM:p|counter[11] ; clk        ; clk      ; None                        ; None                      ; 3.396 ns                ;
; N/A                                     ; 276.85 MHz ( period = 3.612 ns )                    ; pulseM:p|counter[11] ; pulseM:p|counter[21] ; clk        ; clk      ; None                        ; None                      ; 3.396 ns                ;
; N/A                                     ; 276.93 MHz ( period = 3.611 ns )                    ; pulseM:p|counter[11] ; pulseM:p|counter[22] ; clk        ; clk      ; None                        ; None                      ; 3.395 ns                ;
; N/A                                     ; 276.93 MHz ( period = 3.611 ns )                    ; pulseM:p|counter[4]  ; pulseM:p|counter[20] ; clk        ; clk      ; None                        ; None                      ; 3.390 ns                ;
; N/A                                     ; 278.32 MHz ( period = 3.593 ns )                    ; pulseM:p|counter[6]  ; pulseM:p|counter[23] ; clk        ; clk      ; None                        ; None                      ; 3.372 ns                ;
; N/A                                     ; 278.32 MHz ( period = 3.593 ns )                    ; pulseM:p|counter[0]  ; pulseM:p|counter[10] ; clk        ; clk      ; None                        ; None                      ; 3.374 ns                ;
; N/A                                     ; 278.71 MHz ( period = 3.588 ns )                    ; pulseM:p|counter[2]  ; pulseM:p|counter[12] ; clk        ; clk      ; None                        ; None                      ; 3.369 ns                ;
; N/A                                     ; 279.10 MHz ( period = 3.583 ns )                    ; pulseM:p|counter[2]  ; pulseM:p|counter[18] ; clk        ; clk      ; None                        ; None                      ; 3.364 ns                ;
; N/A                                     ; 279.10 MHz ( period = 3.583 ns )                    ; pulseM:p|counter[6]  ; pulseM:p|counter[13] ; clk        ; clk      ; None                        ; None                      ; 3.364 ns                ;
; N/A                                     ; 279.33 MHz ( period = 3.580 ns )                    ; pulseM:p|counter[2]  ; pulseM:p|counter[15] ; clk        ; clk      ; None                        ; None                      ; 3.361 ns                ;
; N/A                                     ; 279.49 MHz ( period = 3.578 ns )                    ; pulseM:p|counter[2]  ; pulseM:p|counter[11] ; clk        ; clk      ; None                        ; None                      ; 3.359 ns                ;
; N/A                                     ; 280.82 MHz ( period = 3.561 ns )                    ; pulseM:p|counter[8]  ; pulseM:p|counter[26] ; clk        ; clk      ; None                        ; None                      ; 3.340 ns                ;
; N/A                                     ; 281.21 MHz ( period = 3.556 ns )                    ; pulseM:p|counter[16] ; pulseM:p|counter[31] ; clk        ; clk      ; None                        ; None                      ; 3.347 ns                ;
; N/A                                     ; 281.37 MHz ( period = 3.554 ns )                    ; pulseM:p|counter[6]  ; pulseM:p|counter[21] ; clk        ; clk      ; None                        ; None                      ; 3.333 ns                ;
; N/A                                     ; 281.45 MHz ( period = 3.553 ns )                    ; pulseM:p|counter[6]  ; pulseM:p|counter[22] ; clk        ; clk      ; None                        ; None                      ; 3.332 ns                ;
; N/A                                     ; 281.61 MHz ( period = 3.551 ns )                    ; pulseM:p|counter[5]  ; pulseM:p|counter[20] ; clk        ; clk      ; None                        ; None                      ; 3.330 ns                ;
; N/A                                     ; 281.61 MHz ( period = 3.551 ns )                    ; pulseM:p|counter[3]  ; pulseM:p|counter[17] ; clk        ; clk      ; None                        ; None                      ; 3.332 ns                ;
; N/A                                     ; 282.01 MHz ( period = 3.546 ns )                    ; pulseM:p|counter[8]  ; pulseM:p|counter[24] ; clk        ; clk      ; None                        ; None                      ; 3.325 ns                ;
; N/A                                     ; 282.73 MHz ( period = 3.537 ns )                    ; pulseM:p|counter[11] ; pulseM:p|counter[20] ; clk        ; clk      ; None                        ; None                      ; 3.321 ns                ;
; N/A                                     ; 283.21 MHz ( period = 3.531 ns )                    ; pulseM:p|counter[3]  ; pulseM:p|counter[16] ; clk        ; clk      ; None                        ; None                      ; 3.312 ns                ;
; N/A                                     ; 283.29 MHz ( period = 3.530 ns )                    ; pulseM:p|counter[12] ; pulseM:p|counter[26] ; clk        ; clk      ; None                        ; None                      ; 3.314 ns                ;
; N/A                                     ; 283.53 MHz ( period = 3.527 ns )                    ; pulseM:p|counter[15] ; pulseM:p|counter[28] ; clk        ; clk      ; None                        ; None                      ; 3.311 ns                ;
; N/A                                     ; 283.69 MHz ( period = 3.525 ns )                    ; pulseM:p|counter[7]  ; pulseM:p|counter[23] ; clk        ; clk      ; None                        ; None                      ; 3.304 ns                ;
; N/A                                     ; 283.77 MHz ( period = 3.524 ns )                    ; pulseM:p|counter[10] ; pulseM:p|counter[23] ; clk        ; clk      ; None                        ; None                      ; 3.308 ns                ;
; N/A                                     ; 283.85 MHz ( period = 3.523 ns )                    ; pulseM:p|counter[3]  ; pulseM:p|counter[14] ; clk        ; clk      ; None                        ; None                      ; 3.304 ns                ;
; N/A                                     ; 283.93 MHz ( period = 3.522 ns )                    ; pulseM:p|counter[1]  ; pulseM:p|counter[10] ; clk        ; clk      ; None                        ; None                      ; 3.303 ns                ;
; N/A                                     ; 284.50 MHz ( period = 3.515 ns )                    ; pulseM:p|counter[12] ; pulseM:p|counter[24] ; clk        ; clk      ; None                        ; None                      ; 3.299 ns                ;
; N/A                                     ; 284.50 MHz ( period = 3.515 ns )                    ; pulseM:p|counter[7]  ; pulseM:p|counter[13] ; clk        ; clk      ; None                        ; None                      ; 3.296 ns                ;
; N/A                                     ; 284.58 MHz ( period = 3.514 ns )                    ; pulseM:p|counter[10] ; pulseM:p|counter[13] ; clk        ; clk      ; None                        ; None                      ; 3.300 ns                ;
; N/A                                     ; 284.82 MHz ( period = 3.511 ns )                    ; pulseM:p|counter[4]  ; pulseM:p|counter[17] ; clk        ; clk      ; None                        ; None                      ; 3.292 ns                ;
; N/A                                     ; 284.90 MHz ( period = 3.510 ns )                    ; pulseM:p|counter[12] ; pulseM:p|counter[25] ; clk        ; clk      ; None                        ; None                      ; 3.294 ns                ;
; N/A                                     ; 285.06 MHz ( period = 3.508 ns )                    ; pulseM:p|counter[3]  ; pulseM:p|counter[19] ; clk        ; clk      ; None                        ; None                      ; 3.289 ns                ;
; N/A                                     ; 285.63 MHz ( period = 3.501 ns )                    ; pulseM:p|counter[13] ; pulseM:p|counter[24] ; clk        ; clk      ; None                        ; None                      ; 3.285 ns                ;
; N/A                                     ; 286.04 MHz ( period = 3.496 ns )                    ; pulseM:p|counter[9]  ; pulseM:p|counter[23] ; clk        ; clk      ; None                        ; None                      ; 3.275 ns                ;
; N/A                                     ; 286.45 MHz ( period = 3.491 ns )                    ; pulseM:p|counter[4]  ; pulseM:p|counter[16] ; clk        ; clk      ; None                        ; None                      ; 3.272 ns                ;
; Timing analysis restricted to 200 rows. ; To change the limit use Settings (Assignments menu) ;                      ;                      ;            ;          ;                             ;                           ;                         ;
+-----------------------------------------+-----------------------------------------------------+----------------------+----------------------+------------+----------+-----------------------------+---------------------------+-------------------------+


+---------------------------------------------------------------------------------------+
; tsu                                                                                   ;
+-------+--------------+------------+-------------+--------------------------+----------+
; Slack ; Required tsu ; Actual tsu ; From        ; To                       ; To Clock ;
+-------+--------------+------------+-------------+--------------------------+----------+
; N/A   ; None         ; 2.630 ns   ; rx_in_bit   ; RX:rx|data_index[2]      ; clk      ;
; N/A   ; None         ; 2.630 ns   ; rx_in_bit   ; RX:rx|data_index[1]      ; clk      ;
; N/A   ; None         ; 2.420 ns   ; rx_in_bit   ; RX:rx|data[6]            ; clk      ;
; N/A   ; None         ; 2.111 ns   ; rx_in_bit   ; RX:rx|received           ; clk      ;
; N/A   ; None         ; 2.089 ns   ; rx_in_bit   ; RX:rx|data_index[0]      ; clk      ;
; N/A   ; None         ; 2.085 ns   ; rx_in_bit   ; RX:rx|data[3]            ; clk      ;
; N/A   ; None         ; 2.085 ns   ; rx_in_bit   ; RX:rx|data[4]            ; clk      ;
; N/A   ; None         ; 2.084 ns   ; rx_in_bit   ; RX:rx|data[1]            ; clk      ;
; N/A   ; None         ; 2.080 ns   ; rx_in_bit   ; RX:rx|data[0]            ; clk      ;
; N/A   ; None         ; 2.080 ns   ; rx_in_bit   ; RX:rx|data[5]            ; clk      ;
; N/A   ; None         ; 2.077 ns   ; rx_in_bit   ; RX:rx|data[2]            ; clk      ;
; N/A   ; None         ; 1.937 ns   ; rx_in_bit   ; RX:rx|state.S_IDLE       ; clk      ;
; N/A   ; None         ; 1.929 ns   ; rx_in_bit   ; RX:rx|state.S_RECEIVE    ; clk      ;
; N/A   ; None         ; 1.379 ns   ; rx_in_bit   ; RX:rx|parity             ; clk      ;
; N/A   ; None         ; 1.018 ns   ; rx_in_bit   ; RX:rx|last_s_in          ; clk      ;
; N/A   ; None         ; 0.951 ns   ; rst         ; pulseM:p|counter[31]     ; clk      ;
; N/A   ; None         ; 0.801 ns   ; rst         ; pulseM:p|counter[18]     ; clk      ;
; N/A   ; None         ; 0.801 ns   ; rst         ; pulseM:p|counter[15]     ; clk      ;
; N/A   ; None         ; 0.801 ns   ; rst         ; pulseM:p|counter[10]     ; clk      ;
; N/A   ; None         ; 0.800 ns   ; rst         ; pulseM:p|counter[19]     ; clk      ;
; N/A   ; None         ; 0.800 ns   ; rst         ; pulseM:p|counter[12]     ; clk      ;
; N/A   ; None         ; 0.797 ns   ; rst         ; pulseM:p|counter[16]     ; clk      ;
; N/A   ; None         ; 0.797 ns   ; rst         ; pulseM:p|counter[11]     ; clk      ;
; N/A   ; None         ; 0.760 ns   ; rst         ; pulseM:p|counter[23]     ; clk      ;
; N/A   ; None         ; 0.760 ns   ; rst         ; pulseM:p|counter[24]     ; clk      ;
; N/A   ; None         ; 0.759 ns   ; rst         ; pulseM:p|counter[21]     ; clk      ;
; N/A   ; None         ; 0.759 ns   ; rst         ; pulseM:p|counter[22]     ; clk      ;
; N/A   ; None         ; 0.754 ns   ; rst         ; pulseM:p|counter[27]     ; clk      ;
; N/A   ; None         ; 0.754 ns   ; rst         ; pulseM:p|counter[25]     ; clk      ;
; N/A   ; None         ; 0.750 ns   ; rst         ; pulseM:p|counter[29]     ; clk      ;
; N/A   ; None         ; 0.746 ns   ; rst         ; pulseM:p|counter[20]     ; clk      ;
; N/A   ; None         ; 0.746 ns   ; rst         ; pulseM:p|counter[26]     ; clk      ;
; N/A   ; None         ; 0.743 ns   ; rst         ; pulseM:p|counter[28]     ; clk      ;
; N/A   ; None         ; 0.728 ns   ; rst         ; pulseM:p|counter[2]      ; clk      ;
; N/A   ; None         ; 0.728 ns   ; rst         ; pulseM:p|counter[9]      ; clk      ;
; N/A   ; None         ; 0.727 ns   ; rst         ; pulseM:p|counter[1]      ; clk      ;
; N/A   ; None         ; 0.727 ns   ; rst         ; pulseM:p|counter[0]      ; clk      ;
; N/A   ; None         ; 0.727 ns   ; rst         ; pulseM:p|counter[4]      ; clk      ;
; N/A   ; None         ; 0.723 ns   ; rst         ; pulseM:p|counter[3]      ; clk      ;
; N/A   ; None         ; 0.721 ns   ; rst         ; pulseM:p|counter[8]      ; clk      ;
; N/A   ; None         ; 0.718 ns   ; rst         ; pulseM:p|counter[7]      ; clk      ;
; N/A   ; None         ; 0.718 ns   ; rst         ; pulseM:p|counter[5]      ; clk      ;
; N/A   ; None         ; 0.717 ns   ; rst         ; pulseM:p|counter[6]      ; clk      ;
; N/A   ; None         ; 0.670 ns   ; data_in[3]  ; TX:tx|data[3]            ; clk      ;
; N/A   ; None         ; 0.669 ns   ; rst         ; pulseM:p|counter[14]     ; clk      ;
; N/A   ; None         ; 0.668 ns   ; rst         ; pulseM:p|counter[30]     ; clk      ;
; N/A   ; None         ; 0.666 ns   ; rst         ; pulseM:p|counter[17]     ; clk      ;
; N/A   ; None         ; 0.666 ns   ; rst         ; pulseM:p|counter[13]     ; clk      ;
; N/A   ; None         ; 0.659 ns   ; data_in[4]  ; TX:tx|data[4]            ; clk      ;
; N/A   ; None         ; 0.626 ns   ; data_in[6]  ; TX:tx|data[6]            ; clk      ;
; N/A   ; None         ; 0.613 ns   ; data_in[2]  ; TX:tx|data[2]            ; clk      ;
; N/A   ; None         ; 0.568 ns   ; rst         ; pulseM:p|pulse           ; clk      ;
; N/A   ; None         ; 0.368 ns   ; data_in[5]  ; TX:tx|data[5]            ; clk      ;
; N/A   ; None         ; -1.494 ns  ; rst         ; TX:tx|data[4]            ; clk      ;
; N/A   ; None         ; -1.494 ns  ; rst         ; TX:tx|data[6]            ; clk      ;
; N/A   ; None         ; -1.494 ns  ; rst         ; TX:tx|data[5]            ; clk      ;
; N/A   ; None         ; -1.494 ns  ; rst         ; TX:tx|data[0]            ; clk      ;
; N/A   ; None         ; -1.494 ns  ; rst         ; TX:tx|data[1]            ; clk      ;
; N/A   ; None         ; -1.494 ns  ; rst         ; TX:tx|data[2]            ; clk      ;
; N/A   ; None         ; -1.494 ns  ; rst         ; TX:tx|data[3]            ; clk      ;
; N/A   ; None         ; -1.552 ns  ; transmit_en ; TX:tx|data[4]            ; clk      ;
; N/A   ; None         ; -1.552 ns  ; transmit_en ; TX:tx|data[6]            ; clk      ;
; N/A   ; None         ; -1.552 ns  ; transmit_en ; TX:tx|data[5]            ; clk      ;
; N/A   ; None         ; -1.552 ns  ; transmit_en ; TX:tx|data[0]            ; clk      ;
; N/A   ; None         ; -1.552 ns  ; transmit_en ; TX:tx|data[1]            ; clk      ;
; N/A   ; None         ; -1.552 ns  ; transmit_en ; TX:tx|data[2]            ; clk      ;
; N/A   ; None         ; -1.552 ns  ; transmit_en ; TX:tx|data[3]            ; clk      ;
; N/A   ; None         ; -1.609 ns  ; transmit_en ; TX:tx|s_out              ; clk      ;
; N/A   ; None         ; -1.920 ns  ; transmit_en ; TX:tx|data_index[1]      ; clk      ;
; N/A   ; None         ; -1.920 ns  ; transmit_en ; TX:tx|data_index[2]      ; clk      ;
; N/A   ; None         ; -1.920 ns  ; transmit_en ; TX:tx|data_index[0]      ; clk      ;
; N/A   ; None         ; -2.103 ns  ; transmit_en ; TX:tx|state.S_SEND       ; clk      ;
; N/A   ; None         ; -2.495 ns  ; transmit_en ; TX:tx|state.S_POST_START ; clk      ;
; N/A   ; None         ; -2.731 ns  ; transmit_en ; TX:tx|state.000          ; clk      ;
; N/A   ; None         ; -3.033 ns  ; transmit_en ; TX:tx|sent               ; clk      ;
; N/A   ; None         ; -3.130 ns  ; data_in[0]  ; TX:tx|data[0]            ; clk      ;
; N/A   ; None         ; -3.137 ns  ; data_in[1]  ; TX:tx|data[1]            ; clk      ;
+-------+--------------+------------+-------------+--------------------------+----------+


+----------------------------------------------------------------------------------+
; tco                                                                              ;
+-------+--------------+------------+----------------+----------------+------------+
; Slack ; Required tco ; Actual tco ; From           ; To             ; From Clock ;
+-------+--------------+------------+----------------+----------------+------------+
; N/A   ; None         ; 12.147 ns  ; TX:tx|s_out    ; tx_out_bit     ; clk        ;
; N/A   ; None         ; 11.880 ns  ; TX:tx|sent     ; is_transmitted ; clk        ;
; N/A   ; None         ; 10.802 ns  ; RX:rx|parity   ; parity         ; clk        ;
; N/A   ; None         ; 10.751 ns  ; RX:rx|received ; is_received    ; clk        ;
; N/A   ; None         ; 10.360 ns  ; RX:rx|data[5]  ; data_out[5]    ; clk        ;
; N/A   ; None         ; 10.324 ns  ; RX:rx|data[6]  ; data_out[6]    ; clk        ;
; N/A   ; None         ; 10.315 ns  ; RX:rx|data[4]  ; data_out[4]    ; clk        ;
; N/A   ; None         ; 10.314 ns  ; RX:rx|data[3]  ; data_out[3]    ; clk        ;
; N/A   ; None         ; 10.069 ns  ; RX:rx|data[1]  ; data_out[1]    ; clk        ;
; N/A   ; None         ; 10.068 ns  ; RX:rx|data[2]  ; data_out[2]    ; clk        ;
; N/A   ; None         ; 10.060 ns  ; RX:rx|data[0]  ; data_out[0]    ; clk        ;
+-------+--------------+------------+----------------+----------------+------------+


+---------------------------------------------------------------------------------------------+
; th                                                                                          ;
+---------------+-------------+-----------+-------------+--------------------------+----------+
; Minimum Slack ; Required th ; Actual th ; From        ; To                       ; To Clock ;
+---------------+-------------+-----------+-------------+--------------------------+----------+
; N/A           ; None        ; 3.367 ns  ; data_in[1]  ; TX:tx|data[1]            ; clk      ;
; N/A           ; None        ; 3.360 ns  ; data_in[0]  ; TX:tx|data[0]            ; clk      ;
; N/A           ; None        ; 3.263 ns  ; transmit_en ; TX:tx|sent               ; clk      ;
; N/A           ; None        ; 2.961 ns  ; transmit_en ; TX:tx|state.000          ; clk      ;
; N/A           ; None        ; 2.725 ns  ; transmit_en ; TX:tx|state.S_POST_START ; clk      ;
; N/A           ; None        ; 2.722 ns  ; transmit_en ; TX:tx|state.S_SEND       ; clk      ;
; N/A           ; None        ; 2.150 ns  ; transmit_en ; TX:tx|data_index[1]      ; clk      ;
; N/A           ; None        ; 2.150 ns  ; transmit_en ; TX:tx|data_index[2]      ; clk      ;
; N/A           ; None        ; 2.150 ns  ; transmit_en ; TX:tx|data_index[0]      ; clk      ;
; N/A           ; None        ; 1.839 ns  ; transmit_en ; TX:tx|s_out              ; clk      ;
; N/A           ; None        ; 1.782 ns  ; transmit_en ; TX:tx|data[4]            ; clk      ;
; N/A           ; None        ; 1.782 ns  ; transmit_en ; TX:tx|data[6]            ; clk      ;
; N/A           ; None        ; 1.782 ns  ; transmit_en ; TX:tx|data[5]            ; clk      ;
; N/A           ; None        ; 1.782 ns  ; transmit_en ; TX:tx|data[0]            ; clk      ;
; N/A           ; None        ; 1.782 ns  ; transmit_en ; TX:tx|data[1]            ; clk      ;
; N/A           ; None        ; 1.782 ns  ; transmit_en ; TX:tx|data[2]            ; clk      ;
; N/A           ; None        ; 1.782 ns  ; transmit_en ; TX:tx|data[3]            ; clk      ;
; N/A           ; None        ; 1.724 ns  ; rst         ; TX:tx|data[4]            ; clk      ;
; N/A           ; None        ; 1.724 ns  ; rst         ; TX:tx|data[6]            ; clk      ;
; N/A           ; None        ; 1.724 ns  ; rst         ; TX:tx|data[5]            ; clk      ;
; N/A           ; None        ; 1.724 ns  ; rst         ; TX:tx|data[0]            ; clk      ;
; N/A           ; None        ; 1.724 ns  ; rst         ; TX:tx|data[1]            ; clk      ;
; N/A           ; None        ; 1.724 ns  ; rst         ; TX:tx|data[2]            ; clk      ;
; N/A           ; None        ; 1.724 ns  ; rst         ; TX:tx|data[3]            ; clk      ;
; N/A           ; None        ; -0.138 ns ; data_in[5]  ; TX:tx|data[5]            ; clk      ;
; N/A           ; None        ; -0.338 ns ; rst         ; pulseM:p|pulse           ; clk      ;
; N/A           ; None        ; -0.383 ns ; data_in[2]  ; TX:tx|data[2]            ; clk      ;
; N/A           ; None        ; -0.396 ns ; data_in[6]  ; TX:tx|data[6]            ; clk      ;
; N/A           ; None        ; -0.429 ns ; data_in[4]  ; TX:tx|data[4]            ; clk      ;
; N/A           ; None        ; -0.436 ns ; rst         ; pulseM:p|counter[17]     ; clk      ;
; N/A           ; None        ; -0.436 ns ; rst         ; pulseM:p|counter[13]     ; clk      ;
; N/A           ; None        ; -0.438 ns ; rst         ; pulseM:p|counter[30]     ; clk      ;
; N/A           ; None        ; -0.439 ns ; rst         ; pulseM:p|counter[14]     ; clk      ;
; N/A           ; None        ; -0.440 ns ; data_in[3]  ; TX:tx|data[3]            ; clk      ;
; N/A           ; None        ; -0.487 ns ; rst         ; pulseM:p|counter[6]      ; clk      ;
; N/A           ; None        ; -0.488 ns ; rst         ; pulseM:p|counter[7]      ; clk      ;
; N/A           ; None        ; -0.488 ns ; rst         ; pulseM:p|counter[5]      ; clk      ;
; N/A           ; None        ; -0.491 ns ; rst         ; pulseM:p|counter[8]      ; clk      ;
; N/A           ; None        ; -0.493 ns ; rst         ; pulseM:p|counter[3]      ; clk      ;
; N/A           ; None        ; -0.497 ns ; rst         ; pulseM:p|counter[1]      ; clk      ;
; N/A           ; None        ; -0.497 ns ; rst         ; pulseM:p|counter[0]      ; clk      ;
; N/A           ; None        ; -0.497 ns ; rst         ; pulseM:p|counter[4]      ; clk      ;
; N/A           ; None        ; -0.498 ns ; rst         ; pulseM:p|counter[2]      ; clk      ;
; N/A           ; None        ; -0.498 ns ; rst         ; pulseM:p|counter[9]      ; clk      ;
; N/A           ; None        ; -0.513 ns ; rst         ; pulseM:p|counter[28]     ; clk      ;
; N/A           ; None        ; -0.516 ns ; rst         ; pulseM:p|counter[20]     ; clk      ;
; N/A           ; None        ; -0.516 ns ; rst         ; pulseM:p|counter[26]     ; clk      ;
; N/A           ; None        ; -0.520 ns ; rst         ; pulseM:p|counter[29]     ; clk      ;
; N/A           ; None        ; -0.524 ns ; rst         ; pulseM:p|counter[27]     ; clk      ;
; N/A           ; None        ; -0.524 ns ; rst         ; pulseM:p|counter[25]     ; clk      ;
; N/A           ; None        ; -0.529 ns ; rst         ; pulseM:p|counter[21]     ; clk      ;
; N/A           ; None        ; -0.529 ns ; rst         ; pulseM:p|counter[22]     ; clk      ;
; N/A           ; None        ; -0.530 ns ; rst         ; pulseM:p|counter[23]     ; clk      ;
; N/A           ; None        ; -0.530 ns ; rst         ; pulseM:p|counter[24]     ; clk      ;
; N/A           ; None        ; -0.567 ns ; rst         ; pulseM:p|counter[16]     ; clk      ;
; N/A           ; None        ; -0.567 ns ; rst         ; pulseM:p|counter[11]     ; clk      ;
; N/A           ; None        ; -0.570 ns ; rst         ; pulseM:p|counter[19]     ; clk      ;
; N/A           ; None        ; -0.570 ns ; rst         ; pulseM:p|counter[12]     ; clk      ;
; N/A           ; None        ; -0.571 ns ; rst         ; pulseM:p|counter[18]     ; clk      ;
; N/A           ; None        ; -0.571 ns ; rst         ; pulseM:p|counter[15]     ; clk      ;
; N/A           ; None        ; -0.571 ns ; rst         ; pulseM:p|counter[10]     ; clk      ;
; N/A           ; None        ; -0.721 ns ; rst         ; pulseM:p|counter[31]     ; clk      ;
; N/A           ; None        ; -0.788 ns ; rx_in_bit   ; RX:rx|last_s_in          ; clk      ;
; N/A           ; None        ; -1.063 ns ; rx_in_bit   ; RX:rx|data[6]            ; clk      ;
; N/A           ; None        ; -1.149 ns ; rx_in_bit   ; RX:rx|parity             ; clk      ;
; N/A           ; None        ; -1.680 ns ; rx_in_bit   ; RX:rx|data[1]            ; clk      ;
; N/A           ; None        ; -1.681 ns ; rx_in_bit   ; RX:rx|data[3]            ; clk      ;
; N/A           ; None        ; -1.681 ns ; rx_in_bit   ; RX:rx|data[4]            ; clk      ;
; N/A           ; None        ; -1.682 ns ; rx_in_bit   ; RX:rx|data[0]            ; clk      ;
; N/A           ; None        ; -1.682 ns ; rx_in_bit   ; RX:rx|data[5]            ; clk      ;
; N/A           ; None        ; -1.684 ns ; rx_in_bit   ; RX:rx|data[2]            ; clk      ;
; N/A           ; None        ; -1.699 ns ; rx_in_bit   ; RX:rx|state.S_RECEIVE    ; clk      ;
; N/A           ; None        ; -1.707 ns ; rx_in_bit   ; RX:rx|state.S_IDLE       ; clk      ;
; N/A           ; None        ; -1.859 ns ; rx_in_bit   ; RX:rx|data_index[0]      ; clk      ;
; N/A           ; None        ; -1.881 ns ; rx_in_bit   ; RX:rx|received           ; clk      ;
; N/A           ; None        ; -2.400 ns ; rx_in_bit   ; RX:rx|data_index[2]      ; clk      ;
; N/A           ; None        ; -2.400 ns ; rx_in_bit   ; RX:rx|data_index[1]      ; clk      ;
+---------------+-------------+-----------+-------------+--------------------------+----------+


+--------------------------+
; Timing Analyzer Messages ;
+--------------------------+
Info: *******************************************************************
Info: Running Quartus II Classic Timing Analyzer
    Info: Version 9.0 Build 132 02/25/2009 SJ Web Edition
    Info: Processing started: Wed May 17 15:11:06 2023
Info: Command: quartus_tan --read_settings_files=off --write_settings_files=off Az7 -c Az7 --timing_analysis_only
Warning: Found pins functioning as undefined clocks and/or memory enables
    Info: Assuming node "clk" is an undefined clock
Warning: Found 1 node(s) in clock paths which may be acting as ripple and/or gated clocks -- node(s) analyzed as buffer(s) resulting in clock skew
    Info: Detected ripple clock "pulseM:p|pulse" as buffer
Info: Clock "clk" has Internal fmax of 205.51 MHz between source register "pulseM:p|counter[0]" and destination register "pulseM:p|counter[31]" (period= 4.866 ns)
    Info: + Longest register to register delay is 4.652 ns
        Info: 1: + IC(0.000 ns) + CELL(0.000 ns) = 0.000 ns; Loc. = LCFF_X24_Y14_N9; Fanout = 3; REG Node = 'pulseM:p|counter[0]'
        Info: 2: + IC(0.498 ns) + CELL(0.393 ns) = 0.891 ns; Loc. = LCCOMB_X23_Y14_N0; Fanout = 2; COMB Node = 'pulseM:p|Add0~1'
        Info: 3: + IC(0.000 ns) + CELL(0.071 ns) = 0.962 ns; Loc. = LCCOMB_X23_Y14_N2; Fanout = 2; COMB Node = 'pulseM:p|Add0~3'
        Info: 4: + IC(0.000 ns) + CELL(0.071 ns) = 1.033 ns; Loc. = LCCOMB_X23_Y14_N4; Fanout = 2; COMB Node = 'pulseM:p|Add0~5'
        Info: 5: + IC(0.000 ns) + CELL(0.071 ns) = 1.104 ns; Loc. = LCCOMB_X23_Y14_N6; Fanout = 2; COMB Node = 'pulseM:p|Add0~7'
        Info: 6: + IC(0.000 ns) + CELL(0.071 ns) = 1.175 ns; Loc. = LCCOMB_X23_Y14_N8; Fanout = 2; COMB Node = 'pulseM:p|Add0~9'
        Info: 7: + IC(0.000 ns) + CELL(0.071 ns) = 1.246 ns; Loc. = LCCOMB_X23_Y14_N10; Fanout = 2; COMB Node = 'pulseM:p|Add0~11'
        Info: 8: + IC(0.000 ns) + CELL(0.071 ns) = 1.317 ns; Loc. = LCCOMB_X23_Y14_N12; Fanout = 2; COMB Node = 'pulseM:p|Add0~13'
        Info: 9: + IC(0.000 ns) + CELL(0.159 ns) = 1.476 ns; Loc. = LCCOMB_X23_Y14_N14; Fanout = 2; COMB Node = 'pulseM:p|Add0~15'
        Info: 10: + IC(0.000 ns) + CELL(0.071 ns) = 1.547 ns; Loc. = LCCOMB_X23_Y14_N16; Fanout = 2; COMB Node = 'pulseM:p|Add0~17'
        Info: 11: + IC(0.000 ns) + CELL(0.071 ns) = 1.618 ns; Loc. = LCCOMB_X23_Y14_N18; Fanout = 2; COMB Node = 'pulseM:p|Add0~19'
        Info: 12: + IC(0.000 ns) + CELL(0.071 ns) = 1.689 ns; Loc. = LCCOMB_X23_Y14_N20; Fanout = 2; COMB Node = 'pulseM:p|Add0~21'
        Info: 13: + IC(0.000 ns) + CELL(0.071 ns) = 1.760 ns; Loc. = LCCOMB_X23_Y14_N22; Fanout = 2; COMB Node = 'pulseM:p|Add0~23'
        Info: 14: + IC(0.000 ns) + CELL(0.071 ns) = 1.831 ns; Loc. = LCCOMB_X23_Y14_N24; Fanout = 2; COMB Node = 'pulseM:p|Add0~25'
        Info: 15: + IC(0.000 ns) + CELL(0.071 ns) = 1.902 ns; Loc. = LCCOMB_X23_Y14_N26; Fanout = 2; COMB Node = 'pulseM:p|Add0~27'
        Info: 16: + IC(0.000 ns) + CELL(0.071 ns) = 1.973 ns; Loc. = LCCOMB_X23_Y14_N28; Fanout = 2; COMB Node = 'pulseM:p|Add0~29'
        Info: 17: + IC(0.000 ns) + CELL(0.146 ns) = 2.119 ns; Loc. = LCCOMB_X23_Y14_N30; Fanout = 2; COMB Node = 'pulseM:p|Add0~31'
        Info: 18: + IC(0.000 ns) + CELL(0.071 ns) = 2.190 ns; Loc. = LCCOMB_X23_Y13_N0; Fanout = 2; COMB Node = 'pulseM:p|Add0~33'
        Info: 19: + IC(0.000 ns) + CELL(0.071 ns) = 2.261 ns; Loc. = LCCOMB_X23_Y13_N2; Fanout = 2; COMB Node = 'pulseM:p|Add0~35'
        Info: 20: + IC(0.000 ns) + CELL(0.071 ns) = 2.332 ns; Loc. = LCCOMB_X23_Y13_N4; Fanout = 2; COMB Node = 'pulseM:p|Add0~37'
        Info: 21: + IC(0.000 ns) + CELL(0.071 ns) = 2.403 ns; Loc. = LCCOMB_X23_Y13_N6; Fanout = 2; COMB Node = 'pulseM:p|Add0~39'
        Info: 22: + IC(0.000 ns) + CELL(0.071 ns) = 2.474 ns; Loc. = LCCOMB_X23_Y13_N8; Fanout = 2; COMB Node = 'pulseM:p|Add0~41'
        Info: 23: + IC(0.000 ns) + CELL(0.071 ns) = 2.545 ns; Loc. = LCCOMB_X23_Y13_N10; Fanout = 2; COMB Node = 'pulseM:p|Add0~43'
        Info: 24: + IC(0.000 ns) + CELL(0.071 ns) = 2.616 ns; Loc. = LCCOMB_X23_Y13_N12; Fanout = 2; COMB Node = 'pulseM:p|Add0~45'
        Info: 25: + IC(0.000 ns) + CELL(0.159 ns) = 2.775 ns; Loc. = LCCOMB_X23_Y13_N14; Fanout = 2; COMB Node = 'pulseM:p|Add0~47'
        Info: 26: + IC(0.000 ns) + CELL(0.071 ns) = 2.846 ns; Loc. = LCCOMB_X23_Y13_N16; Fanout = 2; COMB Node = 'pulseM:p|Add0~49'
        Info: 27: + IC(0.000 ns) + CELL(0.071 ns) = 2.917 ns; Loc. = LCCOMB_X23_Y13_N18; Fanout = 2; COMB Node = 'pulseM:p|Add0~51'
        Info: 28: + IC(0.000 ns) + CELL(0.071 ns) = 2.988 ns; Loc. = LCCOMB_X23_Y13_N20; Fanout = 2; COMB Node = 'pulseM:p|Add0~53'
        Info: 29: + IC(0.000 ns) + CELL(0.071 ns) = 3.059 ns; Loc. = LCCOMB_X23_Y13_N22; Fanout = 2; COMB Node = 'pulseM:p|Add0~55'
        Info: 30: + IC(0.000 ns) + CELL(0.071 ns) = 3.130 ns; Loc. = LCCOMB_X23_Y13_N24; Fanout = 2; COMB Node = 'pulseM:p|Add0~57'
        Info: 31: + IC(0.000 ns) + CELL(0.071 ns) = 3.201 ns; Loc. = LCCOMB_X23_Y13_N26; Fanout = 2; COMB Node = 'pulseM:p|Add0~59'
        Info: 32: + IC(0.000 ns) + CELL(0.071 ns) = 3.272 ns; Loc. = LCCOMB_X23_Y13_N28; Fanout = 1; COMB Node = 'pulseM:p|Add0~61'
        Info: 33: + IC(0.000 ns) + CELL(0.410 ns) = 3.682 ns; Loc. = LCCOMB_X23_Y13_N30; Fanout = 1; COMB Node = 'pulseM:p|Add0~62'
        Info: 34: + IC(0.736 ns) + CELL(0.150 ns) = 4.568 ns; Loc. = LCCOMB_X24_Y14_N14; Fanout = 1; COMB Node = 'pulseM:p|counter~95'
        Info: 35: + IC(0.000 ns) + CELL(0.084 ns) = 4.652 ns; Loc. = LCFF_X24_Y14_N15; Fanout = 2; REG Node = 'pulseM:p|counter[31]'
        Info: Total cell delay = 3.418 ns ( 73.47 % )
        Info: Total interconnect delay = 1.234 ns ( 26.53 % )
    Info: - Smallest clock skew is 0.000 ns
        Info: + Shortest clock path from clock "clk" to destination register is 2.681 ns
            Info: 1: + IC(0.000 ns) + CELL(0.999 ns) = 0.999 ns; Loc. = PIN_N2; Fanout = 2; CLK Node = 'clk'
            Info: 2: + IC(0.118 ns) + CELL(0.000 ns) = 1.117 ns; Loc. = CLKCTRL_G2; Fanout = 32; COMB Node = 'clk~clkctrl'
            Info: 3: + IC(1.027 ns) + CELL(0.537 ns) = 2.681 ns; Loc. = LCFF_X24_Y14_N15; Fanout = 2; REG Node = 'pulseM:p|counter[31]'
            Info: Total cell delay = 1.536 ns ( 57.29 % )
            Info: Total interconnect delay = 1.145 ns ( 42.71 % )
        Info: - Longest clock path from clock "clk" to source register is 2.681 ns
            Info: 1: + IC(0.000 ns) + CELL(0.999 ns) = 0.999 ns; Loc. = PIN_N2; Fanout = 2; CLK Node = 'clk'
            Info: 2: + IC(0.118 ns) + CELL(0.000 ns) = 1.117 ns; Loc. = CLKCTRL_G2; Fanout = 32; COMB Node = 'clk~clkctrl'
            Info: 3: + IC(1.027 ns) + CELL(0.537 ns) = 2.681 ns; Loc. = LCFF_X24_Y14_N9; Fanout = 3; REG Node = 'pulseM:p|counter[0]'
            Info: Total cell delay = 1.536 ns ( 57.29 % )
            Info: Total interconnect delay = 1.145 ns ( 42.71 % )
    Info: + Micro clock to output delay of source is 0.250 ns
    Info: + Micro setup delay of destination is -0.036 ns
Info: tsu for register "RX:rx|data_index[2]" (data pin = "rx_in_bit", clock pin = "clk") is 2.630 ns
    Info: + Longest pin to register delay is 9.072 ns
        Info: 1: + IC(0.000 ns) + CELL(0.862 ns) = 0.862 ns; Loc. = PIN_K25; Fanout = 7; PIN Node = 'rx_in_bit'
        Info: 2: + IC(6.369 ns) + CELL(0.378 ns) = 7.609 ns; Loc. = LCCOMB_X34_Y1_N22; Fanout = 3; COMB Node = 'RX:rx|always0~0'
        Info: 3: + IC(0.281 ns) + CELL(0.150 ns) = 8.040 ns; Loc. = LCCOMB_X34_Y1_N30; Fanout = 3; COMB Node = 'RX:rx|data_index[2]~3'
        Info: 4: + IC(0.372 ns) + CELL(0.660 ns) = 9.072 ns; Loc. = LCFF_X35_Y1_N9; Fanout = 9; REG Node = 'RX:rx|data_index[2]'
        Info: Total cell delay = 2.050 ns ( 22.60 % )
        Info: Total interconnect delay = 7.022 ns ( 77.40 % )
    Info: + Micro setup delay of destination is -0.036 ns
    Info: - Shortest clock path from clock "clk" to destination register is 6.406 ns
        Info: 1: + IC(0.000 ns) + CELL(0.999 ns) = 0.999 ns; Loc. = PIN_N2; Fanout = 2; CLK Node = 'clk'
        Info: 2: + IC(1.353 ns) + CELL(0.787 ns) = 3.139 ns; Loc. = LCFF_X22_Y13_N7; Fanout = 2; REG Node = 'pulseM:p|pulse'
        Info: 3: + IC(1.702 ns) + CELL(0.000 ns) = 4.841 ns; Loc. = CLKCTRL_G3; Fanout = 34; COMB Node = 'pulseM:p|pulse~clkctrl'
        Info: 4: + IC(1.028 ns) + CELL(0.537 ns) = 6.406 ns; Loc. = LCFF_X35_Y1_N9; Fanout = 9; REG Node = 'RX:rx|data_index[2]'
        Info: Total cell delay = 2.323 ns ( 36.26 % )
        Info: Total interconnect delay = 4.083 ns ( 63.74 % )
Info: tco from clock "clk" to destination pin "tx_out_bit" through register "TX:tx|s_out" is 12.147 ns
    Info: + Longest clock path from clock "clk" to source register is 6.392 ns
        Info: 1: + IC(0.000 ns) + CELL(0.999 ns) = 0.999 ns; Loc. = PIN_N2; Fanout = 2; CLK Node = 'clk'
        Info: 2: + IC(1.353 ns) + CELL(0.787 ns) = 3.139 ns; Loc. = LCFF_X22_Y13_N7; Fanout = 2; REG Node = 'pulseM:p|pulse'
        Info: 3: + IC(1.702 ns) + CELL(0.000 ns) = 4.841 ns; Loc. = CLKCTRL_G3; Fanout = 34; COMB Node = 'pulseM:p|pulse~clkctrl'
        Info: 4: + IC(1.014 ns) + CELL(0.537 ns) = 6.392 ns; Loc. = LCFF_X29_Y9_N25; Fanout = 2; REG Node = 'TX:tx|s_out'
        Info: Total cell delay = 2.323 ns ( 36.34 % )
        Info: Total interconnect delay = 4.069 ns ( 63.66 % )
    Info: + Micro clock to output delay of source is 0.250 ns
    Info: + Longest register to pin delay is 5.505 ns
        Info: 1: + IC(0.000 ns) + CELL(0.000 ns) = 0.000 ns; Loc. = LCFF_X29_Y9_N25; Fanout = 2; REG Node = 'TX:tx|s_out'
        Info: 2: + IC(2.853 ns) + CELL(2.652 ns) = 5.505 ns; Loc. = PIN_K26; Fanout = 0; PIN Node = 'tx_out_bit'
        Info: Total cell delay = 2.652 ns ( 48.17 % )
        Info: Total interconnect delay = 2.853 ns ( 51.83 % )
Info: th for register "TX:tx|data[1]" (data pin = "data_in[1]", clock pin = "clk") is 3.367 ns
    Info: + Longest clock path from clock "clk" to destination register is 6.392 ns
        Info: 1: + IC(0.000 ns) + CELL(0.999 ns) = 0.999 ns; Loc. = PIN_N2; Fanout = 2; CLK Node = 'clk'
        Info: 2: + IC(1.353 ns) + CELL(0.787 ns) = 3.139 ns; Loc. = LCFF_X22_Y13_N7; Fanout = 2; REG Node = 'pulseM:p|pulse'
        Info: 3: + IC(1.702 ns) + CELL(0.000 ns) = 4.841 ns; Loc. = CLKCTRL_G3; Fanout = 34; COMB Node = 'pulseM:p|pulse~clkctrl'
        Info: 4: + IC(1.014 ns) + CELL(0.537 ns) = 6.392 ns; Loc. = LCFF_X29_Y9_N23; Fanout = 2; REG Node = 'TX:tx|data[1]'
        Info: Total cell delay = 2.323 ns ( 36.34 % )
        Info: Total interconnect delay = 4.069 ns ( 63.66 % )
    Info: + Micro hold delay of destination is 0.266 ns
    Info: - Shortest pin to register delay is 3.291 ns
        Info: 1: + IC(0.000 ns) + CELL(0.999 ns) = 0.999 ns; Loc. = PIN_P2; Fanout = 1; PIN Node = 'data_in[1]'
        Info: 2: + IC(1.926 ns) + CELL(0.366 ns) = 3.291 ns; Loc. = LCFF_X29_Y9_N23; Fanout = 2; REG Node = 'TX:tx|data[1]'
        Info: Total cell delay = 1.365 ns ( 41.48 % )
        Info: Total interconnect delay = 1.926 ns ( 58.52 % )
Info: Quartus II Classic Timing Analyzer was successful. 0 errors, 2 warnings
    Info: Peak virtual memory: 193 megabytes
    Info: Processing ended: Wed May 17 15:11:06 2023
    Info: Elapsed time: 00:00:00
    Info: Total CPU time (on all processors): 00:00:00


