Flow report for AZ9
Wed May 24 20:30:04 2023
Quartus II Version 9.0 Build 132 02/25/2009 SJ Web Edition


---------------------
; Table of Contents ;
---------------------
  1. Legal Notice
  2. Flow Summary
  3. Flow Settings
  4. Flow Non-Default Global Settings
  5. Flow Elapsed Time
  6. Flow OS Summary
  7. Flow Log



----------------
; Legal Notice ;
----------------
Copyright (C) 1991-2009 Altera Corporation
Your use of Altera Corporation's design tools, logic functions 
and other software and tools, and its AMPP partner logic 
functions, and any output files from any of the foregoing 
(including device programming or simulation files), and any 
associated documentation or information are expressly subject 
to the terms and conditions of the Altera Program License 
Subscription Agreement, Altera MegaCore Function License 
Agreement, or other applicable license agreement, including, 
without limitation, that your use is for the sole purpose of 
programming logic devices manufactured by Altera and sold by 
Altera or its authorized distributors.  Please refer to the 
applicable agreement for further details.



+------------------------------------------------------------------------------+
; Flow Summary                                                                 ;
+------------------------------------+-----------------------------------------+
; Flow Status                        ; Successful - Wed May 24 20:30:04 2023   ;
; Quartus II Version                 ; 9.0 Build 132 02/25/2009 SJ Web Edition ;
; Revision Name                      ; AZ9                                     ;
; Top-level Entity Name              ; TCAM                                    ;
; Family                             ; Cyclone II                              ;
; Device                             ; EP2C35F672C6                            ;
; Timing Models                      ; Final                                   ;
; Met timing requirements            ; Yes                                     ;
; Total logic elements               ; 97 / 33,216 ( < 1 % )                   ;
;     Total combinational functions  ; 65 / 33,216 ( < 1 % )                   ;
;     Dedicated logic registers      ; 80 / 33,216 ( < 1 % )                   ;
; Total registers                    ; 80                                      ;
; Total pins                         ; 31 / 475 ( 7 % )                        ;
; Total virtual pins                 ; 0                                       ;
; Total memory bits                  ; 0 / 483,840 ( 0 % )                     ;
; Embedded Multiplier 9-bit elements ; 0 / 70 ( 0 % )                          ;
; Total PLLs                         ; 0 / 4 ( 0 % )                           ;
+------------------------------------+-----------------------------------------+


+-----------------------------------------+
; Flow Settings                           ;
+-------------------+---------------------+
; Option            ; Setting             ;
+-------------------+---------------------+
; Start date & time ; 05/24/2023 20:29:57 ;
; Main task         ; Compilation         ;
; Revision Name     ; AZ9                 ;
+-------------------+---------------------+


+----------------------------------------------------------------------------------------------------------------------------+
; Flow Non-Default Global Settings                                                                                           ;
+------------------------------------+----------------------------------------+---------------+-------------+----------------+
; Assignment Name                    ; Value                                  ; Default Value ; Entity Name ; Section Id     ;
+------------------------------------+----------------------------------------+---------------+-------------+----------------+
; COMPILER_SIGNATURE_ID              ; 0.168498539705940                      ; --            ; --          ; --             ;
; MAX_CORE_JUNCTION_TEMP             ; 85                                     ; --            ; --          ; --             ;
; MIN_CORE_JUNCTION_TEMP             ; 0                                      ; --            ; --          ; --             ;
; MISC_FILE                          ; C:/Users/FPGA-6/Desktop/AZ9_ma/AZ9.dpf ; --            ; --          ; --             ;
; PARTITION_COLOR                    ; 16764057                               ; --            ; TCAM        ; Top            ;
; PARTITION_NETLIST_TYPE             ; SOURCE                                 ; --            ; TCAM        ; Top            ;
; TOP_LEVEL_ENTITY                   ; TCAM                                   ; AZ9           ; --          ; --             ;
; USE_GENERATED_PHYSICAL_CONSTRAINTS ; Off                                    ; --            ; --          ; eda_blast_fpga ;
+------------------------------------+----------------------------------------+---------------+-------------+----------------+


+-----------------------------------------------------------------------------------------------------------------------------+
; Flow Elapsed Time                                                                                                           ;
+-------------------------+--------------+-------------------------+---------------------+------------------------------------+
; Module Name             ; Elapsed Time ; Average Processors Used ; Peak Virtual Memory ; Total CPU Time (on all processors) ;
+-------------------------+--------------+-------------------------+---------------------+------------------------------------+
; Analysis & Synthesis    ; 00:00:01     ; 1.0                     ; 232 MB              ; 00:00:00                           ;
; Fitter                  ; 00:00:02     ; 1.0                     ; 311 MB              ; 00:00:02                           ;
; Assembler               ; 00:00:02     ; 1.0                     ; 274 MB              ; 00:00:01                           ;
; Classic Timing Analyzer ; 00:00:00     ; 1.0                     ; 182 MB              ; 00:00:00                           ;
; Total                   ; 00:00:05     ; --                      ; --                  ; 00:00:03                           ;
+-------------------------+--------------+-------------------------+---------------------+------------------------------------+


+------------------------------------------------------------------------------------------+
; Flow OS Summary                                                                          ;
+-------------------------+------------------+---------------+------------+----------------+
; Module Name             ; Machine Hostname ; OS Name       ; OS Version ; Processor type ;
+-------------------------+------------------+---------------+------------+----------------+
; Analysis & Synthesis    ; DESKTOP-6LRL9H4  ; Windows Vista ; 6.2        ; x86_64         ;
; Fitter                  ; DESKTOP-6LRL9H4  ; Windows Vista ; 6.2        ; x86_64         ;
; Assembler               ; DESKTOP-6LRL9H4  ; Windows Vista ; 6.2        ; x86_64         ;
; Classic Timing Analyzer ; DESKTOP-6LRL9H4  ; Windows Vista ; 6.2        ; x86_64         ;
+-------------------------+------------------+---------------+------------+----------------+


------------
; Flow Log ;
------------
quartus_map --read_settings_files=on --write_settings_files=off AZ9 -c AZ9
quartus_fit --read_settings_files=off --write_settings_files=off AZ9 -c AZ9
quartus_asm --read_settings_files=off --write_settings_files=off AZ9 -c AZ9
quartus_tan --read_settings_files=off --write_settings_files=off AZ9 -c AZ9 --timing_analysis_only



