Classic Timing Analyzer report for AAZ
Wed Apr 26 13:50:35 2023
Quartus II Version 9.0 Build 132 02/25/2009 SJ Web Edition


---------------------
; Table of Contents ;
---------------------
  1. Legal Notice
  2. Timing Analyzer Summary
  3. Timing Analyzer Settings
  4. Clock Settings Summary
  5. Parallel Compilation
  6. Clock Setup: 'clk'
  7. tsu
  8. tco
  9. th
 10. Timing Analyzer Messages



----------------
; Legal Notice ;
----------------
Copyright (C) 1991-2009 Altera Corporation
Your use of Altera Corporation's design tools, logic functions 
and other software and tools, and its AMPP partner logic 
functions, and any output files from any of the foregoing 
(including device programming or simulation files), and any 
associated documentation or information are expressly subject 
to the terms and conditions of the Altera Program License 
Subscription Agreement, Altera MegaCore Function License 
Agreement, or other applicable license agreement, including, 
without limitation, that your use is for the sole purpose of 
programming logic devices manufactured by Altera and sold by 
Altera or its authorized distributors.  Please refer to the 
applicable agreement for further details.



+---------------------------------------------------------------------------------------------------------------------------------------------------------------------+
; Timing Analyzer Summary                                                                                                                                             ;
+------------------------------+-------+---------------+----------------------------------+------------------+-----------------+------------+----------+--------------+
; Type                         ; Slack ; Required Time ; Actual Time                      ; From             ; To              ; From Clock ; To Clock ; Failed Paths ;
+------------------------------+-------+---------------+----------------------------------+------------------+-----------------+------------+----------+--------------+
; Worst-case tsu               ; N/A   ; None          ; 5.570 ns                         ; pop              ; stack_mem[0][3] ; --         ; clk      ; 0            ;
; Worst-case tco               ; N/A   ; None          ; 6.904 ns                         ; data_out[0]~reg0 ; data_out[0]     ; clk        ; --       ; 0            ;
; Worst-case th                ; N/A   ; None          ; -2.038 ns                        ; rstN             ; stack_mem[5][3] ; --         ; clk      ; 0            ;
; Clock Setup: 'clk'           ; N/A   ; None          ; 365.90 MHz ( period = 2.733 ns ) ; sp[2]~DUPLICATE  ; stack_mem[0][3] ; clk        ; clk      ; 0            ;
; Total number of failed paths ;       ;               ;                                  ;                  ;                 ;            ;          ; 0            ;
+------------------------------+-------+---------------+----------------------------------+------------------+-----------------+------------+----------+--------------+


+--------------------------------------------------------------------------------------------------------------------+
; Timing Analyzer Settings                                                                                           ;
+---------------------------------------------------------------------+--------------------+------+----+-------------+
; Option                                                              ; Setting            ; From ; To ; Entity Name ;
+---------------------------------------------------------------------+--------------------+------+----+-------------+
; Device Name                                                         ; EP2S15F484C3       ;      ;    ;             ;
; Timing Models                                                       ; Final              ;      ;    ;             ;
; Default hold multicycle                                             ; Same as Multicycle ;      ;    ;             ;
; Cut paths between unrelated clock domains                           ; On                 ;      ;    ;             ;
; Cut off read during write signal paths                              ; On                 ;      ;    ;             ;
; Cut off feedback from I/O pins                                      ; On                 ;      ;    ;             ;
; Report Combined Fast/Slow Timing                                    ; Off                ;      ;    ;             ;
; Ignore Clock Settings                                               ; Off                ;      ;    ;             ;
; Analyze latches as synchronous elements                             ; On                 ;      ;    ;             ;
; Enable Recovery/Removal analysis                                    ; Off                ;      ;    ;             ;
; Enable Clock Latency                                                ; Off                ;      ;    ;             ;
; Use TimeQuest Timing Analyzer                                       ; Off                ;      ;    ;             ;
; Number of source nodes to report per destination node               ; 10                 ;      ;    ;             ;
; Number of destination nodes to report                               ; 10                 ;      ;    ;             ;
; Number of paths to report                                           ; 200                ;      ;    ;             ;
; Report Minimum Timing Checks                                        ; Off                ;      ;    ;             ;
; Use Fast Timing Models                                              ; Off                ;      ;    ;             ;
; Report IO Paths Separately                                          ; Off                ;      ;    ;             ;
; Perform Multicorner Analysis                                        ; On                 ;      ;    ;             ;
; Reports the worst-case path for each clock domain and analysis      ; Off                ;      ;    ;             ;
; Removes common clock path pessimism (CCPP) during slack computation ; Off                ;      ;    ;             ;
; Output I/O Timing Endpoint                                          ; Near End           ;      ;    ;             ;
+---------------------------------------------------------------------+--------------------+------+----+-------------+


+------------------------------------------------------------------------------------------------------------------------------------------------------------------------------------+
; Clock Settings Summary                                                                                                                                                             ;
+-----------------+--------------------+----------+------------------+---------------+--------------+----------+-----------------------+---------------------+--------+--------------+
; Clock Node Name ; Clock Setting Name ; Type     ; Fmax Requirement ; Early Latency ; Late Latency ; Based on ; Multiply Base Fmax by ; Divide Base Fmax by ; Offset ; Phase offset ;
+-----------------+--------------------+----------+------------------+---------------+--------------+----------+-----------------------+---------------------+--------+--------------+
; clk             ;                    ; User Pin ; None             ; 0.000 ns      ; 0.000 ns     ; --       ; N/A                   ; N/A                 ; N/A    ;              ;
+-----------------+--------------------+----------+------------------+---------------+--------------+----------+-----------------------+---------------------+--------+--------------+


Parallel compilation was disabled, but you have multiple processors available. Enable parallel compilation to reduce compilation time.
+-------------------------------------+
; Parallel Compilation                ;
+----------------------------+--------+
; Processors                 ; Number ;
+----------------------------+--------+
; Number detected on machine ; 16     ;
; Maximum allowed            ; 1      ;
+----------------------------+--------+


+------------------------------------------------------------------------------------------------------------------------------------------------------------------------------------------------------------------------------------------------+
; Clock Setup: 'clk'                                                                                                                                                                                                                             ;
+-----------------------------------------+-----------------------------------------------------+-----------------+------------------+------------+----------+-----------------------------+---------------------------+-------------------------+
; Slack                                   ; Actual fmax (period)                                ; From            ; To               ; From Clock ; To Clock ; Required Setup Relationship ; Required Longest P2P Time ; Actual Longest P2P Time ;
+-----------------------------------------+-----------------------------------------------------+-----------------+------------------+------------+----------+-----------------------------+---------------------------+-------------------------+
; N/A                                     ; 365.90 MHz ( period = 2.733 ns )                    ; sp[2]~DUPLICATE ; stack_mem[0][0]  ; clk        ; clk      ; None                        ; None                      ; 2.532 ns                ;
; N/A                                     ; 365.90 MHz ( period = 2.733 ns )                    ; sp[2]~DUPLICATE ; stack_mem[0][1]  ; clk        ; clk      ; None                        ; None                      ; 2.532 ns                ;
; N/A                                     ; 365.90 MHz ( period = 2.733 ns )                    ; sp[2]~DUPLICATE ; stack_mem[0][2]  ; clk        ; clk      ; None                        ; None                      ; 2.532 ns                ;
; N/A                                     ; 365.90 MHz ( period = 2.733 ns )                    ; sp[2]~DUPLICATE ; stack_mem[0][3]  ; clk        ; clk      ; None                        ; None                      ; 2.532 ns                ;
; N/A                                     ; 369.00 MHz ( period = 2.710 ns )                    ; sp[1]           ; stack_mem[4][0]  ; clk        ; clk      ; None                        ; None                      ; 2.509 ns                ;
; N/A                                     ; 369.00 MHz ( period = 2.710 ns )                    ; sp[1]           ; stack_mem[4][1]  ; clk        ; clk      ; None                        ; None                      ; 2.509 ns                ;
; N/A                                     ; 369.00 MHz ( period = 2.710 ns )                    ; sp[1]           ; stack_mem[4][2]  ; clk        ; clk      ; None                        ; None                      ; 2.509 ns                ;
; N/A                                     ; 369.00 MHz ( period = 2.710 ns )                    ; sp[1]           ; stack_mem[4][3]  ; clk        ; clk      ; None                        ; None                      ; 2.509 ns                ;
; N/A                                     ; 370.23 MHz ( period = 2.701 ns )                    ; sp[2]~DUPLICATE ; stack_mem[6][2]  ; clk        ; clk      ; None                        ; None                      ; 2.500 ns                ;
; N/A                                     ; 386.10 MHz ( period = 2.590 ns )                    ; sp[1]           ; stack_mem[0][0]  ; clk        ; clk      ; None                        ; None                      ; 2.389 ns                ;
; N/A                                     ; 386.10 MHz ( period = 2.590 ns )                    ; sp[1]           ; stack_mem[0][1]  ; clk        ; clk      ; None                        ; None                      ; 2.389 ns                ;
; N/A                                     ; 386.10 MHz ( period = 2.590 ns )                    ; sp[1]           ; stack_mem[0][2]  ; clk        ; clk      ; None                        ; None                      ; 2.389 ns                ;
; N/A                                     ; 386.10 MHz ( period = 2.590 ns )                    ; sp[1]           ; stack_mem[0][3]  ; clk        ; clk      ; None                        ; None                      ; 2.389 ns                ;
; N/A                                     ; 389.11 MHz ( period = 2.570 ns )                    ; full~reg0       ; stack_mem[0][0]  ; clk        ; clk      ; None                        ; None                      ; 2.370 ns                ;
; N/A                                     ; 389.11 MHz ( period = 2.570 ns )                    ; full~reg0       ; stack_mem[0][1]  ; clk        ; clk      ; None                        ; None                      ; 2.370 ns                ;
; N/A                                     ; 389.11 MHz ( period = 2.570 ns )                    ; full~reg0       ; stack_mem[0][2]  ; clk        ; clk      ; None                        ; None                      ; 2.370 ns                ;
; N/A                                     ; 389.11 MHz ( period = 2.570 ns )                    ; full~reg0       ; stack_mem[0][3]  ; clk        ; clk      ; None                        ; None                      ; 2.370 ns                ;
; N/A                                     ; 389.26 MHz ( period = 2.569 ns )                    ; sp[1]           ; stack_mem[6][2]  ; clk        ; clk      ; None                        ; None                      ; 2.368 ns                ;
; N/A                                     ; 391.39 MHz ( period = 2.555 ns )                    ; sp[2]           ; stack_mem[4][0]  ; clk        ; clk      ; None                        ; None                      ; 2.354 ns                ;
; N/A                                     ; 391.39 MHz ( period = 2.555 ns )                    ; sp[2]           ; stack_mem[4][1]  ; clk        ; clk      ; None                        ; None                      ; 2.354 ns                ;
; N/A                                     ; 391.39 MHz ( period = 2.555 ns )                    ; sp[2]           ; stack_mem[4][2]  ; clk        ; clk      ; None                        ; None                      ; 2.354 ns                ;
; N/A                                     ; 391.39 MHz ( period = 2.555 ns )                    ; sp[2]           ; stack_mem[4][3]  ; clk        ; clk      ; None                        ; None                      ; 2.354 ns                ;
; N/A                                     ; 393.08 MHz ( period = 2.544 ns )                    ; sp[0]           ; stack_mem[0][0]  ; clk        ; clk      ; None                        ; None                      ; 2.343 ns                ;
; N/A                                     ; 393.08 MHz ( period = 2.544 ns )                    ; sp[0]           ; stack_mem[0][1]  ; clk        ; clk      ; None                        ; None                      ; 2.343 ns                ;
; N/A                                     ; 393.08 MHz ( period = 2.544 ns )                    ; sp[0]           ; stack_mem[0][2]  ; clk        ; clk      ; None                        ; None                      ; 2.343 ns                ;
; N/A                                     ; 393.08 MHz ( period = 2.544 ns )                    ; sp[0]           ; stack_mem[0][3]  ; clk        ; clk      ; None                        ; None                      ; 2.343 ns                ;
; N/A                                     ; 394.79 MHz ( period = 2.533 ns )                    ; full~reg0       ; stack_mem[6][2]  ; clk        ; clk      ; None                        ; None                      ; 2.333 ns                ;
; N/A                                     ; 395.88 MHz ( period = 2.526 ns )                    ; sp[0]           ; stack_mem[6][2]  ; clk        ; clk      ; None                        ; None                      ; 2.325 ns                ;
; N/A                                     ; 396.04 MHz ( period = 2.525 ns )                    ; full~reg0       ; stack_mem[4][0]  ; clk        ; clk      ; None                        ; None                      ; 2.325 ns                ;
; N/A                                     ; 396.04 MHz ( period = 2.525 ns )                    ; full~reg0       ; stack_mem[4][1]  ; clk        ; clk      ; None                        ; None                      ; 2.325 ns                ;
; N/A                                     ; 396.04 MHz ( period = 2.525 ns )                    ; full~reg0       ; stack_mem[4][2]  ; clk        ; clk      ; None                        ; None                      ; 2.325 ns                ;
; N/A                                     ; 396.04 MHz ( period = 2.525 ns )                    ; full~reg0       ; stack_mem[4][3]  ; clk        ; clk      ; None                        ; None                      ; 2.325 ns                ;
; N/A                                     ; 398.72 MHz ( period = 2.508 ns )                    ; sp[0]           ; stack_mem[4][0]  ; clk        ; clk      ; None                        ; None                      ; 2.307 ns                ;
; N/A                                     ; 398.72 MHz ( period = 2.508 ns )                    ; sp[0]           ; stack_mem[4][1]  ; clk        ; clk      ; None                        ; None                      ; 2.307 ns                ;
; N/A                                     ; 398.72 MHz ( period = 2.508 ns )                    ; sp[0]           ; stack_mem[4][2]  ; clk        ; clk      ; None                        ; None                      ; 2.307 ns                ;
; N/A                                     ; 398.72 MHz ( period = 2.508 ns )                    ; sp[0]           ; stack_mem[4][3]  ; clk        ; clk      ; None                        ; None                      ; 2.307 ns                ;
; N/A                                     ; 399.36 MHz ( period = 2.504 ns )                    ; sp[0]           ; data_out[1]~reg0 ; clk        ; clk      ; None                        ; None                      ; 2.320 ns                ;
; N/A                                     ; 404.69 MHz ( period = 2.471 ns )                    ; full~reg0       ; stack_mem[7][0]  ; clk        ; clk      ; None                        ; None                      ; 2.283 ns                ;
; N/A                                     ; 404.69 MHz ( period = 2.471 ns )                    ; full~reg0       ; stack_mem[7][1]  ; clk        ; clk      ; None                        ; None                      ; 2.283 ns                ;
; N/A                                     ; 404.69 MHz ( period = 2.471 ns )                    ; full~reg0       ; stack_mem[7][2]  ; clk        ; clk      ; None                        ; None                      ; 2.283 ns                ;
; N/A                                     ; 404.69 MHz ( period = 2.471 ns )                    ; full~reg0       ; stack_mem[7][3]  ; clk        ; clk      ; None                        ; None                      ; 2.283 ns                ;
; N/A                                     ; 408.83 MHz ( period = 2.446 ns )                    ; sp[1]           ; stack_mem[7][0]  ; clk        ; clk      ; None                        ; None                      ; 2.257 ns                ;
; N/A                                     ; 408.83 MHz ( period = 2.446 ns )                    ; sp[1]           ; stack_mem[7][1]  ; clk        ; clk      ; None                        ; None                      ; 2.257 ns                ;
; N/A                                     ; 408.83 MHz ( period = 2.446 ns )                    ; sp[1]           ; stack_mem[7][2]  ; clk        ; clk      ; None                        ; None                      ; 2.257 ns                ;
; N/A                                     ; 408.83 MHz ( period = 2.446 ns )                    ; sp[1]           ; stack_mem[7][3]  ; clk        ; clk      ; None                        ; None                      ; 2.257 ns                ;
; N/A                                     ; 425.53 MHz ( period = 2.350 ns )                    ; full~reg0       ; stack_mem[3][0]  ; clk        ; clk      ; None                        ; None                      ; 2.164 ns                ;
; N/A                                     ; 425.53 MHz ( period = 2.350 ns )                    ; full~reg0       ; stack_mem[3][1]  ; clk        ; clk      ; None                        ; None                      ; 2.164 ns                ;
; N/A                                     ; 425.53 MHz ( period = 2.350 ns )                    ; full~reg0       ; stack_mem[3][2]  ; clk        ; clk      ; None                        ; None                      ; 2.164 ns                ;
; N/A                                     ; 425.53 MHz ( period = 2.350 ns )                    ; full~reg0       ; stack_mem[3][3]  ; clk        ; clk      ; None                        ; None                      ; 2.164 ns                ;
; N/A                                     ; 430.85 MHz ( period = 2.321 ns )                    ; full~reg0       ; stack_mem[1][1]  ; clk        ; clk      ; None                        ; None                      ; 2.133 ns                ;
; N/A                                     ; 432.90 MHz ( period = 2.310 ns )                    ; sp[0]           ; stack_mem[5][0]  ; clk        ; clk      ; None                        ; None                      ; 2.121 ns                ;
; N/A                                     ; 432.90 MHz ( period = 2.310 ns )                    ; sp[0]           ; stack_mem[5][1]  ; clk        ; clk      ; None                        ; None                      ; 2.121 ns                ;
; N/A                                     ; 432.90 MHz ( period = 2.310 ns )                    ; sp[0]           ; stack_mem[5][2]  ; clk        ; clk      ; None                        ; None                      ; 2.121 ns                ;
; N/A                                     ; 432.90 MHz ( period = 2.310 ns )                    ; sp[0]           ; stack_mem[5][3]  ; clk        ; clk      ; None                        ; None                      ; 2.121 ns                ;
; N/A                                     ; 435.16 MHz ( period = 2.298 ns )                    ; sp[1]           ; stack_mem[3][0]  ; clk        ; clk      ; None                        ; None                      ; 2.111 ns                ;
; N/A                                     ; 435.16 MHz ( period = 2.298 ns )                    ; sp[1]           ; stack_mem[3][1]  ; clk        ; clk      ; None                        ; None                      ; 2.111 ns                ;
; N/A                                     ; 435.16 MHz ( period = 2.298 ns )                    ; sp[1]           ; stack_mem[3][2]  ; clk        ; clk      ; None                        ; None                      ; 2.111 ns                ;
; N/A                                     ; 435.16 MHz ( period = 2.298 ns )                    ; sp[1]           ; stack_mem[3][3]  ; clk        ; clk      ; None                        ; None                      ; 2.111 ns                ;
; N/A                                     ; 436.11 MHz ( period = 2.293 ns )                    ; stack_mem[7][0] ; data_out[0]~reg0 ; clk        ; clk      ; None                        ; None                      ; 2.114 ns                ;
; N/A                                     ; 437.45 MHz ( period = 2.286 ns )                    ; sp[0]           ; stack_mem[7][0]  ; clk        ; clk      ; None                        ; None                      ; 2.097 ns                ;
; N/A                                     ; 437.45 MHz ( period = 2.286 ns )                    ; sp[0]           ; stack_mem[7][1]  ; clk        ; clk      ; None                        ; None                      ; 2.097 ns                ;
; N/A                                     ; 437.45 MHz ( period = 2.286 ns )                    ; sp[0]           ; stack_mem[7][2]  ; clk        ; clk      ; None                        ; None                      ; 2.097 ns                ;
; N/A                                     ; 437.45 MHz ( period = 2.286 ns )                    ; sp[0]           ; stack_mem[7][3]  ; clk        ; clk      ; None                        ; None                      ; 2.097 ns                ;
; N/A                                     ; 438.02 MHz ( period = 2.283 ns )                    ; sp[2]           ; stack_mem[5][0]  ; clk        ; clk      ; None                        ; None                      ; 2.094 ns                ;
; N/A                                     ; 438.02 MHz ( period = 2.283 ns )                    ; sp[2]           ; stack_mem[5][1]  ; clk        ; clk      ; None                        ; None                      ; 2.094 ns                ;
; N/A                                     ; 438.02 MHz ( period = 2.283 ns )                    ; sp[2]           ; stack_mem[5][2]  ; clk        ; clk      ; None                        ; None                      ; 2.094 ns                ;
; N/A                                     ; 438.02 MHz ( period = 2.283 ns )                    ; sp[2]           ; stack_mem[5][3]  ; clk        ; clk      ; None                        ; None                      ; 2.094 ns                ;
; N/A                                     ; 440.33 MHz ( period = 2.271 ns )                    ; full~reg0       ; stack_mem[2][0]  ; clk        ; clk      ; None                        ; None                      ; 2.088 ns                ;
; N/A                                     ; 440.33 MHz ( period = 2.271 ns )                    ; full~reg0       ; stack_mem[2][1]  ; clk        ; clk      ; None                        ; None                      ; 2.088 ns                ;
; N/A                                     ; 440.33 MHz ( period = 2.271 ns )                    ; full~reg0       ; stack_mem[2][2]  ; clk        ; clk      ; None                        ; None                      ; 2.088 ns                ;
; N/A                                     ; 440.33 MHz ( period = 2.271 ns )                    ; full~reg0       ; stack_mem[2][3]  ; clk        ; clk      ; None                        ; None                      ; 2.088 ns                ;
; N/A                                     ; 442.09 MHz ( period = 2.262 ns )                    ; sp[1]           ; stack_mem[1][1]  ; clk        ; clk      ; None                        ; None                      ; 2.073 ns                ;
; N/A                                     ; 442.48 MHz ( period = 2.260 ns )                    ; sp[1]           ; data_out[1]~reg0 ; clk        ; clk      ; None                        ; None                      ; 2.076 ns                ;
; N/A                                     ; 444.44 MHz ( period = 2.250 ns )                    ; sp[2]           ; stack_mem[7][0]  ; clk        ; clk      ; None                        ; None                      ; 2.061 ns                ;
; N/A                                     ; 444.44 MHz ( period = 2.250 ns )                    ; full~reg0       ; stack_mem[1][0]  ; clk        ; clk      ; None                        ; None                      ; 2.067 ns                ;
; N/A                                     ; 444.44 MHz ( period = 2.250 ns )                    ; sp[2]           ; stack_mem[7][1]  ; clk        ; clk      ; None                        ; None                      ; 2.061 ns                ;
; N/A                                     ; 444.44 MHz ( period = 2.250 ns )                    ; full~reg0       ; stack_mem[1][2]  ; clk        ; clk      ; None                        ; None                      ; 2.067 ns                ;
; N/A                                     ; 444.44 MHz ( period = 2.250 ns )                    ; sp[2]           ; stack_mem[7][2]  ; clk        ; clk      ; None                        ; None                      ; 2.061 ns                ;
; N/A                                     ; 444.44 MHz ( period = 2.250 ns )                    ; full~reg0       ; stack_mem[1][3]  ; clk        ; clk      ; None                        ; None                      ; 2.067 ns                ;
; N/A                                     ; 444.44 MHz ( period = 2.250 ns )                    ; sp[2]           ; stack_mem[7][3]  ; clk        ; clk      ; None                        ; None                      ; 2.061 ns                ;
; N/A                                     ; 446.23 MHz ( period = 2.241 ns )                    ; sp[1]           ; data_out[3]~reg0 ; clk        ; clk      ; None                        ; None                      ; 2.057 ns                ;
; N/A                                     ; 451.67 MHz ( period = 2.214 ns )                    ; stack_mem[0][0] ; data_out[0]~reg0 ; clk        ; clk      ; None                        ; None                      ; 2.047 ns                ;
; N/A                                     ; 453.10 MHz ( period = 2.207 ns )                    ; sp[2]~DUPLICATE ; data_out[1]~reg0 ; clk        ; clk      ; None                        ; None                      ; 2.023 ns                ;
; N/A                                     ; 453.51 MHz ( period = 2.205 ns )                    ; sp[2]~DUPLICATE ; stack_mem[6][0]  ; clk        ; clk      ; None                        ; None                      ; 2.021 ns                ;
; N/A                                     ; 453.51 MHz ( period = 2.205 ns )                    ; sp[2]~DUPLICATE ; stack_mem[6][1]  ; clk        ; clk      ; None                        ; None                      ; 2.021 ns                ;
; N/A                                     ; 453.51 MHz ( period = 2.205 ns )                    ; sp[2]~DUPLICATE ; stack_mem[6][3]  ; clk        ; clk      ; None                        ; None                      ; 2.021 ns                ;
; N/A                                     ; 455.79 MHz ( period = 2.194 ns )                    ; sp[0]           ; data_out[3]~reg0 ; clk        ; clk      ; None                        ; None                      ; 2.010 ns                ;
; N/A                                     ; 456.41 MHz ( period = 2.191 ns )                    ; sp[1]           ; stack_mem[1][0]  ; clk        ; clk      ; None                        ; None                      ; 2.007 ns                ;
; N/A                                     ; 456.41 MHz ( period = 2.191 ns )                    ; sp[1]           ; stack_mem[1][2]  ; clk        ; clk      ; None                        ; None                      ; 2.007 ns                ;
; N/A                                     ; 456.41 MHz ( period = 2.191 ns )                    ; sp[1]           ; stack_mem[1][3]  ; clk        ; clk      ; None                        ; None                      ; 2.007 ns                ;
; N/A                                     ; 461.68 MHz ( period = 2.166 ns )                    ; stack_mem[5][0] ; data_out[0]~reg0 ; clk        ; clk      ; None                        ; None                      ; 1.987 ns                ;
; N/A                                     ; 464.25 MHz ( period = 2.154 ns )                    ; sp[2]~DUPLICATE ; stack_mem[2][0]  ; clk        ; clk      ; None                        ; None                      ; 1.970 ns                ;
; N/A                                     ; 464.25 MHz ( period = 2.154 ns )                    ; sp[2]~DUPLICATE ; stack_mem[2][1]  ; clk        ; clk      ; None                        ; None                      ; 1.970 ns                ;
; N/A                                     ; 464.25 MHz ( period = 2.154 ns )                    ; sp[2]~DUPLICATE ; stack_mem[2][2]  ; clk        ; clk      ; None                        ; None                      ; 1.970 ns                ;
; N/A                                     ; 464.25 MHz ( period = 2.154 ns )                    ; sp[2]~DUPLICATE ; stack_mem[2][3]  ; clk        ; clk      ; None                        ; None                      ; 1.970 ns                ;
; N/A                                     ; 464.47 MHz ( period = 2.153 ns )                    ; sp[1]           ; stack_mem[5][0]  ; clk        ; clk      ; None                        ; None                      ; 1.964 ns                ;
; N/A                                     ; 464.47 MHz ( period = 2.153 ns )                    ; sp[1]           ; stack_mem[5][1]  ; clk        ; clk      ; None                        ; None                      ; 1.964 ns                ;
; N/A                                     ; 464.47 MHz ( period = 2.153 ns )                    ; sp[1]           ; stack_mem[5][2]  ; clk        ; clk      ; None                        ; None                      ; 1.964 ns                ;
; N/A                                     ; 464.47 MHz ( period = 2.153 ns )                    ; sp[1]           ; stack_mem[5][3]  ; clk        ; clk      ; None                        ; None                      ; 1.964 ns                ;
; N/A                                     ; 464.90 MHz ( period = 2.151 ns )                    ; sp[1]           ; stack_mem[2][0]  ; clk        ; clk      ; None                        ; None                      ; 1.967 ns                ;
; N/A                                     ; 464.90 MHz ( period = 2.151 ns )                    ; sp[1]           ; stack_mem[2][1]  ; clk        ; clk      ; None                        ; None                      ; 1.967 ns                ;
; N/A                                     ; 464.90 MHz ( period = 2.151 ns )                    ; sp[1]           ; stack_mem[2][2]  ; clk        ; clk      ; None                        ; None                      ; 1.967 ns                ;
; N/A                                     ; 464.90 MHz ( period = 2.151 ns )                    ; sp[1]           ; stack_mem[2][3]  ; clk        ; clk      ; None                        ; None                      ; 1.967 ns                ;
; N/A                                     ; 468.60 MHz ( period = 2.134 ns )                    ; sp[0]           ; stack_mem[3][0]  ; clk        ; clk      ; None                        ; None                      ; 1.947 ns                ;
; N/A                                     ; 468.60 MHz ( period = 2.134 ns )                    ; sp[0]           ; stack_mem[3][1]  ; clk        ; clk      ; None                        ; None                      ; 1.947 ns                ;
; N/A                                     ; 468.60 MHz ( period = 2.134 ns )                    ; sp[0]           ; stack_mem[3][2]  ; clk        ; clk      ; None                        ; None                      ; 1.947 ns                ;
; N/A                                     ; 468.60 MHz ( period = 2.134 ns )                    ; sp[0]           ; stack_mem[3][3]  ; clk        ; clk      ; None                        ; None                      ; 1.947 ns                ;
; N/A                                     ; 469.48 MHz ( period = 2.130 ns )                    ; sp[2]           ; stack_mem[3][0]  ; clk        ; clk      ; None                        ; None                      ; 1.943 ns                ;
; N/A                                     ; 469.48 MHz ( period = 2.130 ns )                    ; stack_mem[0][1] ; data_out[1]~reg0 ; clk        ; clk      ; None                        ; None                      ; 1.963 ns                ;
; N/A                                     ; 469.48 MHz ( period = 2.130 ns )                    ; sp[2]           ; stack_mem[3][1]  ; clk        ; clk      ; None                        ; None                      ; 1.943 ns                ;
; N/A                                     ; 469.48 MHz ( period = 2.130 ns )                    ; sp[2]           ; stack_mem[3][2]  ; clk        ; clk      ; None                        ; None                      ; 1.943 ns                ;
; N/A                                     ; 469.48 MHz ( period = 2.130 ns )                    ; sp[2]           ; stack_mem[3][3]  ; clk        ; clk      ; None                        ; None                      ; 1.943 ns                ;
; N/A                                     ; 470.81 MHz ( period = 2.124 ns )                    ; full~reg0       ; stack_mem[5][0]  ; clk        ; clk      ; None                        ; None                      ; 1.936 ns                ;
; N/A                                     ; 470.81 MHz ( period = 2.124 ns )                    ; full~reg0       ; stack_mem[5][1]  ; clk        ; clk      ; None                        ; None                      ; 1.936 ns                ;
; N/A                                     ; 470.81 MHz ( period = 2.124 ns )                    ; full~reg0       ; stack_mem[5][2]  ; clk        ; clk      ; None                        ; None                      ; 1.936 ns                ;
; N/A                                     ; 470.81 MHz ( period = 2.124 ns )                    ; full~reg0       ; stack_mem[5][3]  ; clk        ; clk      ; None                        ; None                      ; 1.936 ns                ;
; N/A                                     ; 474.38 MHz ( period = 2.108 ns )                    ; empty~reg0      ; full~reg0        ; clk        ; clk      ; None                        ; None                      ; 1.924 ns                ;
; N/A                                     ; 475.29 MHz ( period = 2.104 ns )                    ; sp[2]           ; stack_mem[1][1]  ; clk        ; clk      ; None                        ; None                      ; 1.915 ns                ;
; N/A                                     ; 475.96 MHz ( period = 2.101 ns )                    ; sp[0]           ; stack_mem[1][1]  ; clk        ; clk      ; None                        ; None                      ; 1.912 ns                ;
; N/A                                     ; 476.42 MHz ( period = 2.099 ns )                    ; empty~reg0      ; data_out[2]~reg0 ; clk        ; clk      ; None                        ; None                      ; 1.916 ns                ;
; N/A                                     ; 476.42 MHz ( period = 2.099 ns )                    ; empty~reg0      ; data_out[3]~reg0 ; clk        ; clk      ; None                        ; None                      ; 1.916 ns                ;
; N/A                                     ; 482.39 MHz ( period = 2.073 ns )                    ; sp[1]           ; stack_mem[6][0]  ; clk        ; clk      ; None                        ; None                      ; 1.889 ns                ;
; N/A                                     ; 482.39 MHz ( period = 2.073 ns )                    ; sp[1]           ; stack_mem[6][1]  ; clk        ; clk      ; None                        ; None                      ; 1.889 ns                ;
; N/A                                     ; 482.39 MHz ( period = 2.073 ns )                    ; sp[1]           ; stack_mem[6][3]  ; clk        ; clk      ; None                        ; None                      ; 1.889 ns                ;
; N/A                                     ; 484.03 MHz ( period = 2.066 ns )                    ; empty~reg0      ; empty~reg0       ; clk        ; clk      ; None                        ; None                      ; 1.882 ns                ;
; N/A                                     ; 490.44 MHz ( period = 2.039 ns )                    ; sp[1]           ; data_out[0]~reg0 ; clk        ; clk      ; None                        ; None                      ; 1.855 ns                ;
; N/A                                     ; 490.92 MHz ( period = 2.037 ns )                    ; full~reg0       ; stack_mem[6][0]  ; clk        ; clk      ; None                        ; None                      ; 1.854 ns                ;
; N/A                                     ; 490.92 MHz ( period = 2.037 ns )                    ; full~reg0       ; stack_mem[6][1]  ; clk        ; clk      ; None                        ; None                      ; 1.854 ns                ;
; N/A                                     ; 490.92 MHz ( period = 2.037 ns )                    ; full~reg0       ; stack_mem[6][3]  ; clk        ; clk      ; None                        ; None                      ; 1.854 ns                ;
; N/A                                     ; 491.88 MHz ( period = 2.033 ns )                    ; sp[2]           ; stack_mem[1][0]  ; clk        ; clk      ; None                        ; None                      ; 1.849 ns                ;
; N/A                                     ; 491.88 MHz ( period = 2.033 ns )                    ; sp[2]           ; stack_mem[1][2]  ; clk        ; clk      ; None                        ; None                      ; 1.849 ns                ;
; N/A                                     ; 491.88 MHz ( period = 2.033 ns )                    ; sp[2]           ; stack_mem[1][3]  ; clk        ; clk      ; None                        ; None                      ; 1.849 ns                ;
; N/A                                     ; 492.61 MHz ( period = 2.030 ns )                    ; sp[0]           ; stack_mem[1][0]  ; clk        ; clk      ; None                        ; None                      ; 1.846 ns                ;
; N/A                                     ; 492.61 MHz ( period = 2.030 ns )                    ; sp[0]           ; stack_mem[6][0]  ; clk        ; clk      ; None                        ; None                      ; 1.846 ns                ;
; N/A                                     ; 492.61 MHz ( period = 2.030 ns )                    ; sp[0]           ; stack_mem[6][1]  ; clk        ; clk      ; None                        ; None                      ; 1.846 ns                ;
; N/A                                     ; 492.61 MHz ( period = 2.030 ns )                    ; sp[0]           ; stack_mem[1][2]  ; clk        ; clk      ; None                        ; None                      ; 1.846 ns                ;
; N/A                                     ; 492.61 MHz ( period = 2.030 ns )                    ; sp[0]           ; stack_mem[1][3]  ; clk        ; clk      ; None                        ; None                      ; 1.846 ns                ;
; N/A                                     ; 492.61 MHz ( period = 2.030 ns )                    ; sp[0]           ; stack_mem[6][3]  ; clk        ; clk      ; None                        ; None                      ; 1.846 ns                ;
; N/A                                     ; 493.34 MHz ( period = 2.027 ns )                    ; sp[0]           ; data_out[0]~reg0 ; clk        ; clk      ; None                        ; None                      ; 1.843 ns                ;
; N/A                                     ; 494.80 MHz ( period = 2.021 ns )                    ; sp[0]           ; stack_mem[2][0]  ; clk        ; clk      ; None                        ; None                      ; 1.837 ns                ;
; N/A                                     ; 494.80 MHz ( period = 2.021 ns )                    ; sp[0]           ; stack_mem[2][1]  ; clk        ; clk      ; None                        ; None                      ; 1.837 ns                ;
; N/A                                     ; 494.80 MHz ( period = 2.021 ns )                    ; sp[0]           ; stack_mem[2][2]  ; clk        ; clk      ; None                        ; None                      ; 1.837 ns                ;
; N/A                                     ; 494.80 MHz ( period = 2.021 ns )                    ; sp[0]           ; stack_mem[2][3]  ; clk        ; clk      ; None                        ; None                      ; 1.837 ns                ;
; N/A                                     ; 497.02 MHz ( period = 2.012 ns )                    ; sp[1]           ; data_out[2]~reg0 ; clk        ; clk      ; None                        ; None                      ; 1.828 ns                ;
; N/A                                     ; 499.50 MHz ( period = 2.002 ns )                    ; stack_mem[4][2] ; data_out[2]~reg0 ; clk        ; clk      ; None                        ; None                      ; 1.835 ns                ;
; N/A                                     ; Restricted to 500.00 MHz ( period = 2.000 ns )      ; empty~reg0      ; sp[3]            ; clk        ; clk      ; None                        ; None                      ; 1.805 ns                ;
; N/A                                     ; Restricted to 500.00 MHz ( period = 2.000 ns )      ; sp[2]           ; data_out[0]~reg0 ; clk        ; clk      ; None                        ; None                      ; 1.805 ns                ;
; N/A                                     ; Restricted to 500.00 MHz ( period = 2.000 ns )      ; sp[0]           ; data_out[2]~reg0 ; clk        ; clk      ; None                        ; None                      ; 1.781 ns                ;
; N/A                                     ; Restricted to 500.00 MHz ( period = 2.000 ns )      ; stack_mem[0][3] ; data_out[3]~reg0 ; clk        ; clk      ; None                        ; None                      ; 1.785 ns                ;
; N/A                                     ; Restricted to 500.00 MHz ( period = 2.000 ns )      ; stack_mem[6][2] ; data_out[2]~reg0 ; clk        ; clk      ; None                        ; None                      ; 1.784 ns                ;
; N/A                                     ; Restricted to 500.00 MHz ( period = 2.000 ns )      ; empty~reg0      ; data_out[0]~reg0 ; clk        ; clk      ; None                        ; None                      ; 1.762 ns                ;
; N/A                                     ; Restricted to 500.00 MHz ( period = 2.000 ns )      ; empty~reg0      ; data_out[1]~reg0 ; clk        ; clk      ; None                        ; None                      ; 1.762 ns                ;
; N/A                                     ; Restricted to 500.00 MHz ( period = 2.000 ns )      ; stack_mem[5][3] ; data_out[3]~reg0 ; clk        ; clk      ; None                        ; None                      ; 1.710 ns                ;
; N/A                                     ; Restricted to 500.00 MHz ( period = 2.000 ns )      ; full~reg0       ; sp[3]            ; clk        ; clk      ; None                        ; None                      ; 1.693 ns                ;
; N/A                                     ; Restricted to 500.00 MHz ( period = 2.000 ns )      ; stack_mem[5][2] ; data_out[2]~reg0 ; clk        ; clk      ; None                        ; None                      ; 1.684 ns                ;
; N/A                                     ; Restricted to 500.00 MHz ( period = 2.000 ns )      ; full~reg0       ; empty~reg0       ; clk        ; clk      ; None                        ; None                      ; 1.650 ns                ;
; N/A                                     ; Restricted to 500.00 MHz ( period = 2.000 ns )      ; sp[0]           ; full~reg0        ; clk        ; clk      ; None                        ; None                      ; 1.647 ns                ;
; N/A                                     ; Restricted to 500.00 MHz ( period = 2.000 ns )      ; full~reg0       ; full~reg0        ; clk        ; clk      ; None                        ; None                      ; 1.646 ns                ;
; N/A                                     ; Restricted to 500.00 MHz ( period = 2.000 ns )      ; sp[2]           ; full~reg0        ; clk        ; clk      ; None                        ; None                      ; 1.620 ns                ;
; N/A                                     ; Restricted to 500.00 MHz ( period = 2.000 ns )      ; sp[1]           ; full~reg0        ; clk        ; clk      ; None                        ; None                      ; 1.618 ns                ;
; N/A                                     ; Restricted to 500.00 MHz ( period = 2.000 ns )      ; stack_mem[7][3] ; data_out[3]~reg0 ; clk        ; clk      ; None                        ; None                      ; 1.613 ns                ;
; N/A                                     ; Restricted to 500.00 MHz ( period = 2.000 ns )      ; sp[0]           ; empty~reg0       ; clk        ; clk      ; None                        ; None                      ; 1.605 ns                ;
; N/A                                     ; Restricted to 500.00 MHz ( period = 2.000 ns )      ; sp[2]           ; data_out[1]~reg0 ; clk        ; clk      ; None                        ; None                      ; 1.604 ns                ;
; N/A                                     ; Restricted to 500.00 MHz ( period = 2.000 ns )      ; stack_mem[7][2] ; data_out[2]~reg0 ; clk        ; clk      ; None                        ; None                      ; 1.596 ns                ;
; N/A                                     ; Restricted to 500.00 MHz ( period = 2.000 ns )      ; sp[2]           ; empty~reg0       ; clk        ; clk      ; None                        ; None                      ; 1.578 ns                ;
; N/A                                     ; Restricted to 500.00 MHz ( period = 2.000 ns )      ; sp[1]           ; empty~reg0       ; clk        ; clk      ; None                        ; None                      ; 1.576 ns                ;
; N/A                                     ; Restricted to 500.00 MHz ( period = 2.000 ns )      ; stack_mem[5][1] ; data_out[1]~reg0 ; clk        ; clk      ; None                        ; None                      ; 1.551 ns                ;
; N/A                                     ; Restricted to 500.00 MHz ( period = 2.000 ns )      ; sp[2]           ; data_out[3]~reg0 ; clk        ; clk      ; None                        ; None                      ; 1.531 ns                ;
; N/A                                     ; Restricted to 500.00 MHz ( period = 2.000 ns )      ; sp[2]           ; data_out[2]~reg0 ; clk        ; clk      ; None                        ; None                      ; 1.527 ns                ;
; N/A                                     ; Restricted to 500.00 MHz ( period = 2.000 ns )      ; stack_mem[2][3] ; data_out[3]~reg0 ; clk        ; clk      ; None                        ; None                      ; 1.513 ns                ;
; N/A                                     ; Restricted to 500.00 MHz ( period = 2.000 ns )      ; stack_mem[4][3] ; data_out[3]~reg0 ; clk        ; clk      ; None                        ; None                      ; 1.521 ns                ;
; N/A                                     ; Restricted to 500.00 MHz ( period = 2.000 ns )      ; stack_mem[0][2] ; data_out[2]~reg0 ; clk        ; clk      ; None                        ; None                      ; 1.466 ns                ;
; N/A                                     ; Restricted to 500.00 MHz ( period = 2.000 ns )      ; stack_mem[4][0] ; data_out[0]~reg0 ; clk        ; clk      ; None                        ; None                      ; 1.462 ns                ;
; N/A                                     ; Restricted to 500.00 MHz ( period = 2.000 ns )      ; stack_mem[4][1] ; data_out[1]~reg0 ; clk        ; clk      ; None                        ; None                      ; 1.459 ns                ;
; N/A                                     ; Restricted to 500.00 MHz ( period = 2.000 ns )      ; sp[2]~DUPLICATE ; data_out[3]~reg0 ; clk        ; clk      ; None                        ; None                      ; 1.396 ns                ;
; N/A                                     ; Restricted to 500.00 MHz ( period = 2.000 ns )      ; sp[2]~DUPLICATE ; data_out[2]~reg0 ; clk        ; clk      ; None                        ; None                      ; 1.390 ns                ;
; N/A                                     ; Restricted to 500.00 MHz ( period = 2.000 ns )      ; sp[0]           ; sp[3]            ; clk        ; clk      ; None                        ; None                      ; 1.379 ns                ;
; N/A                                     ; Restricted to 500.00 MHz ( period = 2.000 ns )      ; sp[2]~DUPLICATE ; sp[3]            ; clk        ; clk      ; None                        ; None                      ; 1.376 ns                ;
; N/A                                     ; Restricted to 500.00 MHz ( period = 2.000 ns )      ; sp[1]           ; sp[3]            ; clk        ; clk      ; None                        ; None                      ; 1.370 ns                ;
; N/A                                     ; Restricted to 500.00 MHz ( period = 2.000 ns )      ; empty~reg0      ; sp[2]            ; clk        ; clk      ; None                        ; None                      ; 1.340 ns                ;
; N/A                                     ; Restricted to 500.00 MHz ( period = 2.000 ns )      ; empty~reg0      ; sp[2]~DUPLICATE  ; clk        ; clk      ; None                        ; None                      ; 1.340 ns                ;
; N/A                                     ; Restricted to 500.00 MHz ( period = 2.000 ns )      ; sp[2]~DUPLICATE ; empty~reg0       ; clk        ; clk      ; None                        ; None                      ; 1.333 ns                ;
; N/A                                     ; Restricted to 500.00 MHz ( period = 2.000 ns )      ; sp[2]~DUPLICATE ; full~reg0        ; clk        ; clk      ; None                        ; None                      ; 1.329 ns                ;
; N/A                                     ; Restricted to 500.00 MHz ( period = 2.000 ns )      ; empty~reg0      ; sp[1]            ; clk        ; clk      ; None                        ; None                      ; 1.322 ns                ;
; N/A                                     ; Restricted to 500.00 MHz ( period = 2.000 ns )      ; sp[2]~DUPLICATE ; data_out[0]~reg0 ; clk        ; clk      ; None                        ; None                      ; 1.317 ns                ;
; N/A                                     ; Restricted to 500.00 MHz ( period = 2.000 ns )      ; stack_mem[1][0] ; data_out[0]~reg0 ; clk        ; clk      ; None                        ; None                      ; 1.309 ns                ;
; N/A                                     ; Restricted to 500.00 MHz ( period = 2.000 ns )      ; stack_mem[3][2] ; data_out[2]~reg0 ; clk        ; clk      ; None                        ; None                      ; 1.298 ns                ;
; N/A                                     ; Restricted to 500.00 MHz ( period = 2.000 ns )      ; stack_mem[7][1] ; data_out[1]~reg0 ; clk        ; clk      ; None                        ; None                      ; 1.287 ns                ;
; N/A                                     ; Restricted to 500.00 MHz ( period = 2.000 ns )      ; stack_mem[1][1] ; data_out[1]~reg0 ; clk        ; clk      ; None                        ; None                      ; 1.277 ns                ;
; N/A                                     ; Restricted to 500.00 MHz ( period = 2.000 ns )      ; sp[0]           ; sp[1]            ; clk        ; clk      ; None                        ; None                      ; 1.264 ns                ;
; N/A                                     ; Restricted to 500.00 MHz ( period = 2.000 ns )      ; stack_mem[2][1] ; data_out[1]~reg0 ; clk        ; clk      ; None                        ; None                      ; 1.239 ns                ;
; N/A                                     ; Restricted to 500.00 MHz ( period = 2.000 ns )      ; stack_mem[2][0] ; data_out[0]~reg0 ; clk        ; clk      ; None                        ; None                      ; 1.223 ns                ;
; N/A                                     ; Restricted to 500.00 MHz ( period = 2.000 ns )      ; full~reg0       ; sp[0]            ; clk        ; clk      ; None                        ; None                      ; 1.181 ns                ;
; N/A                                     ; Restricted to 500.00 MHz ( period = 2.000 ns )      ; sp[0]           ; sp[2]            ; clk        ; clk      ; None                        ; None                      ; 1.173 ns                ;
; N/A                                     ; Restricted to 500.00 MHz ( period = 2.000 ns )      ; sp[0]           ; sp[2]~DUPLICATE  ; clk        ; clk      ; None                        ; None                      ; 1.173 ns                ;
; N/A                                     ; Restricted to 500.00 MHz ( period = 2.000 ns )      ; stack_mem[3][1] ; data_out[1]~reg0 ; clk        ; clk      ; None                        ; None                      ; 1.164 ns                ;
; N/A                                     ; Restricted to 500.00 MHz ( period = 2.000 ns )      ; stack_mem[1][3] ; data_out[3]~reg0 ; clk        ; clk      ; None                        ; None                      ; 1.038 ns                ;
; N/A                                     ; Restricted to 500.00 MHz ( period = 2.000 ns )      ; stack_mem[1][2] ; data_out[2]~reg0 ; clk        ; clk      ; None                        ; None                      ; 1.035 ns                ;
; N/A                                     ; Restricted to 500.00 MHz ( period = 2.000 ns )      ; stack_mem[3][3] ; data_out[3]~reg0 ; clk        ; clk      ; None                        ; None                      ; 1.024 ns                ;
; N/A                                     ; Restricted to 500.00 MHz ( period = 2.000 ns )      ; empty~reg0      ; sp[0]            ; clk        ; clk      ; None                        ; None                      ; 0.934 ns                ;
; Timing analysis restricted to 200 rows. ; To change the limit use Settings (Assignments menu) ;                 ;                  ;            ;          ;                             ;                           ;                         ;
+-----------------------------------------+-----------------------------------------------------+-----------------+------------------+------------+----------+-----------------------------+---------------------------+-------------------------+


+------------------------------------------------------------------------------+
; tsu                                                                          ;
+-------+--------------+------------+------------+------------------+----------+
; Slack ; Required tsu ; Actual tsu ; From       ; To               ; To Clock ;
+-------+--------------+------------+------------+------------------+----------+
; N/A   ; None         ; 5.570 ns   ; pop        ; stack_mem[0][0]  ; clk      ;
; N/A   ; None         ; 5.570 ns   ; pop        ; stack_mem[0][1]  ; clk      ;
; N/A   ; None         ; 5.570 ns   ; pop        ; stack_mem[0][2]  ; clk      ;
; N/A   ; None         ; 5.570 ns   ; pop        ; stack_mem[0][3]  ; clk      ;
; N/A   ; None         ; 5.533 ns   ; pop        ; stack_mem[6][2]  ; clk      ;
; N/A   ; None         ; 5.525 ns   ; pop        ; stack_mem[4][0]  ; clk      ;
; N/A   ; None         ; 5.525 ns   ; pop        ; stack_mem[4][1]  ; clk      ;
; N/A   ; None         ; 5.525 ns   ; pop        ; stack_mem[4][2]  ; clk      ;
; N/A   ; None         ; 5.525 ns   ; pop        ; stack_mem[4][3]  ; clk      ;
; N/A   ; None         ; 5.471 ns   ; pop        ; stack_mem[7][0]  ; clk      ;
; N/A   ; None         ; 5.471 ns   ; pop        ; stack_mem[7][1]  ; clk      ;
; N/A   ; None         ; 5.471 ns   ; pop        ; stack_mem[7][2]  ; clk      ;
; N/A   ; None         ; 5.471 ns   ; pop        ; stack_mem[7][3]  ; clk      ;
; N/A   ; None         ; 5.350 ns   ; pop        ; stack_mem[3][0]  ; clk      ;
; N/A   ; None         ; 5.350 ns   ; pop        ; stack_mem[3][1]  ; clk      ;
; N/A   ; None         ; 5.350 ns   ; pop        ; stack_mem[3][2]  ; clk      ;
; N/A   ; None         ; 5.350 ns   ; pop        ; stack_mem[3][3]  ; clk      ;
; N/A   ; None         ; 5.321 ns   ; pop        ; stack_mem[1][1]  ; clk      ;
; N/A   ; None         ; 5.271 ns   ; pop        ; stack_mem[2][0]  ; clk      ;
; N/A   ; None         ; 5.271 ns   ; pop        ; stack_mem[2][1]  ; clk      ;
; N/A   ; None         ; 5.271 ns   ; pop        ; stack_mem[2][2]  ; clk      ;
; N/A   ; None         ; 5.271 ns   ; pop        ; stack_mem[2][3]  ; clk      ;
; N/A   ; None         ; 5.250 ns   ; pop        ; stack_mem[1][0]  ; clk      ;
; N/A   ; None         ; 5.250 ns   ; pop        ; stack_mem[1][2]  ; clk      ;
; N/A   ; None         ; 5.250 ns   ; pop        ; stack_mem[1][3]  ; clk      ;
; N/A   ; None         ; 5.144 ns   ; data_in[0] ; stack_mem[0][0]  ; clk      ;
; N/A   ; None         ; 5.144 ns   ; data_in[0] ; stack_mem[4][0]  ; clk      ;
; N/A   ; None         ; 5.124 ns   ; pop        ; stack_mem[5][0]  ; clk      ;
; N/A   ; None         ; 5.124 ns   ; pop        ; stack_mem[5][1]  ; clk      ;
; N/A   ; None         ; 5.124 ns   ; pop        ; stack_mem[5][2]  ; clk      ;
; N/A   ; None         ; 5.124 ns   ; pop        ; stack_mem[5][3]  ; clk      ;
; N/A   ; None         ; 5.112 ns   ; pop        ; full~reg0        ; clk      ;
; N/A   ; None         ; 5.103 ns   ; pop        ; data_out[2]~reg0 ; clk      ;
; N/A   ; None         ; 5.103 ns   ; pop        ; data_out[3]~reg0 ; clk      ;
; N/A   ; None         ; 5.070 ns   ; pop        ; empty~reg0       ; clk      ;
; N/A   ; None         ; 5.037 ns   ; pop        ; stack_mem[6][0]  ; clk      ;
; N/A   ; None         ; 5.037 ns   ; pop        ; stack_mem[6][1]  ; clk      ;
; N/A   ; None         ; 5.037 ns   ; pop        ; stack_mem[6][3]  ; clk      ;
; N/A   ; None         ; 4.993 ns   ; pop        ; sp[3]            ; clk      ;
; N/A   ; None         ; 4.949 ns   ; pop        ; data_out[0]~reg0 ; clk      ;
; N/A   ; None         ; 4.949 ns   ; pop        ; data_out[1]~reg0 ; clk      ;
; N/A   ; None         ; 4.849 ns   ; rstN       ; stack_mem[0][0]  ; clk      ;
; N/A   ; None         ; 4.849 ns   ; rstN       ; stack_mem[4][0]  ; clk      ;
; N/A   ; None         ; 4.832 ns   ; push       ; stack_mem[0][0]  ; clk      ;
; N/A   ; None         ; 4.832 ns   ; push       ; stack_mem[0][1]  ; clk      ;
; N/A   ; None         ; 4.832 ns   ; push       ; stack_mem[0][2]  ; clk      ;
; N/A   ; None         ; 4.832 ns   ; push       ; stack_mem[0][3]  ; clk      ;
; N/A   ; None         ; 4.795 ns   ; push       ; stack_mem[6][2]  ; clk      ;
; N/A   ; None         ; 4.787 ns   ; push       ; stack_mem[4][0]  ; clk      ;
; N/A   ; None         ; 4.787 ns   ; push       ; stack_mem[4][1]  ; clk      ;
; N/A   ; None         ; 4.787 ns   ; push       ; stack_mem[4][2]  ; clk      ;
; N/A   ; None         ; 4.787 ns   ; push       ; stack_mem[4][3]  ; clk      ;
; N/A   ; None         ; 4.733 ns   ; push       ; stack_mem[7][0]  ; clk      ;
; N/A   ; None         ; 4.733 ns   ; push       ; stack_mem[7][1]  ; clk      ;
; N/A   ; None         ; 4.733 ns   ; push       ; stack_mem[7][2]  ; clk      ;
; N/A   ; None         ; 4.733 ns   ; push       ; stack_mem[7][3]  ; clk      ;
; N/A   ; None         ; 4.636 ns   ; rstN       ; stack_mem[0][1]  ; clk      ;
; N/A   ; None         ; 4.636 ns   ; rstN       ; stack_mem[0][2]  ; clk      ;
; N/A   ; None         ; 4.636 ns   ; rstN       ; stack_mem[0][3]  ; clk      ;
; N/A   ; None         ; 4.612 ns   ; push       ; stack_mem[3][0]  ; clk      ;
; N/A   ; None         ; 4.612 ns   ; push       ; stack_mem[3][1]  ; clk      ;
; N/A   ; None         ; 4.612 ns   ; push       ; stack_mem[3][2]  ; clk      ;
; N/A   ; None         ; 4.612 ns   ; push       ; stack_mem[3][3]  ; clk      ;
; N/A   ; None         ; 4.593 ns   ; rstN       ; stack_mem[6][2]  ; clk      ;
; N/A   ; None         ; 4.592 ns   ; rstN       ; stack_mem[4][1]  ; clk      ;
; N/A   ; None         ; 4.592 ns   ; rstN       ; stack_mem[4][2]  ; clk      ;
; N/A   ; None         ; 4.592 ns   ; rstN       ; stack_mem[4][3]  ; clk      ;
; N/A   ; None         ; 4.583 ns   ; push       ; stack_mem[1][1]  ; clk      ;
; N/A   ; None         ; 4.577 ns   ; data_in[0] ; stack_mem[5][0]  ; clk      ;
; N/A   ; None         ; 4.533 ns   ; push       ; stack_mem[2][0]  ; clk      ;
; N/A   ; None         ; 4.533 ns   ; push       ; stack_mem[2][1]  ; clk      ;
; N/A   ; None         ; 4.533 ns   ; push       ; stack_mem[2][2]  ; clk      ;
; N/A   ; None         ; 4.533 ns   ; push       ; stack_mem[2][3]  ; clk      ;
; N/A   ; None         ; 4.527 ns   ; pop        ; sp[2]            ; clk      ;
; N/A   ; None         ; 4.527 ns   ; pop        ; sp[2]~DUPLICATE  ; clk      ;
; N/A   ; None         ; 4.512 ns   ; push       ; stack_mem[1][0]  ; clk      ;
; N/A   ; None         ; 4.512 ns   ; push       ; stack_mem[1][2]  ; clk      ;
; N/A   ; None         ; 4.512 ns   ; push       ; stack_mem[1][3]  ; clk      ;
; N/A   ; None         ; 4.509 ns   ; pop        ; sp[1]            ; clk      ;
; N/A   ; None         ; 4.476 ns   ; data_in[0] ; stack_mem[7][0]  ; clk      ;
; N/A   ; None         ; 4.402 ns   ; data_in[0] ; stack_mem[3][0]  ; clk      ;
; N/A   ; None         ; 4.386 ns   ; push       ; stack_mem[5][0]  ; clk      ;
; N/A   ; None         ; 4.386 ns   ; push       ; stack_mem[5][1]  ; clk      ;
; N/A   ; None         ; 4.386 ns   ; push       ; stack_mem[5][2]  ; clk      ;
; N/A   ; None         ; 4.386 ns   ; push       ; stack_mem[5][3]  ; clk      ;
; N/A   ; None         ; 4.374 ns   ; push       ; full~reg0        ; clk      ;
; N/A   ; None         ; 4.365 ns   ; push       ; data_out[2]~reg0 ; clk      ;
; N/A   ; None         ; 4.365 ns   ; push       ; data_out[3]~reg0 ; clk      ;
; N/A   ; None         ; 4.364 ns   ; pop        ; sp[0]            ; clk      ;
; N/A   ; None         ; 4.332 ns   ; push       ; empty~reg0       ; clk      ;
; N/A   ; None         ; 4.324 ns   ; rstN       ; stack_mem[7][0]  ; clk      ;
; N/A   ; None         ; 4.324 ns   ; rstN       ; stack_mem[7][1]  ; clk      ;
; N/A   ; None         ; 4.324 ns   ; rstN       ; stack_mem[7][2]  ; clk      ;
; N/A   ; None         ; 4.324 ns   ; rstN       ; stack_mem[7][3]  ; clk      ;
; N/A   ; None         ; 4.299 ns   ; push       ; stack_mem[6][0]  ; clk      ;
; N/A   ; None         ; 4.299 ns   ; push       ; stack_mem[6][1]  ; clk      ;
; N/A   ; None         ; 4.299 ns   ; push       ; stack_mem[6][3]  ; clk      ;
; N/A   ; None         ; 4.282 ns   ; rstN       ; stack_mem[5][0]  ; clk      ;
; N/A   ; None         ; 4.255 ns   ; push       ; sp[3]            ; clk      ;
; N/A   ; None         ; 4.211 ns   ; push       ; data_out[0]~reg0 ; clk      ;
; N/A   ; None         ; 4.211 ns   ; push       ; data_out[1]~reg0 ; clk      ;
; N/A   ; None         ; 4.160 ns   ; rstN       ; stack_mem[3][0]  ; clk      ;
; N/A   ; None         ; 4.160 ns   ; rstN       ; stack_mem[3][1]  ; clk      ;
; N/A   ; None         ; 4.160 ns   ; rstN       ; stack_mem[3][2]  ; clk      ;
; N/A   ; None         ; 4.160 ns   ; rstN       ; stack_mem[3][3]  ; clk      ;
; N/A   ; None         ; 4.140 ns   ; rstN       ; stack_mem[1][1]  ; clk      ;
; N/A   ; None         ; 4.130 ns   ; data_in[0] ; stack_mem[6][0]  ; clk      ;
; N/A   ; None         ; 4.097 ns   ; rstN       ; stack_mem[6][0]  ; clk      ;
; N/A   ; None         ; 4.097 ns   ; rstN       ; stack_mem[6][1]  ; clk      ;
; N/A   ; None         ; 4.097 ns   ; rstN       ; stack_mem[6][3]  ; clk      ;
; N/A   ; None         ; 4.069 ns   ; rstN       ; stack_mem[1][0]  ; clk      ;
; N/A   ; None         ; 4.069 ns   ; rstN       ; stack_mem[1][2]  ; clk      ;
; N/A   ; None         ; 4.069 ns   ; rstN       ; stack_mem[1][3]  ; clk      ;
; N/A   ; None         ; 4.046 ns   ; rstN       ; stack_mem[2][0]  ; clk      ;
; N/A   ; None         ; 4.046 ns   ; rstN       ; stack_mem[2][1]  ; clk      ;
; N/A   ; None         ; 4.046 ns   ; rstN       ; stack_mem[2][2]  ; clk      ;
; N/A   ; None         ; 4.046 ns   ; rstN       ; stack_mem[2][3]  ; clk      ;
; N/A   ; None         ; 4.037 ns   ; rstN       ; data_out[2]~reg0 ; clk      ;
; N/A   ; None         ; 4.037 ns   ; rstN       ; data_out[3]~reg0 ; clk      ;
; N/A   ; None         ; 4.025 ns   ; rstN       ; stack_mem[5][1]  ; clk      ;
; N/A   ; None         ; 4.025 ns   ; rstN       ; stack_mem[5][2]  ; clk      ;
; N/A   ; None         ; 4.025 ns   ; rstN       ; stack_mem[5][3]  ; clk      ;
; N/A   ; None         ; 3.985 ns   ; rstN       ; data_out[0]~reg0 ; clk      ;
; N/A   ; None         ; 3.983 ns   ; rstN       ; data_out[1]~reg0 ; clk      ;
; N/A   ; None         ; 3.852 ns   ; data_in[1] ; stack_mem[0][1]  ; clk      ;
; N/A   ; None         ; 3.852 ns   ; data_in[1] ; stack_mem[4][1]  ; clk      ;
; N/A   ; None         ; 3.826 ns   ; data_in[2] ; stack_mem[7][2]  ; clk      ;
; N/A   ; None         ; 3.824 ns   ; data_in[2] ; stack_mem[2][2]  ; clk      ;
; N/A   ; None         ; 3.823 ns   ; data_in[2] ; stack_mem[1][2]  ; clk      ;
; N/A   ; None         ; 3.820 ns   ; data_in[0] ; stack_mem[1][0]  ; clk      ;
; N/A   ; None         ; 3.789 ns   ; push       ; sp[2]            ; clk      ;
; N/A   ; None         ; 3.789 ns   ; push       ; sp[2]~DUPLICATE  ; clk      ;
; N/A   ; None         ; 3.771 ns   ; push       ; sp[1]            ; clk      ;
; N/A   ; None         ; 3.626 ns   ; push       ; sp[0]            ; clk      ;
; N/A   ; None         ; 3.603 ns   ; data_in[1] ; stack_mem[2][1]  ; clk      ;
; N/A   ; None         ; 3.572 ns   ; data_in[2] ; stack_mem[5][2]  ; clk      ;
; N/A   ; None         ; 3.549 ns   ; data_in[1] ; stack_mem[6][1]  ; clk      ;
; N/A   ; None         ; 3.499 ns   ; data_in[3] ; stack_mem[1][3]  ; clk      ;
; N/A   ; None         ; 3.495 ns   ; data_in[3] ; stack_mem[2][3]  ; clk      ;
; N/A   ; None         ; 3.487 ns   ; data_in[3] ; stack_mem[6][3]  ; clk      ;
; N/A   ; None         ; 3.481 ns   ; data_in[3] ; stack_mem[0][3]  ; clk      ;
; N/A   ; None         ; 3.480 ns   ; data_in[3] ; stack_mem[4][3]  ; clk      ;
; N/A   ; None         ; 3.464 ns   ; data_in[1] ; stack_mem[7][1]  ; clk      ;
; N/A   ; None         ; 3.447 ns   ; data_in[0] ; stack_mem[2][0]  ; clk      ;
; N/A   ; None         ; 3.440 ns   ; data_in[1] ; stack_mem[3][1]  ; clk      ;
; N/A   ; None         ; 3.410 ns   ; data_in[1] ; stack_mem[1][1]  ; clk      ;
; N/A   ; None         ; 3.315 ns   ; data_in[2] ; stack_mem[3][2]  ; clk      ;
; N/A   ; None         ; 3.179 ns   ; data_in[3] ; stack_mem[3][3]  ; clk      ;
; N/A   ; None         ; 3.129 ns   ; rstN       ; sp[2]            ; clk      ;
; N/A   ; None         ; 3.129 ns   ; rstN       ; sp[2]~DUPLICATE  ; clk      ;
; N/A   ; None         ; 3.123 ns   ; rstN       ; sp[0]            ; clk      ;
; N/A   ; None         ; 3.091 ns   ; data_in[2] ; stack_mem[4][2]  ; clk      ;
; N/A   ; None         ; 3.091 ns   ; data_in[2] ; stack_mem[0][2]  ; clk      ;
; N/A   ; None         ; 2.991 ns   ; rstN       ; sp[1]            ; clk      ;
; N/A   ; None         ; 2.981 ns   ; rstN       ; sp[3]            ; clk      ;
; N/A   ; None         ; 2.894 ns   ; data_in[3] ; stack_mem[7][3]  ; clk      ;
; N/A   ; None         ; 2.814 ns   ; rstN       ; full~reg0        ; clk      ;
; N/A   ; None         ; 2.814 ns   ; rstN       ; empty~reg0       ; clk      ;
; N/A   ; None         ; 2.781 ns   ; data_in[1] ; stack_mem[5][1]  ; clk      ;
; N/A   ; None         ; 2.525 ns   ; data_in[3] ; stack_mem[5][3]  ; clk      ;
; N/A   ; None         ; 2.454 ns   ; data_in[2] ; stack_mem[6][2]  ; clk      ;
+-------+--------------+------------+------------+------------------+----------+


+---------------------------------------------------------------------------------+
; tco                                                                             ;
+-------+--------------+------------+------------------+-------------+------------+
; Slack ; Required tco ; Actual tco ; From             ; To          ; From Clock ;
+-------+--------------+------------+------------------+-------------+------------+
; N/A   ; None         ; 6.904 ns   ; data_out[0]~reg0 ; data_out[0] ; clk        ;
; N/A   ; None         ; 6.248 ns   ; full~reg0        ; full        ; clk        ;
; N/A   ; None         ; 5.855 ns   ; empty~reg0       ; empty       ; clk        ;
; N/A   ; None         ; 5.755 ns   ; data_out[1]~reg0 ; data_out[1] ; clk        ;
; N/A   ; None         ; 5.365 ns   ; data_out[2]~reg0 ; data_out[2] ; clk        ;
; N/A   ; None         ; 5.332 ns   ; data_out[3]~reg0 ; data_out[3] ; clk        ;
+-------+--------------+------------+------------------+-------------+------------+


+------------------------------------------------------------------------------------+
; th                                                                                 ;
+---------------+-------------+-----------+------------+------------------+----------+
; Minimum Slack ; Required th ; Actual th ; From       ; To               ; To Clock ;
+---------------+-------------+-----------+------------+------------------+----------+
; N/A           ; None        ; -2.038 ns ; rstN       ; stack_mem[5][3]  ; clk      ;
; N/A           ; None        ; -2.183 ns ; rstN       ; stack_mem[6][2]  ; clk      ;
; N/A           ; None        ; -2.215 ns ; data_in[2] ; stack_mem[6][2]  ; clk      ;
; N/A           ; None        ; -2.286 ns ; data_in[3] ; stack_mem[5][3]  ; clk      ;
; N/A           ; None        ; -2.394 ns ; rstN       ; stack_mem[5][1]  ; clk      ;
; N/A           ; None        ; -2.407 ns ; rstN       ; stack_mem[7][3]  ; clk      ;
; N/A           ; None        ; -2.542 ns ; data_in[1] ; stack_mem[5][1]  ; clk      ;
; N/A           ; None        ; -2.575 ns ; rstN       ; full~reg0        ; clk      ;
; N/A           ; None        ; -2.575 ns ; rstN       ; empty~reg0       ; clk      ;
; N/A           ; None        ; -2.655 ns ; data_in[3] ; stack_mem[7][3]  ; clk      ;
; N/A           ; None        ; -2.692 ns ; rstN       ; stack_mem[3][3]  ; clk      ;
; N/A           ; None        ; -2.742 ns ; rstN       ; sp[3]            ; clk      ;
; N/A           ; None        ; -2.752 ns ; rstN       ; sp[1]            ; clk      ;
; N/A           ; None        ; -2.820 ns ; rstN       ; stack_mem[4][2]  ; clk      ;
; N/A           ; None        ; -2.820 ns ; rstN       ; stack_mem[0][2]  ; clk      ;
; N/A           ; None        ; -2.852 ns ; data_in[2] ; stack_mem[4][2]  ; clk      ;
; N/A           ; None        ; -2.852 ns ; data_in[2] ; stack_mem[0][2]  ; clk      ;
; N/A           ; None        ; -2.884 ns ; rstN       ; sp[0]            ; clk      ;
; N/A           ; None        ; -2.890 ns ; rstN       ; sp[2]            ; clk      ;
; N/A           ; None        ; -2.890 ns ; rstN       ; sp[2]~DUPLICATE  ; clk      ;
; N/A           ; None        ; -2.913 ns ; rstN       ; stack_mem[2][0]  ; clk      ;
; N/A           ; None        ; -2.940 ns ; data_in[3] ; stack_mem[3][3]  ; clk      ;
; N/A           ; None        ; -2.993 ns ; rstN       ; stack_mem[4][3]  ; clk      ;
; N/A           ; None        ; -2.994 ns ; rstN       ; stack_mem[0][3]  ; clk      ;
; N/A           ; None        ; -3.000 ns ; rstN       ; stack_mem[6][3]  ; clk      ;
; N/A           ; None        ; -3.007 ns ; push       ; sp[2]            ; clk      ;
; N/A           ; None        ; -3.007 ns ; push       ; sp[2]~DUPLICATE  ; clk      ;
; N/A           ; None        ; -3.008 ns ; rstN       ; stack_mem[2][3]  ; clk      ;
; N/A           ; None        ; -3.010 ns ; push       ; sp[1]            ; clk      ;
; N/A           ; None        ; -3.012 ns ; rstN       ; stack_mem[1][3]  ; clk      ;
; N/A           ; None        ; -3.023 ns ; rstN       ; stack_mem[1][1]  ; clk      ;
; N/A           ; None        ; -3.044 ns ; rstN       ; stack_mem[3][2]  ; clk      ;
; N/A           ; None        ; -3.053 ns ; rstN       ; stack_mem[3][1]  ; clk      ;
; N/A           ; None        ; -3.074 ns ; rstN       ; data_out[3]~reg0 ; clk      ;
; N/A           ; None        ; -3.075 ns ; rstN       ; data_out[2]~reg0 ; clk      ;
; N/A           ; None        ; -3.076 ns ; data_in[2] ; stack_mem[3][2]  ; clk      ;
; N/A           ; None        ; -3.077 ns ; rstN       ; stack_mem[7][1]  ; clk      ;
; N/A           ; None        ; -3.113 ns ; rstN       ; data_out[1]~reg0 ; clk      ;
; N/A           ; None        ; -3.144 ns ; push       ; sp[0]            ; clk      ;
; N/A           ; None        ; -3.162 ns ; rstN       ; stack_mem[6][1]  ; clk      ;
; N/A           ; None        ; -3.171 ns ; data_in[1] ; stack_mem[1][1]  ; clk      ;
; N/A           ; None        ; -3.173 ns ; rstN       ; data_out[0]~reg0 ; clk      ;
; N/A           ; None        ; -3.201 ns ; data_in[1] ; stack_mem[3][1]  ; clk      ;
; N/A           ; None        ; -3.208 ns ; data_in[0] ; stack_mem[2][0]  ; clk      ;
; N/A           ; None        ; -3.216 ns ; rstN       ; stack_mem[2][1]  ; clk      ;
; N/A           ; None        ; -3.225 ns ; data_in[1] ; stack_mem[7][1]  ; clk      ;
; N/A           ; None        ; -3.241 ns ; data_in[3] ; stack_mem[4][3]  ; clk      ;
; N/A           ; None        ; -3.242 ns ; data_in[3] ; stack_mem[0][3]  ; clk      ;
; N/A           ; None        ; -3.248 ns ; data_in[3] ; stack_mem[6][3]  ; clk      ;
; N/A           ; None        ; -3.256 ns ; data_in[3] ; stack_mem[2][3]  ; clk      ;
; N/A           ; None        ; -3.260 ns ; data_in[3] ; stack_mem[1][3]  ; clk      ;
; N/A           ; None        ; -3.286 ns ; rstN       ; stack_mem[1][0]  ; clk      ;
; N/A           ; None        ; -3.301 ns ; rstN       ; stack_mem[5][2]  ; clk      ;
; N/A           ; None        ; -3.310 ns ; data_in[1] ; stack_mem[6][1]  ; clk      ;
; N/A           ; None        ; -3.333 ns ; data_in[2] ; stack_mem[5][2]  ; clk      ;
; N/A           ; None        ; -3.364 ns ; data_in[1] ; stack_mem[2][1]  ; clk      ;
; N/A           ; None        ; -3.465 ns ; rstN       ; stack_mem[0][1]  ; clk      ;
; N/A           ; None        ; -3.465 ns ; rstN       ; stack_mem[4][1]  ; clk      ;
; N/A           ; None        ; -3.552 ns ; rstN       ; stack_mem[1][2]  ; clk      ;
; N/A           ; None        ; -3.553 ns ; rstN       ; stack_mem[2][2]  ; clk      ;
; N/A           ; None        ; -3.555 ns ; rstN       ; stack_mem[7][2]  ; clk      ;
; N/A           ; None        ; -3.581 ns ; data_in[0] ; stack_mem[1][0]  ; clk      ;
; N/A           ; None        ; -3.584 ns ; data_in[2] ; stack_mem[1][2]  ; clk      ;
; N/A           ; None        ; -3.585 ns ; data_in[2] ; stack_mem[2][2]  ; clk      ;
; N/A           ; None        ; -3.587 ns ; data_in[2] ; stack_mem[7][2]  ; clk      ;
; N/A           ; None        ; -3.596 ns ; rstN       ; stack_mem[6][0]  ; clk      ;
; N/A           ; None        ; -3.613 ns ; data_in[1] ; stack_mem[0][1]  ; clk      ;
; N/A           ; None        ; -3.613 ns ; data_in[1] ; stack_mem[4][1]  ; clk      ;
; N/A           ; None        ; -3.626 ns ; push       ; empty~reg0       ; clk      ;
; N/A           ; None        ; -3.668 ns ; push       ; full~reg0        ; clk      ;
; N/A           ; None        ; -3.745 ns ; pop        ; sp[2]            ; clk      ;
; N/A           ; None        ; -3.745 ns ; pop        ; sp[2]~DUPLICATE  ; clk      ;
; N/A           ; None        ; -3.748 ns ; pop        ; sp[1]            ; clk      ;
; N/A           ; None        ; -3.786 ns ; rstN       ; stack_mem[5][0]  ; clk      ;
; N/A           ; None        ; -3.868 ns ; rstN       ; stack_mem[3][0]  ; clk      ;
; N/A           ; None        ; -3.882 ns ; pop        ; sp[0]            ; clk      ;
; N/A           ; None        ; -3.891 ns ; data_in[0] ; stack_mem[6][0]  ; clk      ;
; N/A           ; None        ; -3.900 ns ; push       ; sp[3]            ; clk      ;
; N/A           ; None        ; -3.942 ns ; rstN       ; stack_mem[7][0]  ; clk      ;
; N/A           ; None        ; -3.972 ns ; push       ; data_out[0]~reg0 ; clk      ;
; N/A           ; None        ; -3.972 ns ; push       ; data_out[1]~reg0 ; clk      ;
; N/A           ; None        ; -4.060 ns ; push       ; stack_mem[6][0]  ; clk      ;
; N/A           ; None        ; -4.060 ns ; push       ; stack_mem[6][1]  ; clk      ;
; N/A           ; None        ; -4.060 ns ; push       ; stack_mem[6][3]  ; clk      ;
; N/A           ; None        ; -4.126 ns ; push       ; data_out[2]~reg0 ; clk      ;
; N/A           ; None        ; -4.126 ns ; push       ; data_out[3]~reg0 ; clk      ;
; N/A           ; None        ; -4.147 ns ; push       ; stack_mem[5][0]  ; clk      ;
; N/A           ; None        ; -4.147 ns ; push       ; stack_mem[5][1]  ; clk      ;
; N/A           ; None        ; -4.147 ns ; push       ; stack_mem[5][2]  ; clk      ;
; N/A           ; None        ; -4.147 ns ; push       ; stack_mem[5][3]  ; clk      ;
; N/A           ; None        ; -4.163 ns ; data_in[0] ; stack_mem[3][0]  ; clk      ;
; N/A           ; None        ; -4.237 ns ; data_in[0] ; stack_mem[7][0]  ; clk      ;
; N/A           ; None        ; -4.273 ns ; push       ; stack_mem[1][0]  ; clk      ;
; N/A           ; None        ; -4.273 ns ; push       ; stack_mem[1][2]  ; clk      ;
; N/A           ; None        ; -4.273 ns ; push       ; stack_mem[1][3]  ; clk      ;
; N/A           ; None        ; -4.294 ns ; push       ; stack_mem[2][0]  ; clk      ;
; N/A           ; None        ; -4.294 ns ; push       ; stack_mem[2][1]  ; clk      ;
; N/A           ; None        ; -4.294 ns ; push       ; stack_mem[2][2]  ; clk      ;
; N/A           ; None        ; -4.294 ns ; push       ; stack_mem[2][3]  ; clk      ;
; N/A           ; None        ; -4.338 ns ; data_in[0] ; stack_mem[5][0]  ; clk      ;
; N/A           ; None        ; -4.344 ns ; push       ; stack_mem[1][1]  ; clk      ;
; N/A           ; None        ; -4.353 ns ; rstN       ; stack_mem[4][0]  ; clk      ;
; N/A           ; None        ; -4.364 ns ; pop        ; empty~reg0       ; clk      ;
; N/A           ; None        ; -4.373 ns ; push       ; stack_mem[3][0]  ; clk      ;
; N/A           ; None        ; -4.373 ns ; push       ; stack_mem[3][1]  ; clk      ;
; N/A           ; None        ; -4.373 ns ; push       ; stack_mem[3][2]  ; clk      ;
; N/A           ; None        ; -4.373 ns ; push       ; stack_mem[3][3]  ; clk      ;
; N/A           ; None        ; -4.397 ns ; rstN       ; stack_mem[0][0]  ; clk      ;
; N/A           ; None        ; -4.406 ns ; pop        ; full~reg0        ; clk      ;
; N/A           ; None        ; -4.494 ns ; push       ; stack_mem[7][0]  ; clk      ;
; N/A           ; None        ; -4.494 ns ; push       ; stack_mem[7][1]  ; clk      ;
; N/A           ; None        ; -4.494 ns ; push       ; stack_mem[7][2]  ; clk      ;
; N/A           ; None        ; -4.494 ns ; push       ; stack_mem[7][3]  ; clk      ;
; N/A           ; None        ; -4.548 ns ; push       ; stack_mem[4][0]  ; clk      ;
; N/A           ; None        ; -4.548 ns ; push       ; stack_mem[4][1]  ; clk      ;
; N/A           ; None        ; -4.548 ns ; push       ; stack_mem[4][2]  ; clk      ;
; N/A           ; None        ; -4.548 ns ; push       ; stack_mem[4][3]  ; clk      ;
; N/A           ; None        ; -4.556 ns ; push       ; stack_mem[6][2]  ; clk      ;
; N/A           ; None        ; -4.593 ns ; push       ; stack_mem[0][0]  ; clk      ;
; N/A           ; None        ; -4.593 ns ; push       ; stack_mem[0][1]  ; clk      ;
; N/A           ; None        ; -4.593 ns ; push       ; stack_mem[0][2]  ; clk      ;
; N/A           ; None        ; -4.593 ns ; push       ; stack_mem[0][3]  ; clk      ;
; N/A           ; None        ; -4.638 ns ; pop        ; sp[3]            ; clk      ;
; N/A           ; None        ; -4.710 ns ; pop        ; data_out[0]~reg0 ; clk      ;
; N/A           ; None        ; -4.710 ns ; pop        ; data_out[1]~reg0 ; clk      ;
; N/A           ; None        ; -4.798 ns ; pop        ; stack_mem[6][0]  ; clk      ;
; N/A           ; None        ; -4.798 ns ; pop        ; stack_mem[6][1]  ; clk      ;
; N/A           ; None        ; -4.798 ns ; pop        ; stack_mem[6][3]  ; clk      ;
; N/A           ; None        ; -4.864 ns ; pop        ; data_out[2]~reg0 ; clk      ;
; N/A           ; None        ; -4.864 ns ; pop        ; data_out[3]~reg0 ; clk      ;
; N/A           ; None        ; -4.885 ns ; pop        ; stack_mem[5][0]  ; clk      ;
; N/A           ; None        ; -4.885 ns ; pop        ; stack_mem[5][1]  ; clk      ;
; N/A           ; None        ; -4.885 ns ; pop        ; stack_mem[5][2]  ; clk      ;
; N/A           ; None        ; -4.885 ns ; pop        ; stack_mem[5][3]  ; clk      ;
; N/A           ; None        ; -4.905 ns ; data_in[0] ; stack_mem[0][0]  ; clk      ;
; N/A           ; None        ; -4.905 ns ; data_in[0] ; stack_mem[4][0]  ; clk      ;
; N/A           ; None        ; -5.011 ns ; pop        ; stack_mem[1][0]  ; clk      ;
; N/A           ; None        ; -5.011 ns ; pop        ; stack_mem[1][2]  ; clk      ;
; N/A           ; None        ; -5.011 ns ; pop        ; stack_mem[1][3]  ; clk      ;
; N/A           ; None        ; -5.032 ns ; pop        ; stack_mem[2][0]  ; clk      ;
; N/A           ; None        ; -5.032 ns ; pop        ; stack_mem[2][1]  ; clk      ;
; N/A           ; None        ; -5.032 ns ; pop        ; stack_mem[2][2]  ; clk      ;
; N/A           ; None        ; -5.032 ns ; pop        ; stack_mem[2][3]  ; clk      ;
; N/A           ; None        ; -5.082 ns ; pop        ; stack_mem[1][1]  ; clk      ;
; N/A           ; None        ; -5.111 ns ; pop        ; stack_mem[3][0]  ; clk      ;
; N/A           ; None        ; -5.111 ns ; pop        ; stack_mem[3][1]  ; clk      ;
; N/A           ; None        ; -5.111 ns ; pop        ; stack_mem[3][2]  ; clk      ;
; N/A           ; None        ; -5.111 ns ; pop        ; stack_mem[3][3]  ; clk      ;
; N/A           ; None        ; -5.232 ns ; pop        ; stack_mem[7][0]  ; clk      ;
; N/A           ; None        ; -5.232 ns ; pop        ; stack_mem[7][1]  ; clk      ;
; N/A           ; None        ; -5.232 ns ; pop        ; stack_mem[7][2]  ; clk      ;
; N/A           ; None        ; -5.232 ns ; pop        ; stack_mem[7][3]  ; clk      ;
; N/A           ; None        ; -5.286 ns ; pop        ; stack_mem[4][0]  ; clk      ;
; N/A           ; None        ; -5.286 ns ; pop        ; stack_mem[4][1]  ; clk      ;
; N/A           ; None        ; -5.286 ns ; pop        ; stack_mem[4][2]  ; clk      ;
; N/A           ; None        ; -5.286 ns ; pop        ; stack_mem[4][3]  ; clk      ;
; N/A           ; None        ; -5.294 ns ; pop        ; stack_mem[6][2]  ; clk      ;
; N/A           ; None        ; -5.331 ns ; pop        ; stack_mem[0][0]  ; clk      ;
; N/A           ; None        ; -5.331 ns ; pop        ; stack_mem[0][1]  ; clk      ;
; N/A           ; None        ; -5.331 ns ; pop        ; stack_mem[0][2]  ; clk      ;
; N/A           ; None        ; -5.331 ns ; pop        ; stack_mem[0][3]  ; clk      ;
+---------------+-------------+-----------+------------+------------------+----------+


+--------------------------+
; Timing Analyzer Messages ;
+--------------------------+
Info: *******************************************************************
Info: Running Quartus II Classic Timing Analyzer
    Info: Version 9.0 Build 132 02/25/2009 SJ Web Edition
    Info: Processing started: Wed Apr 26 13:50:35 2023
Info: Command: quartus_tan --read_settings_files=off --write_settings_files=off AAZ -c AAZ --timing_analysis_only
Warning: Found pins functioning as undefined clocks and/or memory enables
    Info: Assuming node "clk" is an undefined clock
Info: Clock "clk" has Internal fmax of 365.9 MHz between source register "sp[2]~DUPLICATE" and destination register "stack_mem[0][0]" (period= 2.733 ns)
    Info: + Longest register to register delay is 2.532 ns
        Info: 1: + IC(0.000 ns) + CELL(0.000 ns) = 0.000 ns; Loc. = LCFF_X38_Y13_N31; Fanout = 7; REG Node = 'sp[2]~DUPLICATE'
        Info: 2: + IC(0.386 ns) + CELL(0.366 ns) = 0.752 ns; Loc. = LCCOMB_X37_Y13_N0; Fanout = 4; COMB Node = 'stack_mem[0][0]~100'
        Info: 3: + IC(1.034 ns) + CELL(0.746 ns) = 2.532 ns; Loc. = LCFF_X39_Y7_N19; Fanout = 1; REG Node = 'stack_mem[0][0]'
        Info: Total cell delay = 1.112 ns ( 43.92 % )
        Info: Total interconnect delay = 1.420 ns ( 56.08 % )
    Info: - Smallest clock skew is -0.017 ns
        Info: + Shortest clock path from clock "clk" to destination register is 2.480 ns
            Info: 1: + IC(0.000 ns) + CELL(0.854 ns) = 0.854 ns; Loc. = PIN_N20; Fanout = 1; CLK Node = 'clk'
            Info: 2: + IC(0.343 ns) + CELL(0.000 ns) = 1.197 ns; Loc. = CLKCTRL_G3; Fanout = 43; COMB Node = 'clk~clkctrl'
            Info: 3: + IC(0.665 ns) + CELL(0.618 ns) = 2.480 ns; Loc. = LCFF_X39_Y7_N19; Fanout = 1; REG Node = 'stack_mem[0][0]'
            Info: Total cell delay = 1.472 ns ( 59.35 % )
            Info: Total interconnect delay = 1.008 ns ( 40.65 % )
        Info: - Longest clock path from clock "clk" to source register is 2.497 ns
            Info: 1: + IC(0.000 ns) + CELL(0.854 ns) = 0.854 ns; Loc. = PIN_N20; Fanout = 1; CLK Node = 'clk'
            Info: 2: + IC(0.343 ns) + CELL(0.000 ns) = 1.197 ns; Loc. = CLKCTRL_G3; Fanout = 43; COMB Node = 'clk~clkctrl'
            Info: 3: + IC(0.682 ns) + CELL(0.618 ns) = 2.497 ns; Loc. = LCFF_X38_Y13_N31; Fanout = 7; REG Node = 'sp[2]~DUPLICATE'
            Info: Total cell delay = 1.472 ns ( 58.95 % )
            Info: Total interconnect delay = 1.025 ns ( 41.05 % )
    Info: + Micro clock to output delay of source is 0.094 ns
    Info: + Micro setup delay of destination is 0.090 ns
Info: tsu for register "stack_mem[0][0]" (data pin = "pop", clock pin = "clk") is 5.570 ns
    Info: + Longest pin to register delay is 7.960 ns
        Info: 1: + IC(0.000 ns) + CELL(0.790 ns) = 0.790 ns; Loc. = PIN_P16; Fanout = 2; PIN Node = 'pop'
        Info: 2: + IC(4.839 ns) + CELL(0.228 ns) = 5.857 ns; Loc. = LCCOMB_X37_Y13_N30; Fanout = 14; COMB Node = 'always0~4'
        Info: 3: + IC(0.270 ns) + CELL(0.053 ns) = 6.180 ns; Loc. = LCCOMB_X37_Y13_N0; Fanout = 4; COMB Node = 'stack_mem[0][0]~100'
        Info: 4: + IC(1.034 ns) + CELL(0.746 ns) = 7.960 ns; Loc. = LCFF_X39_Y7_N19; Fanout = 1; REG Node = 'stack_mem[0][0]'
        Info: Total cell delay = 1.817 ns ( 22.83 % )
        Info: Total interconnect delay = 6.143 ns ( 77.17 % )
    Info: + Micro setup delay of destination is 0.090 ns
    Info: - Shortest clock path from clock "clk" to destination register is 2.480 ns
        Info: 1: + IC(0.000 ns) + CELL(0.854 ns) = 0.854 ns; Loc. = PIN_N20; Fanout = 1; CLK Node = 'clk'
        Info: 2: + IC(0.343 ns) + CELL(0.000 ns) = 1.197 ns; Loc. = CLKCTRL_G3; Fanout = 43; COMB Node = 'clk~clkctrl'
        Info: 3: + IC(0.665 ns) + CELL(0.618 ns) = 2.480 ns; Loc. = LCFF_X39_Y7_N19; Fanout = 1; REG Node = 'stack_mem[0][0]'
        Info: Total cell delay = 1.472 ns ( 59.35 % )
        Info: Total interconnect delay = 1.008 ns ( 40.65 % )
Info: tco from clock "clk" to destination pin "data_out[0]" through register "data_out[0]~reg0" is 6.904 ns
    Info: + Longest clock path from clock "clk" to source register is 2.497 ns
        Info: 1: + IC(0.000 ns) + CELL(0.854 ns) = 0.854 ns; Loc. = PIN_N20; Fanout = 1; CLK Node = 'clk'
        Info: 2: + IC(0.343 ns) + CELL(0.000 ns) = 1.197 ns; Loc. = CLKCTRL_G3; Fanout = 43; COMB Node = 'clk~clkctrl'
        Info: 3: + IC(0.682 ns) + CELL(0.618 ns) = 2.497 ns; Loc. = LCFF_X38_Y13_N17; Fanout = 1; REG Node = 'data_out[0]~reg0'
        Info: Total cell delay = 1.472 ns ( 58.95 % )
        Info: Total interconnect delay = 1.025 ns ( 41.05 % )
    Info: + Micro clock to output delay of source is 0.094 ns
    Info: + Longest register to pin delay is 4.313 ns
        Info: 1: + IC(0.000 ns) + CELL(0.000 ns) = 0.000 ns; Loc. = LCFF_X38_Y13_N17; Fanout = 1; REG Node = 'data_out[0]~reg0'
        Info: 2: + IC(2.315 ns) + CELL(1.998 ns) = 4.313 ns; Loc. = PIN_C12; Fanout = 0; PIN Node = 'data_out[0]'
        Info: Total cell delay = 1.998 ns ( 46.33 % )
        Info: Total interconnect delay = 2.315 ns ( 53.67 % )
Info: th for register "stack_mem[5][3]" (data pin = "rstN", clock pin = "clk") is -2.038 ns
    Info: + Longest clock path from clock "clk" to destination register is 2.492 ns
        Info: 1: + IC(0.000 ns) + CELL(0.854 ns) = 0.854 ns; Loc. = PIN_N20; Fanout = 1; CLK Node = 'clk'
        Info: 2: + IC(0.343 ns) + CELL(0.000 ns) = 1.197 ns; Loc. = CLKCTRL_G3; Fanout = 43; COMB Node = 'clk~clkctrl'
        Info: 3: + IC(0.677 ns) + CELL(0.618 ns) = 2.492 ns; Loc. = LCFF_X38_Y10_N29; Fanout = 1; REG Node = 'stack_mem[5][3]'
        Info: Total cell delay = 1.472 ns ( 59.07 % )
        Info: Total interconnect delay = 1.020 ns ( 40.93 % )
    Info: + Micro hold delay of destination is 0.149 ns
    Info: - Shortest pin to register delay is 4.679 ns
        Info: 1: + IC(0.000 ns) + CELL(0.854 ns) = 0.854 ns; Loc. = PIN_N4; Fanout = 23; PIN Node = 'rstN'
        Info: 2: + IC(3.617 ns) + CELL(0.053 ns) = 4.524 ns; Loc. = LCCOMB_X38_Y10_N28; Fanout = 8; COMB Node = 'stack_mem~99'
        Info: 3: + IC(0.000 ns) + CELL(0.155 ns) = 4.679 ns; Loc. = LCFF_X38_Y10_N29; Fanout = 1; REG Node = 'stack_mem[5][3]'
        Info: Total cell delay = 1.062 ns ( 22.70 % )
        Info: Total interconnect delay = 3.617 ns ( 77.30 % )
Info: Quartus II Classic Timing Analyzer was successful. 0 errors, 1 warning
    Info: Peak virtual memory: 193 megabytes
    Info: Processing ended: Wed Apr 26 13:50:35 2023
    Info: Elapsed time: 00:00:00
    Info: Total CPU time (on all processors): 00:00:00


