Flow report for AZ1
Wed Mar 01 14:48:04 2023
Quartus II Version 9.0 Build 132 02/25/2009 SJ Web Edition


---------------------
; Table of Contents ;
---------------------
  1. Legal Notice
  2. Flow Summary
  3. Flow Settings
  4. Flow Non-Default Global Settings
  5. Flow Elapsed Time
  6. Flow OS Summary
  7. Flow Log



----------------
; Legal Notice ;
----------------
Copyright (C) 1991-2009 Altera Corporation
Your use of Altera Corporation's design tools, logic functions 
and other software and tools, and its AMPP partner logic 
functions, and any output files from any of the foregoing 
(including device programming or simulation files), and any 
associated documentation or information are expressly subject 
to the terms and conditions of the Altera Program License 
Subscription Agreement, Altera MegaCore Function License 
Agreement, or other applicable license agreement, including, 
without limitation, that your use is for the sole purpose of 
programming logic devices manufactured by Altera and sold by 
Altera or its authorized distributors.  Please refer to the 
applicable agreement for further details.



+------------------------------------------------------------------------------+
; Flow Summary                                                                 ;
+------------------------------------+-----------------------------------------+
; Flow Status                        ; Successful - Wed Mar 01 14:48:04 2023   ;
; Quartus II Version                 ; 9.0 Build 132 02/25/2009 SJ Web Edition ;
; Revision Name                      ; AZ1                                     ;
; Top-level Entity Name              ; FA                                      ;
; Family                             ; Cyclone II                              ;
; Device                             ; EP2C35F672C6                            ;
; Timing Models                      ; Final                                   ;
; Met timing requirements            ; Yes                                     ;
; Total logic elements               ; 2 / 33,216 ( < 1 % )                    ;
;     Total combinational functions  ; 2 / 33,216 ( < 1 % )                    ;
;     Dedicated logic registers      ; 0 / 33,216 ( 0 % )                      ;
; Total registers                    ; 0                                       ;
; Total pins                         ; 5 / 475 ( 1 % )                         ;
; Total virtual pins                 ; 0                                       ;
; Total memory bits                  ; 0 / 483,840 ( 0 % )                     ;
; Embedded Multiplier 9-bit elements ; 0 / 70 ( 0 % )                          ;
; Total PLLs                         ; 0 / 4 ( 0 % )                           ;
+------------------------------------+-----------------------------------------+


+-----------------------------------------+
; Flow Settings                           ;
+-------------------+---------------------+
; Option            ; Setting             ;
+-------------------+---------------------+
; Start date & time ; 03/01/2023 14:47:39 ;
; Main task         ; Compilation         ;
; Revision Name     ; AZ1                 ;
+-------------------+---------------------+


+-------------------------------------------------------------------------------------------------------------------------------+
; Flow Non-Default Global Settings                                                                                              ;
+------------------------------------+-------------------------------------------+---------------+-------------+----------------+
; Assignment Name                    ; Value                                     ; Default Value ; Entity Name ; Section Id     ;
+------------------------------------+-------------------------------------------+---------------+-------------+----------------+
; COMPILER_SIGNATURE_ID              ; 158527616185145.167766945907752           ; --            ; --          ; --             ;
; EDA_OUTPUT_DATA_FORMAT             ; Verilog Hdl                               ; --            ; --          ; eda_simulation ;
; EDA_RUN_TOOL_AUTOMATICALLY         ; Off                                       ; --            ; --          ; eda_simulation ;
; EDA_SIMULATION_TOOL                ; ModelSim-Altera (Verilog)                 ; <None>        ; --          ; --             ;
; EDA_TIME_SCALE                     ; 1 ps                                      ; --            ; --          ; eda_simulation ;
; MAX_CORE_JUNCTION_TEMP             ; 85                                        ; --            ; --          ; --             ;
; MIN_CORE_JUNCTION_TEMP             ; 0                                         ; --            ; --          ; --             ;
; MISC_FILE                          ; C:/Users/user/Desktop/DSD LAB/AZ1/AZ1.dpf ; --            ; --          ; --             ;
; PARTITION_COLOR                    ; 16764057                                  ; --            ; FA          ; Top            ;
; PARTITION_NETLIST_TYPE             ; SOURCE                                    ; --            ; FA          ; Top            ;
; TOP_LEVEL_ENTITY                   ; FA                                        ; AZ1           ; --          ; --             ;
; USE_GENERATED_PHYSICAL_CONSTRAINTS ; Off                                       ; --            ; --          ; eda_blast_fpga ;
+------------------------------------+-------------------------------------------+---------------+-------------+----------------+


+-----------------------------------------------------------------------------------------------------------------------------+
; Flow Elapsed Time                                                                                                           ;
+-------------------------+--------------+-------------------------+---------------------+------------------------------------+
; Module Name             ; Elapsed Time ; Average Processors Used ; Peak Virtual Memory ; Total CPU Time (on all processors) ;
+-------------------------+--------------+-------------------------+---------------------+------------------------------------+
; Analysis & Synthesis    ; 00:00:02     ; 1.0                     ; 226 MB              ; 00:00:02                           ;
; Fitter                  ; 00:00:10     ; 1.0                     ; 310 MB              ; 00:00:10                           ;
; Assembler               ; 00:00:07     ; 1.0                     ; 271 MB              ; 00:00:07                           ;
; Classic Timing Analyzer ; 00:00:01     ; 1.0                     ; 179 MB              ; 00:00:00                           ;
; EDA Netlist Writer      ; 00:00:01     ; 1.0                     ; 167 MB              ; 00:00:01                           ;
; Total                   ; 00:00:21     ; --                      ; --                  ; 00:00:20                           ;
+-------------------------+--------------+-------------------------+---------------------+------------------------------------+


+------------------------------------------------------------------------------------------+
; Flow OS Summary                                                                          ;
+-------------------------+------------------+---------------+------------+----------------+
; Module Name             ; Machine Hostname ; OS Name       ; OS Version ; Processor type ;
+-------------------------+------------------+---------------+------------+----------------+
; Analysis & Synthesis    ; LAPTOP-TJ6LV58T  ; Windows Vista ; 6.2        ; x86_64         ;
; Fitter                  ; LAPTOP-TJ6LV58T  ; Windows Vista ; 6.2        ; x86_64         ;
; Assembler               ; LAPTOP-TJ6LV58T  ; Windows Vista ; 6.2        ; x86_64         ;
; Classic Timing Analyzer ; LAPTOP-TJ6LV58T  ; Windows Vista ; 6.2        ; x86_64         ;
; EDA Netlist Writer      ; LAPTOP-TJ6LV58T  ; Windows Vista ; 6.2        ; x86_64         ;
+-------------------------+------------------+---------------+------------+----------------+


------------
; Flow Log ;
------------
quartus_map --read_settings_files=on --write_settings_files=off AZ1 -c AZ1
quartus_fit --read_settings_files=off --write_settings_files=off AZ1 -c AZ1
quartus_asm --read_settings_files=off --write_settings_files=off AZ1 -c AZ1
quartus_tan --read_settings_files=off --write_settings_files=off AZ1 -c AZ1 --timing_analysis_only
quartus_eda --read_settings_files=off --write_settings_files=off AZ1 -c AZ1



